        -:    0:Source:/home/runner/work/kage-sync/kage-sync/kage-sync/tests/server_transport.test.cpp
        -:    0:Graph:/home/runner/work/kage-sync/kage-sync/kage-sync/build-coverage/tests/CMakeFiles/kage_sync_tests.dir/server_transport.test.cpp.gcno
        -:    0:Data:/home/runner/work/kage-sync/kage-sync/kage-sync/build-coverage/tests/CMakeFiles/kage_sync_tests.dir/server_transport.test.cpp.gcda
        -:    0:Runs:310
        -:    1:#include "test_protocol.hpp"
        -:    2:
        -:    3:#include "kage/sync/simulated_link.hpp"
        -:    4:
        -:    5:#include <catch2/catch_test_macros.hpp>
        -:    6:
        -:    7:#include <algorithm>
        -:    8:#include <array>
        -:    9:#include <cstddef>
        -:   10:#include <cstdint>
        -:   11:#include <limits>
        -:   12:#include <stdexcept>
        -:   13:#include <string>
        -:   14:#include <utility>
        -:   15:#include <vector>
        -:   16:
        -:   17:using namespace kage_sync_tests;
        -:   18:
function _Z35define_networked_position_archetypeRN3ecs8RegistryE called 12 returned 100% blocks executed 52%
       12:   19:kage::sync::SyncArchetypeId define_networked_position_archetype(ecs::Registry& registry) {
        -:   20:    const ecs::Entity position_component =
       12:   21:        kage::sync::register_sync_component<NetworkedPosition>(registry, "NetworkedPosition");
call    0 returned 12
branch  1 taken 12 (fallthrough)
branch  2 taken 0 (throw)
call    3 returned 12
branch  4 taken 12 (fallthrough)
branch  5 taken 0 (throw)
call    6 returned 12
call    7 never executed
       72:   22:    return kage::sync::define_archetype(
call    0 returned 12
branch  1 taken 12 (fallthrough)
branch  2 taken 0 (throw)
call    3 returned 12
branch  4 taken 12 (fallthrough)
branch  5 taken 0 (throw)
call    6 returned 12
branch  7 taken 12 (fallthrough)
branch  8 taken 0 (throw)
call    9 returned 12
call   10 returned 12
call   11 never executed
call   12 never executed
        -:   23:        registry,
        -:   24:        "NetworkedPositionActor",
       24:   25:        {{position_component, kage::sync::ReplicationAudience::All}});
        -:   26:}
        -:   27:
function _Z15run_server_tickRN4kage4sync17ReplicationServerERN3ecs8RegistryE called 6 returned 100% blocks executed 56%
        6:   28:void run_server_tick(kage::sync::ReplicationServer& server, ecs::Registry& registry) {
        6:   29:    REQUIRE(server.tick(registry, server.options().fixed_dt_seconds));
call    0 returned 6
call    1 returned 6
call    2 returned 6
call    3 returned 6
branch  4 taken 6 (fallthrough)
branch  5 taken 0 (throw)
call    6 returned 6
call    7 returned 6
branch  8 taken 6 (fallthrough)
branch  9 taken 0 (throw)
call   10 returned 6
branch 11 taken 6 (fallthrough)
branch 12 taken 0 (throw)
call   13 returned 6
branch 14 taken 6 (fallthrough)
branch 15 taken 0 (throw)
call   16 returned 6
branch 17 taken 6 (fallthrough)
branch 18 taken 0 (throw)
call   19 returned 6
call   20 never executed
call   21 never executed
branch 22 never executed (fallthrough)
branch 23 never executed (throw)
call   24 never executed
branch 25 never executed (fallthrough)
branch 26 never executed (throw)
call   27 never executed
call   28 never executed
        6:   30:}
        -:   31:
function _ZL22CATCH2_INTERNAL_TEST_0v called 1 returned 100% blocks executed 49%
        1:   32:TEST_CASE("replication server rejects malformed ACK packets") {
        1:   33:    ecs::Registry registry;
call    0 returned 1
branch  1 taken 1 (fallthrough)
branch  2 taken 0 (throw)
        1:   34:    kage::sync::configure_server(registry);
call    0 returned 1
branch  1 taken 1 (fallthrough)
branch  2 taken 0 (throw)
        -:   35:
        1:   36:    kage::sync::ReplicationServer server;
call    0 returned 1
call    1 never executed
        1:   37:    REQUIRE(server.add_client(1));
call    0 returned 1
call    1 returned 1
call    2 returned 1
call    3 returned 1
branch  4 taken 1 (fallthrough)
branch  5 taken 0 (throw)
call    6 returned 1
branch  7 taken 1 (fallthrough)
branch  8 taken 0 (throw)
call    9 returned 1
branch 10 taken 1 (fallthrough)
branch 11 taken 0 (throw)
call   12 returned 1
branch 13 taken 1 (fallthrough)
branch 14 taken 0 (throw)
call   15 returned 1
branch 16 taken 1 (fallthrough)
branch 17 taken 0 (throw)
call   18 returned 1
call   19 never executed
call   20 never executed
branch 21 never executed (fallthrough)
branch 22 never executed (throw)
call   23 never executed
branch 24 never executed (fallthrough)
branch 25 never executed (throw)
call   26 never executed
call   27 never executed
        -:   38:
        1:   39:    ecs::BitBuffer empty;
call    0 returned 1
        1:   40:    REQUIRE_FALSE(server.process_packet(registry, 1, empty));
call    0 returned 1
branch  1 taken 1 (fallthrough)
branch  2 taken 0 (throw)
call    3 returned 1
call    4 returned 1
call    5 returned 1
call    6 returned 1
branch  7 taken 1 (fallthrough)
branch  8 taken 0 (throw)
call    9 returned 1
branch 10 taken 1 (fallthrough)
branch 11 taken 0 (throw)
call   12 returned 1
branch 13 taken 1 (fallthrough)
branch 14 taken 0 (throw)
call   15 returned 1
branch 16 taken 1 (fallthrough)
branch 17 taken 0 (throw)
call   18 returned 1
branch 19 taken 1 (fallthrough)
branch 20 taken 0 (throw)
call   21 returned 1
call   22 returned 1
branch 23 taken 1 (fallthrough)
branch 24 taken 0 (throw)
call   25 returned 1
call   26 never executed
call   27 never executed
call   28 never executed
branch 29 never executed (fallthrough)
branch 30 never executed (throw)
call   31 never executed
branch 32 never executed (fallthrough)
branch 33 never executed (throw)
call   34 never executed
call   35 never executed
        -:   41:
        1:   42:    ecs::BitBuffer wrong_message;
call    0 returned 1
        1:   43:    wrong_message.push_bits(kage::sync::protocol::server_update_message, 8U);
call    0 returned 1
branch  1 taken 1 (fallthrough)
branch  2 taken 0 (throw)
        1:   44:    wrong_message.push_bits(0, 16U);
call    0 returned 1
branch  1 taken 1 (fallthrough)
branch  2 taken 0 (throw)
        1:   45:    REQUIRE_FALSE(server.process_packet(registry, 1, wrong_message));
call    0 returned 1
branch  1 taken 1 (fallthrough)
branch  2 taken 0 (throw)
call    3 returned 1
call    4 returned 1
call    5 returned 1
call    6 returned 1
branch  7 taken 1 (fallthrough)
branch  8 taken 0 (throw)
call    9 returned 1
branch 10 taken 1 (fallthrough)
branch 11 taken 0 (throw)
call   12 returned 1
branch 13 taken 1 (fallthrough)
branch 14 taken 0 (throw)
call   15 returned 1
branch 16 taken 1 (fallthrough)
branch 17 taken 0 (throw)
call   18 returned 1
branch 19 taken 1 (fallthrough)
branch 20 taken 0 (throw)
call   21 returned 1
call   22 returned 1
branch 23 taken 1 (fallthrough)
branch 24 taken 0 (throw)
call   25 returned 1
call   26 never executed
call   27 never executed
call   28 never executed
branch 29 never executed (fallthrough)
branch 30 never executed (throw)
call   31 never executed
branch 32 never executed (fallthrough)
branch 33 never executed (throw)
call   34 never executed
call   35 never executed
        -:   46:
        1:   47:    ecs::BitBuffer truncated_record;
call    0 returned 1
        1:   48:    truncated_record.push_bits(kage::sync::protocol::client_ack_message, 8U);
call    0 returned 1
branch  1 taken 1 (fallthrough)
branch  2 taken 0 (throw)
        1:   49:    truncated_record.push_bits(1, 16U);
call    0 returned 1
branch  1 taken 1 (fallthrough)
branch  2 taken 0 (throw)
        1:   50:    truncated_record.push_bool(false);
call    0 returned 1
branch  1 taken 1 (fallthrough)
branch  2 taken 0 (throw)
        1:   51:    REQUIRE_FALSE(server.process_packet(registry, 1, truncated_record));
call    0 returned 1
branch  1 taken 1 (fallthrough)
branch  2 taken 0 (throw)
call    3 returned 1
call    4 returned 1
call    5 returned 1
call    6 returned 1
branch  7 taken 1 (fallthrough)
branch  8 taken 0 (throw)
call    9 returned 1
branch 10 taken 1 (fallthrough)
branch 11 taken 0 (throw)
call   12 returned 1
branch 13 taken 1 (fallthrough)
branch 14 taken 0 (throw)
call   15 returned 1
branch 16 taken 1 (fallthrough)
branch 17 taken 0 (throw)
call   18 returned 1
branch 19 taken 1 (fallthrough)
branch 20 taken 0 (throw)
call   21 returned 1
call   22 returned 1
branch 23 taken 1 (fallthrough)
branch 24 taken 0 (throw)
call   25 returned 1
call   26 never executed
call   27 never executed
call   28 never executed
branch 29 never executed (fallthrough)
branch 30 never executed (throw)
call   31 never executed
branch 32 never executed (fallthrough)
branch 33 never executed (throw)
call   34 never executed
call   35 never executed
        -:   52:
        1:   53:    REQUIRE_FALSE(server.process_packet(registry, 99, write_ack_packet(42)));
call    0 returned 1
branch  1 taken 1 (fallthrough)
branch  2 taken 0 (throw)
call    3 returned 1
call    4 returned 1
call    5 returned 1
call    6 returned 1
branch  7 taken 1 (fallthrough)
branch  8 taken 0 (throw)
call    9 returned 1
branch 10 taken 1 (fallthrough)
branch 11 taken 0 (throw)
call   12 returned 1
branch 13 taken 1 (fallthrough)
branch 14 taken 0 (throw)
call   15 returned 1
branch 16 taken 1 (fallthrough)
branch 17 taken 0 (throw)
call   18 returned 1
branch 19 taken 1 (fallthrough)
branch 20 taken 0 (throw)
call   21 returned 1
call   22 returned 1
branch 23 taken 1 (fallthrough)
branch 24 taken 0 (throw)
call   25 returned 1
call   26 never executed
call   27 never executed
call   28 never executed
branch 29 never executed (fallthrough)
branch 30 never executed (throw)
call   31 never executed
branch 32 never executed (fallthrough)
branch 33 never executed (throw)
call   34 never executed
call   35 never executed
        1:   54:    REQUIRE_FALSE(server.process_packet(registry, 1, write_ack_packet(42)));
call    0 returned 1
branch  1 taken 1 (fallthrough)
branch  2 taken 0 (throw)
call    3 returned 1
call    4 returned 1
call    5 returned 1
call    6 returned 1
branch  7 taken 1 (fallthrough)
branch  8 taken 0 (throw)
call    9 returned 1
branch 10 taken 1 (fallthrough)
branch 11 taken 0 (throw)
call   12 returned 1
branch 13 taken 1 (fallthrough)
branch 14 taken 0 (throw)
call   15 returned 1
branch 16 taken 1 (fallthrough)
branch 17 taken 0 (throw)
call   18 returned 1
branch 19 taken 1 (fallthrough)
branch 20 taken 0 (throw)
call   21 returned 1
call   22 returned 1
branch 23 taken 1 (fallthrough)
branch 24 taken 0 (throw)
call   25 returned 1
call   26 never executed
call   27 never executed
call   28 never executed
branch 29 never executed (fallthrough)
branch 30 never executed (throw)
call   31 never executed
branch 32 never executed (fallthrough)
branch 33 never executed (throw)
call   34 never executed
call   35 never executed
        2:   55:}
call    0 returned 1
call    1 returned 1
call    2 returned 1
call    3 returned 1
branch  4 taken 1 (fallthrough)
branch  5 taken 0 (throw)
call    6 returned 1
call    7 returned 1
call    8 returned 1
call    9 returned 1
call   10 returned 1
branch 11 never executed (fallthrough)
branch 12 never executed
call   13 never executed
branch 14 never executed (fallthrough)
branch 15 never executed
call   16 never executed
branch 17 never executed (fallthrough)
branch 18 never executed
call   19 never executed
call   20 never executed
call   21 never executed
call   22 never executed
call   23 never executed
call   24 never executed
        -:   56:
function _ZL22CATCH2_INTERNAL_TEST_2v called 1 returned 100% blocks executed 49%
        1:   57:TEST_CASE("replication server rejects malformed connect ack and input packets") {
        1:   58:    ecs::Registry registry;
call    0 returned 1
branch  1 taken 1 (fallthrough)
branch  2 taken 0 (throw)
        1:   59:    kage::sync::configure_server(registry);
call    0 returned 1
branch  1 taken 1 (fallthrough)
branch  2 taken 0 (throw)
        -:   60:
        1:   61:    kage::sync::ReplicationServer server;
call    0 returned 1
call    1 never executed
        -:   62:
        1:   63:    ecs::BitBuffer malformed_connect;
call    0 returned 1
        1:   64:    malformed_connect.push_bits(kage::sync::protocol::client_connect_request_message, 8U);
call    0 returned 1
branch  1 taken 1 (fallthrough)
branch  2 taken 0 (throw)
        1:   65:    REQUIRE_FALSE(server.process_packet(registry, 10, malformed_connect));
call    0 returned 1
branch  1 taken 1 (fallthrough)
branch  2 taken 0 (throw)
call    3 returned 1
call    4 returned 1
call    5 returned 1
call    6 returned 1
branch  7 taken 1 (fallthrough)
branch  8 taken 0 (throw)
call    9 returned 1
branch 10 taken 1 (fallthrough)
branch 11 taken 0 (throw)
call   12 returned 1
branch 13 taken 1 (fallthrough)
branch 14 taken 0 (throw)
call   15 returned 1
branch 16 taken 1 (fallthrough)
branch 17 taken 0 (throw)
call   18 returned 1
branch 19 taken 1 (fallthrough)
branch 20 taken 0 (throw)
call   21 returned 1
call   22 returned 1
branch 23 taken 1 (fallthrough)
branch 24 taken 0 (throw)
call   25 returned 1
call   26 never executed
call   27 never executed
call   28 never executed
branch 29 never executed (fallthrough)
branch 30 never executed (throw)
call   31 never executed
branch 32 never executed (fallthrough)
branch 33 never executed (throw)
call   34 never executed
call   35 never executed
        -:   66:
        1:   67:    REQUIRE(server.add_client(1));
call    0 returned 1
call    1 returned 1
call    2 returned 1
call    3 returned 1
branch  4 taken 1 (fallthrough)
branch  5 taken 0 (throw)
call    6 returned 1
branch  7 taken 1 (fallthrough)
branch  8 taken 0 (throw)
call    9 returned 1
branch 10 taken 1 (fallthrough)
branch 11 taken 0 (throw)
call   12 returned 1
branch 13 taken 1 (fallthrough)
branch 14 taken 0 (throw)
call   15 returned 1
branch 16 taken 1 (fallthrough)
branch 17 taken 0 (throw)
call   18 returned 1
call   19 never executed
call   20 never executed
branch 21 never executed (fallthrough)
branch 22 never executed (throw)
call   23 never executed
branch 24 never executed (fallthrough)
branch 25 never executed (throw)
call   26 never executed
call   27 never executed
        -:   68:
        1:   69:    ecs::BitBuffer truncated_connect_ack;
call    0 returned 1
        1:   70:    truncated_connect_ack.push_bits(kage::sync::protocol::client_connect_ack_message, 8U);
call    0 returned 1
branch  1 taken 1 (fallthrough)
branch  2 taken 0 (throw)
        1:   71:    truncated_connect_ack.push_bits(1, 8U);
call    0 returned 1
branch  1 taken 1 (fallthrough)
branch  2 taken 0 (throw)
        1:   72:    REQUIRE_FALSE(server.process_packet(registry, 1, truncated_connect_ack));
call    0 returned 1
branch  1 taken 1 (fallthrough)
branch  2 taken 0 (throw)
call    3 returned 1
call    4 returned 1
call    5 returned 1
call    6 returned 1
branch  7 taken 1 (fallthrough)
branch  8 taken 0 (throw)
call    9 returned 1
branch 10 taken 1 (fallthrough)
branch 11 taken 0 (throw)
call   12 returned 1
branch 13 taken 1 (fallthrough)
branch 14 taken 0 (throw)
call   15 returned 1
branch 16 taken 1 (fallthrough)
branch 17 taken 0 (throw)
call   18 returned 1
branch 19 taken 1 (fallthrough)
branch 20 taken 0 (throw)
call   21 returned 1
call   22 returned 1
branch 23 taken 1 (fallthrough)
branch 24 taken 0 (throw)
call   25 returned 1
call   26 never executed
call   27 never executed
call   28 never executed
branch 29 never executed (fallthrough)
branch 30 never executed (throw)
call   31 never executed
branch 32 never executed (fallthrough)
branch 33 never executed (throw)
call   34 never executed
call   35 never executed
        -:   73:
        1:   74:    ecs::BitBuffer wrong_connect_ack;
call    0 returned 1
        1:   75:    wrong_connect_ack.push_bits(kage::sync::protocol::client_connect_ack_message, 8U);
call    0 returned 1
branch  1 taken 1 (fallthrough)
branch  2 taken 0 (throw)
        1:   76:    wrong_connect_ack.push_unsigned_bits(2, 64U);
call    0 returned 1
branch  1 taken 1 (fallthrough)
branch  2 taken 0 (throw)
        1:   77:    REQUIRE_FALSE(server.process_packet(registry, 1, wrong_connect_ack));
call    0 returned 1
branch  1 taken 1 (fallthrough)
branch  2 taken 0 (throw)
call    3 returned 1
call    4 returned 1
call    5 returned 1
call    6 returned 1
branch  7 taken 1 (fallthrough)
branch  8 taken 0 (throw)
call    9 returned 1
branch 10 taken 1 (fallthrough)
branch 11 taken 0 (throw)
call   12 returned 1
branch 13 taken 1 (fallthrough)
branch 14 taken 0 (throw)
call   15 returned 1
branch 16 taken 1 (fallthrough)
branch 17 taken 0 (throw)
call   18 returned 1
branch 19 taken 1 (fallthrough)
branch 20 taken 0 (throw)
call   21 returned 1
call   22 returned 1
branch 23 taken 1 (fallthrough)
branch 24 taken 0 (throw)
call   25 returned 1
call   26 never executed
call   27 never executed
call   28 never executed
branch 29 never executed (fallthrough)
branch 30 never executed (throw)
call   31 never executed
branch 32 never executed (fallthrough)
branch 33 never executed (throw)
call   34 never executed
call   35 never executed
        -:   78:
        1:   79:    ecs::BitBuffer truncated_input;
call    0 returned 1
        1:   80:    truncated_input.push_bits(kage::sync::protocol::client_input_message, 8U);
call    0 returned 1
branch  1 taken 1 (fallthrough)
branch  2 taken 0 (throw)
        1:   81:    truncated_input.push_bits(0, 16U);
call    0 returned 1
branch  1 taken 1 (fallthrough)
branch  2 taken 0 (throw)
        1:   82:    REQUIRE_FALSE(server.process_packet(registry, 1, truncated_input));
call    0 returned 1
branch  1 taken 1 (fallthrough)
branch  2 taken 0 (throw)
call    3 returned 1
call    4 returned 1
call    5 returned 1
call    6 returned 1
branch  7 taken 1 (fallthrough)
branch  8 taken 0 (throw)
call    9 returned 1
branch 10 taken 1 (fallthrough)
branch 11 taken 0 (throw)
call   12 returned 1
branch 13 taken 1 (fallthrough)
branch 14 taken 0 (throw)
call   15 returned 1
branch 16 taken 1 (fallthrough)
branch 17 taken 0 (throw)
call   18 returned 1
branch 19 taken 1 (fallthrough)
branch 20 taken 0 (throw)
call   21 returned 1
call   22 returned 1
branch 23 taken 1 (fallthrough)
branch 24 taken 0 (throw)
call   25 returned 1
call   26 never executed
call   27 never executed
call   28 never executed
branch 29 never executed (fallthrough)
branch 30 never executed (throw)
call   31 never executed
branch 32 never executed (fallthrough)
branch 33 never executed (throw)
call   34 never executed
call   35 never executed
        2:   83:}
call    0 returned 1
call    1 returned 1
call    2 returned 1
call    3 returned 1
branch  4 taken 1 (fallthrough)
branch  5 taken 0 (throw)
call    6 returned 1
call    7 returned 1
call    8 returned 1
call    9 returned 1
call   10 returned 1
call   11 returned 1
branch 12 never executed (fallthrough)
branch 13 never executed
call   14 never executed
branch 15 never executed (fallthrough)
branch 16 never executed
call   17 never executed
branch 18 never executed (fallthrough)
branch 19 never executed
call   20 never executed
call   21 never executed
call   22 never executed
call   23 never executed
call   24 never executed
call   25 never executed
call   26 never executed
        -:   84:
function _ZL22CATCH2_INTERNAL_TEST_4v called 1 returned 100% blocks executed 53%
        1:   85:TEST_CASE("replication server respects per-client bandwidth limits") {
        1:   86:    ecs::Registry registry;
call    0 returned 1
branch  1 taken 1 (fallthrough)
branch  2 taken 0 (throw)
        1:   87:    const kage::sync::SyncArchetypeId archetype = define_networked_position_archetype(registry);
call    0 returned 1
branch  1 taken 1 (fallthrough)
branch  2 taken 0 (throw)
        1:   88:    std::vector<ecs::Entity> entities;
call    0 returned 1
        4:   89:    for (int i = 0; i < 3; ++i) {
branch  0 taken 3
branch  1 taken 1 (fallthrough)
        3:   90:        const ecs::Entity entity = registry.create();
call    0 returned 3
branch  1 taken 3 (fallthrough)
branch  2 taken 0 (throw)
        3:   91:        REQUIRE(registry.add<NetworkedPosition>(entity, NetworkedPosition{}) != nullptr);
call    0 returned 3
call    1 returned 3
call    2 returned 3
call    3 returned 3
branch  4 taken 3 (fallthrough)
branch  5 taken 0 (throw)
call    6 returned 3
branch  7 taken 3 (fallthrough)
branch  8 taken 0 (throw)
call    9 returned 3
branch 10 taken 3 (fallthrough)
branch 11 taken 0 (throw)
call   12 returned 3
branch 13 taken 3 (fallthrough)
branch 14 taken 0 (throw)
call   15 returned 3
branch 16 taken 3 (fallthrough)
branch 17 taken 0 (throw)
call   18 returned 3
call   19 returned 3
branch 20 taken 3 (fallthrough)
branch 21 taken 0 (throw)
call   22 returned 3
call   23 never executed
call   24 never executed
call   25 never executed
branch 26 never executed (fallthrough)
branch 27 never executed (throw)
call   28 never executed
branch 29 never executed (fallthrough)
branch 30 never executed (throw)
call   31 never executed
call   32 never executed
        3:   92:        entities.push_back(entity);
call    0 returned 3
branch  1 taken 3 (fallthrough)
branch  2 taken 0 (throw)
        -:   93:    }
        -:   94:
        1:   95:    std::vector<ecs::BitBuffer> payloads;
call    0 returned 1
        1:   96:    kage::sync::ReplicationServerOptions options;
call    0 returned 1
        1:   97:    options.bandwidth_limit_bytes_per_tick = 21;
function _ZZL22CATCH2_INTERNAL_TEST_4vENKUlmRKN3ecs9BitBufferEE_clEmS2_ called 1 returned 100% blocks executed 52%
        3:   98:    options.transport = [&](kage::sync::ClientId client, const ecs::BitBuffer& payload) {
        1:   99:        REQUIRE(client == 1);
call    0 returned 1
call    1 returned 1
call    2 returned 1
call    3 returned 1
branch  4 taken 1 (fallthrough)
branch  5 taken 0 (throw)
call    6 returned 1
branch  7 taken 1 (fallthrough)
branch  8 taken 0 (throw)
call    9 returned 1
branch 10 taken 1 (fallthrough)
branch 11 taken 0 (throw)
call   12 returned 1
branch 13 taken 1 (fallthrough)
branch 14 taken 0 (throw)
call   15 returned 1
call   16 returned 1
branch 17 taken 1 (fallthrough)
branch 18 taken 0 (throw)
call   19 returned 1
call   20 never executed
call   21 never executed
call   22 never executed
branch 23 never executed (fallthrough)
branch 24 never executed (throw)
call   25 never executed
branch 26 never executed (fallthrough)
branch 27 never executed (throw)
call   28 never executed
call   29 never executed
        1:  100:        payloads.push_back(payload);
call    0 returned 1
        2:  101:    };
call    0 returned 1
        1:  102:    kage::sync::ReplicationServer server(options);
call    0 returned 1
branch  1 taken 1 (fallthrough)
branch  2 taken 0 (throw)
call    3 returned 1
branch  4 taken 1 (fallthrough)
branch  5 taken 0 (throw)
call    6 returned 1
call    7 never executed
        1:  103:    REQUIRE(server.add_client(1));
call    0 returned 1
call    1 returned 1
call    2 returned 1
call    3 returned 1
branch  4 taken 1 (fallthrough)
branch  5 taken 0 (throw)
call    6 returned 1
branch  7 taken 1 (fallthrough)
branch  8 taken 0 (throw)
call    9 returned 1
branch 10 taken 1 (fallthrough)
branch 11 taken 0 (throw)
call   12 returned 1
branch 13 taken 1 (fallthrough)
branch 14 taken 0 (throw)
call   15 returned 1
branch 16 taken 1 (fallthrough)
branch 17 taken 0 (throw)
call   18 returned 1
call   19 never executed
call   20 never executed
branch 21 never executed (fallthrough)
branch 22 never executed (throw)
call   23 never executed
branch 24 never executed (fallthrough)
branch 25 never executed (throw)
call   26 never executed
call   27 never executed
        4:  104:    for (const ecs::Entity entity : entities) {
call    0 returned 1
call    1 returned 1
call    2 returned 3
call    3 returned 3
call    4 returned 4
branch  5 taken 3
branch  6 taken 1 (fallthrough)
        3:  105:        REQUIRE(start_sync(registry, entity, archetype));
call    0 returned 3
call    1 returned 3
call    2 returned 3
call    3 returned 3
branch  4 taken 3 (fallthrough)
branch  5 taken 0 (throw)
call    6 returned 3
branch  7 taken 3 (fallthrough)
branch  8 taken 0 (throw)
call    9 returned 3
branch 10 taken 3 (fallthrough)
branch 11 taken 0 (throw)
call   12 returned 3
branch 13 taken 3 (fallthrough)
branch 14 taken 0 (throw)
call   15 returned 3
branch 16 taken 3 (fallthrough)
branch 17 taken 0 (throw)
call   18 returned 3
call   19 never executed
call   20 never executed
branch 21 never executed (fallthrough)
branch 22 never executed (throw)
call   23 never executed
branch 24 never executed (fallthrough)
branch 25 never executed (throw)
call   26 never executed
call   27 never executed
        -:  106:    }
        -:  107:
        1:  108:    server.tick(registry, server.options().fixed_dt_seconds);
call    0 returned 1
call    1 returned 1
branch  2 taken 1 (fallthrough)
branch  3 taken 0 (throw)
        -:  109:
        1:  110:    REQUIRE(payloads.size() == 1);
call    0 returned 1
call    1 returned 1
call    2 returned 1
call    3 returned 1
branch  4 taken 1 (fallthrough)
branch  5 taken 0 (throw)
call    6 returned 1
call    7 returned 1
branch  8 taken 1 (fallthrough)
branch  9 taken 0 (throw)
call   10 returned 1
branch 11 taken 1 (fallthrough)
branch 12 taken 0 (throw)
call   13 returned 1
branch 14 taken 1 (fallthrough)
branch 15 taken 0 (throw)
call   16 returned 1
call   17 returned 1
branch 18 taken 1 (fallthrough)
branch 19 taken 0 (throw)
call   20 returned 1
call   21 never executed
call   22 never executed
call   23 never executed
branch 24 never executed (fallthrough)
branch 25 never executed (throw)
call   26 never executed
branch 27 never executed (fallthrough)
branch 28 never executed (throw)
call   29 never executed
call   30 never executed
        1:  111:    const ServerUpdatePacket update = read_server_update(payloads.back());
call    0 returned 1
call    1 returned 1
branch  2 taken 1 (fallthrough)
branch  3 taken 0 (throw)
call    4 returned 1
branch  5 taken 1 (fallthrough)
branch  6 taken 0 (throw)
call    7 returned 1
call    8 never executed
        1:  112:    REQUIRE(update.entities.size() == 1);
call    0 returned 1
call    1 returned 1
call    2 returned 1
call    3 returned 1
branch  4 taken 1 (fallthrough)
branch  5 taken 0 (throw)
call    6 returned 1
call    7 returned 1
branch  8 taken 1 (fallthrough)
branch  9 taken 0 (throw)
call   10 returned 1
branch 11 taken 1 (fallthrough)
branch 12 taken 0 (throw)
call   13 returned 1
branch 14 taken 1 (fallthrough)
branch 15 taken 0 (throw)
call   16 returned 1
call   17 returned 1
branch 18 taken 1 (fallthrough)
branch 19 taken 0 (throw)
call   20 returned 1
call   21 never executed
call   22 never executed
call   23 never executed
branch 24 never executed (fallthrough)
branch 25 never executed (throw)
call   26 never executed
branch 27 never executed (fallthrough)
branch 28 never executed (throw)
call   29 never executed
call   30 never executed
        1:  113:    std::vector<ecs::Entity> sent;
call    0 returned 1
        2:  114:    for (const EntityRecord& record : update.entities) {
call    0 returned 1
call    1 returned 1
call    2 returned 1
call    3 returned 1
call    4 returned 2
branch  5 taken 1
branch  6 taken 1 (fallthrough)
        1:  115:        sent.push_back(entities[record.network_id - 1U]);
call    0 returned 1
call    1 returned 1
branch  2 taken 1 (fallthrough)
branch  3 taken 0 (throw)
        -:  116:    }
        1:  117:    std::size_t unsent_count = 0;
        4:  118:    for (const ecs::Entity entity : entities) {
call    0 returned 1
call    1 returned 1
call    2 returned 3
call    3 returned 3
call    4 returned 4
branch  5 taken 3
branch  6 taken 1 (fallthrough)
        3:  119:        if (std::find(sent.begin(), sent.end(), entity) == sent.end()) {
call    0 returned 3
call    1 returned 3
call    2 returned 3
call    3 returned 3
branch  4 taken 3 (fallthrough)
branch  5 taken 0 (throw)
call    6 returned 3
branch  7 taken 2 (fallthrough)
branch  8 taken 1
        2:  120:            ++unsent_count;
        -:  121:        }
        -:  122:    }
        1:  123:    REQUIRE(unsent_count == 2);
call    0 returned 1
call    1 returned 1
call    2 returned 1
call    3 returned 1
branch  4 taken 1 (fallthrough)
branch  5 taken 0 (throw)
call    6 returned 1
branch  7 taken 1 (fallthrough)
branch  8 taken 0 (throw)
call    9 returned 1
branch 10 taken 1 (fallthrough)
branch 11 taken 0 (throw)
call   12 returned 1
branch 13 taken 1 (fallthrough)
branch 14 taken 0 (throw)
call   15 returned 1
call   16 returned 1
branch 17 taken 1 (fallthrough)
branch 18 taken 0 (throw)
call   19 returned 1
call   20 never executed
call   21 never executed
call   22 never executed
branch 23 never executed (fallthrough)
branch 24 never executed (throw)
call   25 never executed
branch 26 never executed (fallthrough)
branch 27 never executed (throw)
call   28 never executed
call   29 never executed
        1:  124:}
call    0 returned 1
call    1 returned 1
call    2 returned 1
call    3 returned 1
call    4 returned 1
call    5 returned 1
call    6 returned 1
call    7 never executed
call    8 never executed
call    9 never executed
call   10 never executed
call   11 never executed
call   12 never executed
call   13 never executed
        -:  125:
function _ZL22CATCH2_INTERNAL_TEST_6v called 1 returned 100% blocks executed 49%
        1:  126:TEST_CASE("replication server dynamic bandwidth charges transport overhead") {
        1:  127:    ecs::Registry registry;
call    0 returned 1
branch  1 taken 1 (fallthrough)
branch  2 taken 0 (throw)
        1:  128:    const kage::sync::SyncArchetypeId archetype = define_networked_position_archetype(registry);
call    0 returned 1
branch  1 taken 1 (fallthrough)
branch  2 taken 0 (throw)
        1:  129:    const ecs::Entity entity = registry.create();
call    0 returned 1
branch  1 taken 1 (fallthrough)
branch  2 taken 0 (throw)
        1:  130:    REQUIRE(registry.add<NetworkedPosition>(entity, NetworkedPosition{}) != nullptr);
call    0 returned 1
call    1 returned 1
call    2 returned 1
call    3 returned 1
branch  4 taken 1 (fallthrough)
branch  5 taken 0 (throw)
call    6 returned 1
branch  7 taken 1 (fallthrough)
branch  8 taken 0 (throw)
call    9 returned 1
branch 10 taken 1 (fallthrough)
branch 11 taken 0 (throw)
call   12 returned 1
branch 13 taken 1 (fallthrough)
branch 14 taken 0 (throw)
call   15 returned 1
branch 16 taken 1 (fallthrough)
branch 17 taken 0 (throw)
call   18 returned 1
call   19 returned 1
branch 20 taken 1 (fallthrough)
branch 21 taken 0 (throw)
call   22 returned 1
call   23 never executed
call   24 never executed
call   25 never executed
branch 26 never executed (fallthrough)
branch 27 never executed (throw)
call   28 never executed
branch 29 never executed (fallthrough)
branch 30 never executed (throw)
call   31 never executed
call   32 never executed
        1:  131:    REQUIRE(start_sync(registry, entity, archetype));
call    0 returned 1
call    1 returned 1
call    2 returned 1
call    3 returned 1
branch  4 taken 1 (fallthrough)
branch  5 taken 0 (throw)
call    6 returned 1
branch  7 taken 1 (fallthrough)
branch  8 taken 0 (throw)
call    9 returned 1
branch 10 taken 1 (fallthrough)
branch 11 taken 0 (throw)
call   12 returned 1
branch 13 taken 1 (fallthrough)
branch 14 taken 0 (throw)
call   15 returned 1
branch 16 taken 1 (fallthrough)
branch 17 taken 0 (throw)
call   18 returned 1
call   19 never executed
call   20 never executed
branch 21 never executed (fallthrough)
branch 22 never executed (throw)
call   23 never executed
branch 24 never executed (fallthrough)
branch 25 never executed (throw)
call   26 never executed
call   27 never executed
        -:  132:
        1:  133:    std::vector<ecs::BitBuffer> payloads;
call    0 returned 1
        1:  134:    kage::sync::ReplicationServerOptions options;
call    0 returned 1
        1:  135:    options.bandwidth_limit_bytes_per_tick = 1024;
        1:  136:    options.bandwidth.enabled = true;
        1:  137:    options.bandwidth.min_bytes_per_second = 60;
        1:  138:    options.bandwidth.initial_bytes_per_second = 60;
        1:  139:    options.bandwidth.max_bytes_per_second = 60;
        1:  140:    options.bandwidth.max_burst_bytes = 21;
        1:  141:    options.bandwidth.transport_overhead_bytes_per_packet = 28;
function _ZZL22CATCH2_INTERNAL_TEST_6vENKUlmRKN3ecs9BitBufferEE_clEmS2_ called 0 returned 0% blocks executed 0%
       2*:  142:    options.transport = [&](kage::sync::ClientId, const ecs::BitBuffer& payload) {
    #####:  143:        payloads.push_back(payload);
call    0 never executed
       1*:  144:    };
call    0 returned 1
        1:  145:    kage::sync::ReplicationServer server(options);
call    0 returned 1
branch  1 taken 1 (fallthrough)
branch  2 taken 0 (throw)
call    3 returned 1
branch  4 taken 1 (fallthrough)
branch  5 taken 0 (throw)
call    6 returned 1
call    7 never executed
        1:  146:    REQUIRE(server.add_client(1));
call    0 returned 1
call    1 returned 1
call    2 returned 1
call    3 returned 1
branch  4 taken 1 (fallthrough)
branch  5 taken 0 (throw)
call    6 returned 1
branch  7 taken 1 (fallthrough)
branch  8 taken 0 (throw)
call    9 returned 1
branch 10 taken 1 (fallthrough)
branch 11 taken 0 (throw)
call   12 returned 1
branch 13 taken 1 (fallthrough)
branch 14 taken 0 (throw)
call   15 returned 1
branch 16 taken 1 (fallthrough)
branch 17 taken 0 (throw)
call   18 returned 1
call   19 never executed
call   20 never executed
branch 21 never executed (fallthrough)
branch 22 never executed (throw)
call   23 never executed
branch 24 never executed (fallthrough)
branch 25 never executed (throw)
call   26 never executed
call   27 never executed
        -:  147:
        1:  148:    run_server_tick(server, registry);
call    0 returned 1
branch  1 taken 1 (fallthrough)
branch  2 taken 0 (throw)
        -:  149:
        1:  150:    REQUIRE(payloads.empty());
call    0 returned 1
call    1 returned 1
call    2 returned 1
call    3 returned 1
branch  4 taken 1 (fallthrough)
branch  5 taken 0 (throw)
call    6 returned 1
call    7 returned 1
branch  8 taken 1 (fallthrough)
branch  9 taken 0 (throw)
call   10 returned 1
branch 11 taken 1 (fallthrough)
branch 12 taken 0 (throw)
call   13 returned 1
branch 14 taken 1 (fallthrough)
branch 15 taken 0 (throw)
call   16 returned 1
call   17 never executed
call   18 never executed
branch 19 never executed (fallthrough)
branch 20 never executed (throw)
call   21 never executed
branch 22 never executed (fallthrough)
branch 23 never executed (throw)
call   24 never executed
call   25 never executed
        1:  151:}
call    0 returned 1
call    1 returned 1
call    2 returned 1
call    3 returned 1
call    4 never executed
call    5 never executed
call    6 never executed
call    7 never executed
        -:  152:
function _ZL22CATCH2_INTERNAL_TEST_8v called 1 returned 100% blocks executed 48%
        1:  153:TEST_CASE("replication server dynamic bandwidth sends when charged packet fits") {
        1:  154:    ecs::Registry registry;
call    0 returned 1
branch  1 taken 1 (fallthrough)
branch  2 taken 0 (throw)
        1:  155:    const kage::sync::SyncArchetypeId archetype = define_networked_position_archetype(registry);
call    0 returned 1
branch  1 taken 1 (fallthrough)
branch  2 taken 0 (throw)
        1:  156:    const ecs::Entity entity = registry.create();
call    0 returned 1
branch  1 taken 1 (fallthrough)
branch  2 taken 0 (throw)
        1:  157:    REQUIRE(registry.add<NetworkedPosition>(entity, NetworkedPosition{}) != nullptr);
call    0 returned 1
call    1 returned 1
call    2 returned 1
call    3 returned 1
branch  4 taken 1 (fallthrough)
branch  5 taken 0 (throw)
call    6 returned 1
branch  7 taken 1 (fallthrough)
branch  8 taken 0 (throw)
call    9 returned 1
branch 10 taken 1 (fallthrough)
branch 11 taken 0 (throw)
call   12 returned 1
branch 13 taken 1 (fallthrough)
branch 14 taken 0 (throw)
call   15 returned 1
branch 16 taken 1 (fallthrough)
branch 17 taken 0 (throw)
call   18 returned 1
call   19 returned 1
branch 20 taken 1 (fallthrough)
branch 21 taken 0 (throw)
call   22 returned 1
call   23 never executed
call   24 never executed
call   25 never executed
branch 26 never executed (fallthrough)
branch 27 never executed (throw)
call   28 never executed
branch 29 never executed (fallthrough)
branch 30 never executed (throw)
call   31 never executed
call   32 never executed
        1:  158:    REQUIRE(start_sync(registry, entity, archetype));
call    0 returned 1
call    1 returned 1
call    2 returned 1
call    3 returned 1
branch  4 taken 1 (fallthrough)
branch  5 taken 0 (throw)
call    6 returned 1
branch  7 taken 1 (fallthrough)
branch  8 taken 0 (throw)
call    9 returned 1
branch 10 taken 1 (fallthrough)
branch 11 taken 0 (throw)
call   12 returned 1
branch 13 taken 1 (fallthrough)
branch 14 taken 0 (throw)
call   15 returned 1
branch 16 taken 1 (fallthrough)
branch 17 taken 0 (throw)
call   18 returned 1
call   19 never executed
call   20 never executed
branch 21 never executed (fallthrough)
branch 22 never executed (throw)
call   23 never executed
branch 24 never executed (fallthrough)
branch 25 never executed (throw)
call   26 never executed
call   27 never executed
        -:  159:
        1:  160:    std::vector<ecs::BitBuffer> payloads;
call    0 returned 1
        1:  161:    kage::sync::ReplicationServerOptions options;
call    0 returned 1
        1:  162:    options.bandwidth.enabled = true;
        1:  163:    options.bandwidth.min_bytes_per_second = 49;
        1:  164:    options.bandwidth.initial_bytes_per_second = 49;
        1:  165:    options.bandwidth.max_bytes_per_second = 49;
        1:  166:    options.bandwidth.max_burst_bytes = 49;
        1:  167:    options.bandwidth.transport_overhead_bytes_per_packet = 28;
function _ZZL22CATCH2_INTERNAL_TEST_8vENKUlmRKN3ecs9BitBufferEE_clEmS2_ called 1 returned 100% blocks executed 100%
        3:  168:    options.transport = [&](kage::sync::ClientId, const ecs::BitBuffer& payload) {
        1:  169:        payloads.push_back(payload);
call    0 returned 1
        1:  170:    };
call    0 returned 1
        1:  171:    kage::sync::ReplicationServer server(options);
call    0 returned 1
branch  1 taken 1 (fallthrough)
branch  2 taken 0 (throw)
call    3 returned 1
branch  4 taken 1 (fallthrough)
branch  5 taken 0 (throw)
call    6 returned 1
call    7 never executed
        1:  172:    REQUIRE(server.add_client(1));
call    0 returned 1
call    1 returned 1
call    2 returned 1
call    3 returned 1
branch  4 taken 1 (fallthrough)
branch  5 taken 0 (throw)
call    6 returned 1
branch  7 taken 1 (fallthrough)
branch  8 taken 0 (throw)
call    9 returned 1
branch 10 taken 1 (fallthrough)
branch 11 taken 0 (throw)
call   12 returned 1
branch 13 taken 1 (fallthrough)
branch 14 taken 0 (throw)
call   15 returned 1
branch 16 taken 1 (fallthrough)
branch 17 taken 0 (throw)
call   18 returned 1
call   19 never executed
call   20 never executed
branch 21 never executed (fallthrough)
branch 22 never executed (throw)
call   23 never executed
branch 24 never executed (fallthrough)
branch 25 never executed (throw)
call   26 never executed
call   27 never executed
        -:  173:
        1:  174:    run_server_tick(server, registry);
call    0 returned 1
branch  1 taken 1 (fallthrough)
branch  2 taken 0 (throw)
        -:  175:
        1:  176:    REQUIRE(payloads.size() == 1);
call    0 returned 1
call    1 returned 1
call    2 returned 1
call    3 returned 1
branch  4 taken 1 (fallthrough)
branch  5 taken 0 (throw)
call    6 returned 1
call    7 returned 1
branch  8 taken 1 (fallthrough)
branch  9 taken 0 (throw)
call   10 returned 1
branch 11 taken 1 (fallthrough)
branch 12 taken 0 (throw)
call   13 returned 1
branch 14 taken 1 (fallthrough)
branch 15 taken 0 (throw)
call   16 returned 1
call   17 returned 1
branch 18 taken 1 (fallthrough)
branch 19 taken 0 (throw)
call   20 returned 1
call   21 never executed
call   22 never executed
call   23 never executed
branch 24 never executed (fallthrough)
branch 25 never executed (throw)
call   26 never executed
branch 27 never executed (fallthrough)
branch 28 never executed (throw)
call   29 never executed
call   30 never executed
        1:  177:    REQUIRE(read_server_update(payloads.back()).entities.size() == 1);
call    0 returned 1
call    1 returned 1
call    2 returned 1
call    3 returned 1
branch  4 taken 1 (fallthrough)
branch  5 taken 0 (throw)
call    6 returned 1
call    7 returned 1
branch  8 taken 1 (fallthrough)
branch  9 taken 0 (throw)
call   10 returned 1
branch 11 taken 1 (fallthrough)
branch 12 taken 0 (throw)
call   13 returned 1
call   14 returned 1
branch 15 taken 1 (fallthrough)
branch 16 taken 0 (throw)
call   17 returned 1
branch 18 taken 1 (fallthrough)
branch 19 taken 0 (throw)
call   20 returned 1
branch 21 taken 1 (fallthrough)
branch 22 taken 0 (throw)
call   23 returned 1
call   24 returned 1
call   25 returned 1
call   26 returned 1
branch 27 taken 1 (fallthrough)
branch 28 taken 0 (throw)
call   29 returned 1
call   30 never executed
call   31 never executed
call   32 never executed
call   33 never executed
call   34 never executed
branch 35 never executed (fallthrough)
branch 36 never executed (throw)
call   37 never executed
branch 38 never executed (fallthrough)
branch 39 never executed (throw)
call   40 never executed
call   41 never executed
        1:  178:}
call    0 returned 1
call    1 returned 1
call    2 returned 1
call    3 returned 1
call    4 never executed
call    5 never executed
call    6 never executed
call    7 never executed
        -:  179:
function _ZL23CATCH2_INTERNAL_TEST_10v called 1 returned 100% blocks executed 48%
        1:  180:TEST_CASE("replication server prioritizes pending destroys over creates when bandwidth limited") {
        1:  181:    ecs::Registry registry;
call    0 returned 1
branch  1 taken 1 (fallthrough)
branch  2 taken 0 (throw)
        1:  182:    const kage::sync::SyncArchetypeId archetype = define_networked_position_archetype(registry);
call    0 returned 1
branch  1 taken 1 (fallthrough)
branch  2 taken 0 (throw)
        1:  183:    const ecs::Entity destroyed = registry.create();
call    0 returned 1
branch  1 taken 1 (fallthrough)
branch  2 taken 0 (throw)
        1:  184:    REQUIRE(registry.add<NetworkedPosition>(destroyed, NetworkedPosition{}) != nullptr);
call    0 returned 1
call    1 returned 1
call    2 returned 1
call    3 returned 1
branch  4 taken 1 (fallthrough)
branch  5 taken 0 (throw)
call    6 returned 1
branch  7 taken 1 (fallthrough)
branch  8 taken 0 (throw)
call    9 returned 1
branch 10 taken 1 (fallthrough)
branch 11 taken 0 (throw)
call   12 returned 1
branch 13 taken 1 (fallthrough)
branch 14 taken 0 (throw)
call   15 returned 1
branch 16 taken 1 (fallthrough)
branch 17 taken 0 (throw)
call   18 returned 1
call   19 returned 1
branch 20 taken 1 (fallthrough)
branch 21 taken 0 (throw)
call   22 returned 1
call   23 never executed
call   24 never executed
call   25 never executed
branch 26 never executed (fallthrough)
branch 27 never executed (throw)
call   28 never executed
branch 29 never executed (fallthrough)
branch 30 never executed (throw)
call   31 never executed
call   32 never executed
        1:  185:    REQUIRE(start_sync(registry, destroyed, archetype));
call    0 returned 1
call    1 returned 1
call    2 returned 1
call    3 returned 1
branch  4 taken 1 (fallthrough)
branch  5 taken 0 (throw)
call    6 returned 1
branch  7 taken 1 (fallthrough)
branch  8 taken 0 (throw)
call    9 returned 1
branch 10 taken 1 (fallthrough)
branch 11 taken 0 (throw)
call   12 returned 1
branch 13 taken 1 (fallthrough)
branch 14 taken 0 (throw)
call   15 returned 1
branch 16 taken 1 (fallthrough)
branch 17 taken 0 (throw)
call   18 returned 1
call   19 never executed
call   20 never executed
branch 21 never executed (fallthrough)
branch 22 never executed (throw)
call   23 never executed
branch 24 never executed (fallthrough)
branch 25 never executed (throw)
call   26 never executed
call   27 never executed
        -:  186:
        1:  187:    std::vector<ecs::BitBuffer> payloads;
call    0 returned 1
        1:  188:    kage::sync::ReplicationServerOptions options;
call    0 returned 1
        1:  189:    options.bandwidth_limit_bytes_per_tick = 21;
        1:  190:    options.prioritizer_interval_frames = 1;
function _ZZL23CATCH2_INTERNAL_TEST_10vENKUlmN4kage4sync25ReplicationPriorityObjectEE_clEmS1_ called 2 returned 100% blocks executed 100%
        3:  191:    options.prioritizer = [](kage::sync::ClientId, kage::sync::ReplicationPriorityObject) {
        2:  192:        kage::sync::ReplicationPriorityDecision decision;
        2:  193:        decision.priority = 1000.0f;
        2:  194:        decision.component_mask = std::numeric_limits<std::uint64_t>::max();
call    0 returned 2
        2:  195:        return decision;
        1:  196:    };
call    0 returned 1
function _ZZL23CATCH2_INTERNAL_TEST_10vENKUlmRKN3ecs9BitBufferEE_clEmS2_ called 2 returned 100% blocks executed 100%
        4:  197:    options.transport = [&](kage::sync::ClientId, const ecs::BitBuffer& payload) {
        2:  198:        payloads.push_back(payload);
call    0 returned 2
        1:  199:    };
call    0 returned 1
        1:  200:    kage::sync::ReplicationServer server(options);
call    0 returned 1
branch  1 taken 1 (fallthrough)
branch  2 taken 0 (throw)
call    3 returned 1
branch  4 taken 1 (fallthrough)
branch  5 taken 0 (throw)
call    6 returned 1
call    7 never executed
        1:  201:    REQUIRE(server.add_client(1));
call    0 returned 1
call    1 returned 1
call    2 returned 1
call    3 returned 1
branch  4 taken 1 (fallthrough)
branch  5 taken 0 (throw)
call    6 returned 1
branch  7 taken 1 (fallthrough)
branch  8 taken 0 (throw)
call    9 returned 1
branch 10 taken 1 (fallthrough)
branch 11 taken 0 (throw)
call   12 returned 1
branch 13 taken 1 (fallthrough)
branch 14 taken 0 (throw)
call   15 returned 1
branch 16 taken 1 (fallthrough)
branch 17 taken 0 (throw)
call   18 returned 1
call   19 never executed
call   20 never executed
branch 21 never executed (fallthrough)
branch 22 never executed (throw)
call   23 never executed
branch 24 never executed (fallthrough)
branch 25 never executed (throw)
call   26 never executed
call   27 never executed
        -:  202:
        1:  203:    run_server_tick(server, registry);
call    0 returned 1
branch  1 taken 1 (fallthrough)
branch  2 taken 0 (throw)
        1:  204:    REQUIRE(payloads.size() == 1);
call    0 returned 1
call    1 returned 1
call    2 returned 1
call    3 returned 1
branch  4 taken 1 (fallthrough)
branch  5 taken 0 (throw)
call    6 returned 1
call    7 returned 1
branch  8 taken 1 (fallthrough)
branch  9 taken 0 (throw)
call   10 returned 1
branch 11 taken 1 (fallthrough)
branch 12 taken 0 (throw)
call   13 returned 1
branch 14 taken 1 (fallthrough)
branch 15 taken 0 (throw)
call   16 returned 1
call   17 returned 1
branch 18 taken 1 (fallthrough)
branch 19 taken 0 (throw)
call   20 returned 1
call   21 never executed
call   22 never executed
call   23 never executed
branch 24 never executed (fallthrough)
branch 25 never executed (throw)
call   26 never executed
branch 27 never executed (fallthrough)
branch 28 never executed (throw)
call   29 never executed
call   30 never executed
        1:  205:    const ServerUpdatePacket initial = read_server_update(payloads.back());
call    0 returned 1
call    1 returned 1
branch  2 taken 1 (fallthrough)
branch  3 taken 0 (throw)
call    4 returned 1
branch  5 taken 1 (fallthrough)
branch  6 taken 0 (throw)
call    7 returned 1
call    8 never executed
        1:  206:    REQUIRE(initial.entities.size() == 1);
call    0 returned 1
call    1 returned 1
call    2 returned 1
call    3 returned 1
branch  4 taken 1 (fallthrough)
branch  5 taken 0 (throw)
call    6 returned 1
call    7 returned 1
branch  8 taken 1 (fallthrough)
branch  9 taken 0 (throw)
call   10 returned 1
branch 11 taken 1 (fallthrough)
branch 12 taken 0 (throw)
call   13 returned 1
branch 14 taken 1 (fallthrough)
branch 15 taken 0 (throw)
call   16 returned 1
call   17 returned 1
branch 18 taken 1 (fallthrough)
branch 19 taken 0 (throw)
call   20 returned 1
call   21 never executed
call   22 never executed
call   23 never executed
branch 24 never executed (fallthrough)
branch 25 never executed (throw)
call   26 never executed
branch 27 never executed (fallthrough)
branch 28 never executed (throw)
call   29 never executed
call   30 never executed
        1:  207:    REQUIRE(initial.entities[0].network_id == 1U);
call    0 returned 1
call    1 returned 1
call    2 returned 1
call    3 returned 1
branch  4 taken 1 (fallthrough)
branch  5 taken 0 (throw)
call    6 returned 1
call    7 returned 1
branch  8 taken 1 (fallthrough)
branch  9 taken 0 (throw)
call   10 returned 1
branch 11 taken 1 (fallthrough)
branch 12 taken 0 (throw)
call   13 returned 1
branch 14 taken 1 (fallthrough)
branch 15 taken 0 (throw)
call   16 returned 1
call   17 returned 1
branch 18 taken 1 (fallthrough)
branch 19 taken 0 (throw)
call   20 returned 1
call   21 never executed
call   22 never executed
call   23 never executed
branch 24 never executed (fallthrough)
branch 25 never executed (throw)
call   26 never executed
branch 27 never executed (fallthrough)
branch 28 never executed (throw)
call   29 never executed
call   30 never executed
        1:  208:    REQUIRE(server.acknowledge_entity(1, destroyed, initial.frame));
call    0 returned 1
call    1 returned 1
call    2 returned 1
call    3 returned 1
branch  4 taken 1 (fallthrough)
branch  5 taken 0 (throw)
call    6 returned 1
branch  7 taken 1 (fallthrough)
branch  8 taken 0 (throw)
call    9 returned 1
branch 10 taken 1 (fallthrough)
branch 11 taken 0 (throw)
call   12 returned 1
branch 13 taken 1 (fallthrough)
branch 14 taken 0 (throw)
call   15 returned 1
branch 16 taken 1 (fallthrough)
branch 17 taken 0 (throw)
call   18 returned 1
call   19 never executed
call   20 never executed
branch 21 never executed (fallthrough)
branch 22 never executed (throw)
call   23 never executed
branch 24 never executed (fallthrough)
branch 25 never executed (throw)
call   26 never executed
call   27 never executed
        -:  209:
        1:  210:    REQUIRE(registry.destroy(destroyed));
call    0 returned 1
call    1 returned 1
call    2 returned 1
call    3 returned 1
branch  4 taken 1 (fallthrough)
branch  5 taken 0 (throw)
call    6 returned 1
branch  7 taken 1 (fallthrough)
branch  8 taken 0 (throw)
call    9 returned 1
branch 10 taken 1 (fallthrough)
branch 11 taken 0 (throw)
call   12 returned 1
branch 13 taken 1 (fallthrough)
branch 14 taken 0 (throw)
call   15 returned 1
branch 16 taken 1 (fallthrough)
branch 17 taken 0 (throw)
call   18 returned 1
call   19 never executed
call   20 never executed
branch 21 never executed (fallthrough)
branch 22 never executed (throw)
call   23 never executed
branch 24 never executed (fallthrough)
branch 25 never executed (throw)
call   26 never executed
call   27 never executed
        1:  211:    const ecs::Entity created = registry.create();
call    0 returned 1
branch  1 taken 1 (fallthrough)
branch  2 taken 0 (throw)
        1:  212:    REQUIRE(registry.add<NetworkedPosition>(created, NetworkedPosition{}) != nullptr);
call    0 returned 1
call    1 returned 1
call    2 returned 1
call    3 returned 1
branch  4 taken 1 (fallthrough)
branch  5 taken 0 (throw)
call    6 returned 1
branch  7 taken 1 (fallthrough)
branch  8 taken 0 (throw)
call    9 returned 1
branch 10 taken 1 (fallthrough)
branch 11 taken 0 (throw)
call   12 returned 1
branch 13 taken 1 (fallthrough)
branch 14 taken 0 (throw)
call   15 returned 1
branch 16 taken 1 (fallthrough)
branch 17 taken 0 (throw)
call   18 returned 1
call   19 returned 1
branch 20 taken 1 (fallthrough)
branch 21 taken 0 (throw)
call   22 returned 1
call   23 never executed
call   24 never executed
call   25 never executed
branch 26 never executed (fallthrough)
branch 27 never executed (throw)
call   28 never executed
branch 29 never executed (fallthrough)
branch 30 never executed (throw)
call   31 never executed
call   32 never executed
        1:  213:    REQUIRE(start_sync(registry, created, archetype));
call    0 returned 1
call    1 returned 1
call    2 returned 1
call    3 returned 1
branch  4 taken 1 (fallthrough)
branch  5 taken 0 (throw)
call    6 returned 1
branch  7 taken 1 (fallthrough)
branch  8 taken 0 (throw)
call    9 returned 1
branch 10 taken 1 (fallthrough)
branch 11 taken 0 (throw)
call   12 returned 1
branch 13 taken 1 (fallthrough)
branch 14 taken 0 (throw)
call   15 returned 1
branch 16 taken 1 (fallthrough)
branch 17 taken 0 (throw)
call   18 returned 1
call   19 never executed
call   20 never executed
branch 21 never executed (fallthrough)
branch 22 never executed (throw)
call   23 never executed
branch 24 never executed (fallthrough)
branch 25 never executed (throw)
call   26 never executed
call   27 never executed
        -:  214:
        1:  215:    payloads.clear();
call    0 returned 1
        1:  216:    run_server_tick(server, registry);
call    0 returned 1
branch  1 taken 1 (fallthrough)
branch  2 taken 0 (throw)
        -:  217:
        1:  218:    REQUIRE(payloads.size() == 1);
call    0 returned 1
call    1 returned 1
call    2 returned 1
call    3 returned 1
branch  4 taken 1 (fallthrough)
branch  5 taken 0 (throw)
call    6 returned 1
call    7 returned 1
branch  8 taken 1 (fallthrough)
branch  9 taken 0 (throw)
call   10 returned 1
branch 11 taken 1 (fallthrough)
branch 12 taken 0 (throw)
call   13 returned 1
branch 14 taken 1 (fallthrough)
branch 15 taken 0 (throw)
call   16 returned 1
call   17 returned 1
branch 18 taken 1 (fallthrough)
branch 19 taken 0 (throw)
call   20 returned 1
call   21 never executed
call   22 never executed
call   23 never executed
branch 24 never executed (fallthrough)
branch 25 never executed (throw)
call   26 never executed
branch 27 never executed (fallthrough)
branch 28 never executed (throw)
call   29 never executed
call   30 never executed
        1:  219:    const ServerUpdatePacket update = read_server_update(payloads.back());
call    0 returned 1
call    1 returned 1
branch  2 taken 1 (fallthrough)
branch  3 taken 0 (throw)
call    4 returned 1
branch  5 taken 1 (fallthrough)
branch  6 taken 0 (throw)
call    7 returned 1
call    8 never executed
        1:  220:    REQUIRE(update.entities.size() == 1);
call    0 returned 1
call    1 returned 1
call    2 returned 1
call    3 returned 1
branch  4 taken 1 (fallthrough)
branch  5 taken 0 (throw)
call    6 returned 1
call    7 returned 1
branch  8 taken 1 (fallthrough)
branch  9 taken 0 (throw)
call   10 returned 1
branch 11 taken 1 (fallthrough)
branch 12 taken 0 (throw)
call   13 returned 1
branch 14 taken 1 (fallthrough)
branch 15 taken 0 (throw)
call   16 returned 1
call   17 returned 1
branch 18 taken 1 (fallthrough)
branch 19 taken 0 (throw)
call   20 returned 1
call   21 never executed
call   22 never executed
call   23 never executed
branch 24 never executed (fallthrough)
branch 25 never executed (throw)
call   26 never executed
branch 27 never executed (fallthrough)
branch 28 never executed (throw)
call   29 never executed
call   30 never executed
        1:  221:    REQUIRE(update.entities[0].destroy);
call    0 returned 1
call    1 returned 1
call    2 returned 1
call    3 returned 1
branch  4 taken 1 (fallthrough)
branch  5 taken 0 (throw)
call    6 returned 1
call    7 returned 1
branch  8 taken 1 (fallthrough)
branch  9 taken 0 (throw)
call   10 returned 1
branch 11 taken 1 (fallthrough)
branch 12 taken 0 (throw)
call   13 returned 1
branch 14 taken 1 (fallthrough)
branch 15 taken 0 (throw)
call   16 returned 1
call   17 never executed
call   18 never executed
branch 19 never executed (fallthrough)
branch 20 never executed (throw)
call   21 never executed
branch 22 never executed (fallthrough)
branch 23 never executed (throw)
call   24 never executed
call   25 never executed
        1:  222:    REQUIRE(update.entities[0].network_id == 1U);
call    0 returned 1
call    1 returned 1
call    2 returned 1
call    3 returned 1
branch  4 taken 1 (fallthrough)
branch  5 taken 0 (throw)
call    6 returned 1
call    7 returned 1
branch  8 taken 1 (fallthrough)
branch  9 taken 0 (throw)
call   10 returned 1
branch 11 taken 1 (fallthrough)
branch 12 taken 0 (throw)
call   13 returned 1
branch 14 taken 1 (fallthrough)
branch 15 taken 0 (throw)
call   16 returned 1
call   17 returned 1
branch 18 taken 1 (fallthrough)
branch 19 taken 0 (throw)
call   20 returned 1
call   21 never executed
call   22 never executed
call   23 never executed
branch 24 never executed (fallthrough)
branch 25 never executed (throw)
call   26 never executed
branch 27 never executed (fallthrough)
branch 28 never executed (throw)
call   29 never executed
call   30 never executed
        1:  223:}
call    0 returned 1
call    1 returned 1
call    2 returned 1
call    3 returned 1
call    4 returned 1
call    5 returned 1
call    6 never executed
call    7 never executed
call    8 never executed
call    9 never executed
call   10 never executed
call   11 never executed
        -:  224:
function _ZL23CATCH2_INTERNAL_TEST_12v called 1 returned 100% blocks executed 48%
        1:  225:TEST_CASE("replication server parallel path prioritizes pending destroys over creates when bandwidth limited") {
        1:  226:    ecs::Registry registry;
call    0 returned 1
branch  1 taken 1 (fallthrough)
branch  2 taken 0 (throw)
        1:  227:    const kage::sync::SyncArchetypeId archetype = define_networked_position_archetype(registry);
call    0 returned 1
branch  1 taken 1 (fallthrough)
branch  2 taken 0 (throw)
        1:  228:    const ecs::Entity destroyed = registry.create();
call    0 returned 1
branch  1 taken 1 (fallthrough)
branch  2 taken 0 (throw)
        1:  229:    REQUIRE(registry.add<NetworkedPosition>(destroyed, NetworkedPosition{}) != nullptr);
call    0 returned 1
call    1 returned 1
call    2 returned 1
call    3 returned 1
branch  4 taken 1 (fallthrough)
branch  5 taken 0 (throw)
call    6 returned 1
branch  7 taken 1 (fallthrough)
branch  8 taken 0 (throw)
call    9 returned 1
branch 10 taken 1 (fallthrough)
branch 11 taken 0 (throw)
call   12 returned 1
branch 13 taken 1 (fallthrough)
branch 14 taken 0 (throw)
call   15 returned 1
branch 16 taken 1 (fallthrough)
branch 17 taken 0 (throw)
call   18 returned 1
call   19 returned 1
branch 20 taken 1 (fallthrough)
branch 21 taken 0 (throw)
call   22 returned 1
call   23 never executed
call   24 never executed
call   25 never executed
branch 26 never executed (fallthrough)
branch 27 never executed (throw)
call   28 never executed
branch 29 never executed (fallthrough)
branch 30 never executed (throw)
call   31 never executed
call   32 never executed
        1:  230:    REQUIRE(start_sync(registry, destroyed, archetype));
call    0 returned 1
call    1 returned 1
call    2 returned 1
call    3 returned 1
branch  4 taken 1 (fallthrough)
branch  5 taken 0 (throw)
call    6 returned 1
branch  7 taken 1 (fallthrough)
branch  8 taken 0 (throw)
call    9 returned 1
branch 10 taken 1 (fallthrough)
branch 11 taken 0 (throw)
call   12 returned 1
branch 13 taken 1 (fallthrough)
branch 14 taken 0 (throw)
call   15 returned 1
branch 16 taken 1 (fallthrough)
branch 17 taken 0 (throw)
call   18 returned 1
call   19 never executed
call   20 never executed
branch 21 never executed (fallthrough)
branch 22 never executed (throw)
call   23 never executed
branch 24 never executed (fallthrough)
branch 25 never executed (throw)
call   26 never executed
call   27 never executed
        -:  231:
        1:  232:    std::vector<std::pair<kage::sync::ClientId, ecs::BitBuffer>> payloads;
call    0 returned 1
        1:  233:    kage::sync::ReplicationServerOptions options;
call    0 returned 1
        1:  234:    options.bandwidth_limit_bytes_per_tick = 21;
        1:  235:    options.serialized_worker_threads = 2;
        1:  236:    options.prioritizer_interval_frames = 1;
function _ZZL23CATCH2_INTERNAL_TEST_12vENKUlmN4kage4sync25ReplicationPriorityObjectEE_clEmS1_ called 4 returned 100% blocks executed 100%
        5:  237:    options.prioritizer = [](kage::sync::ClientId, kage::sync::ReplicationPriorityObject) {
        4:  238:        kage::sync::ReplicationPriorityDecision decision;
        4:  239:        decision.priority = 1000.0f;
        4:  240:        decision.component_mask = std::numeric_limits<std::uint64_t>::max();
call    0 returned 4
        4:  241:        return decision;
        1:  242:    };
call    0 returned 1
function _ZZL23CATCH2_INTERNAL_TEST_12vENKUlmRKN3ecs9BitBufferEE_clEmS2_ called 4 returned 100% blocks executed 100%
        6:  243:    options.transport = [&](kage::sync::ClientId client, const ecs::BitBuffer& payload) {
        4:  244:        payloads.emplace_back(client, payload);
call    0 returned 4
        1:  245:    };
call    0 returned 1
        1:  246:    kage::sync::ReplicationServer server(options);
call    0 returned 1
branch  1 taken 1 (fallthrough)
branch  2 taken 0 (throw)
call    3 returned 1
branch  4 taken 1 (fallthrough)
branch  5 taken 0 (throw)
call    6 returned 1
call    7 never executed
        1:  247:    REQUIRE(server.add_client(1));
call    0 returned 1
call    1 returned 1
call    2 returned 1
call    3 returned 1
branch  4 taken 1 (fallthrough)
branch  5 taken 0 (throw)
call    6 returned 1
branch  7 taken 1 (fallthrough)
branch  8 taken 0 (throw)
call    9 returned 1
branch 10 taken 1 (fallthrough)
branch 11 taken 0 (throw)
call   12 returned 1
branch 13 taken 1 (fallthrough)
branch 14 taken 0 (throw)
call   15 returned 1
branch 16 taken 1 (fallthrough)
branch 17 taken 0 (throw)
call   18 returned 1
call   19 never executed
call   20 never executed
branch 21 never executed (fallthrough)
branch 22 never executed (throw)
call   23 never executed
branch 24 never executed (fallthrough)
branch 25 never executed (throw)
call   26 never executed
call   27 never executed
        1:  248:    REQUIRE(server.add_client(2));
call    0 returned 1
call    1 returned 1
call    2 returned 1
call    3 returned 1
branch  4 taken 1 (fallthrough)
branch  5 taken 0 (throw)
call    6 returned 1
branch  7 taken 1 (fallthrough)
branch  8 taken 0 (throw)
call    9 returned 1
branch 10 taken 1 (fallthrough)
branch 11 taken 0 (throw)
call   12 returned 1
branch 13 taken 1 (fallthrough)
branch 14 taken 0 (throw)
call   15 returned 1
branch 16 taken 1 (fallthrough)
branch 17 taken 0 (throw)
call   18 returned 1
call   19 never executed
call   20 never executed
branch 21 never executed (fallthrough)
branch 22 never executed (throw)
call   23 never executed
branch 24 never executed (fallthrough)
branch 25 never executed (throw)
call   26 never executed
call   27 never executed
        -:  249:
        1:  250:    run_server_tick(server, registry);
call    0 returned 1
branch  1 taken 1 (fallthrough)
branch  2 taken 0 (throw)
        1:  251:    REQUIRE(payloads.size() == 2);
call    0 returned 1
call    1 returned 1
call    2 returned 1
call    3 returned 1
branch  4 taken 1 (fallthrough)
branch  5 taken 0 (throw)
call    6 returned 1
call    7 returned 1
branch  8 taken 1 (fallthrough)
branch  9 taken 0 (throw)
call   10 returned 1
branch 11 taken 1 (fallthrough)
branch 12 taken 0 (throw)
call   13 returned 1
branch 14 taken 1 (fallthrough)
branch 15 taken 0 (throw)
call   16 returned 1
call   17 returned 1
branch 18 taken 1 (fallthrough)
branch 19 taken 0 (throw)
call   20 returned 1
call   21 never executed
call   22 never executed
call   23 never executed
branch 24 never executed (fallthrough)
branch 25 never executed (throw)
call   26 never executed
branch 27 never executed (fallthrough)
branch 28 never executed (throw)
call   29 never executed
call   30 never executed
        3:  252:    for (const kage::sync::ClientId client : {1ULL, 2ULL}) {
call    0 returned 1
call    1 returned 1
branch  2 taken 2
branch  3 taken 1 (fallthrough)
        2:  253:        const ServerUpdatePacket initial = read_server_update(packet_for(payloads, client));
call    0 returned 2
branch  1 taken 2 (fallthrough)
branch  2 taken 0 (throw)
call    3 returned 2
branch  4 taken 2 (fallthrough)
branch  5 taken 0 (throw)
call    6 returned 2
branch  7 taken 2 (fallthrough)
branch  8 taken 0 (throw)
call    9 returned 2
call   10 never executed
        2:  254:        REQUIRE(initial.entities.size() == 1);
call    0 returned 2
call    1 returned 2
call    2 returned 2
call    3 returned 2
branch  4 taken 2 (fallthrough)
branch  5 taken 0 (throw)
call    6 returned 2
call    7 returned 2
branch  8 taken 2 (fallthrough)
branch  9 taken 0 (throw)
call   10 returned 2
branch 11 taken 2 (fallthrough)
branch 12 taken 0 (throw)
call   13 returned 2
branch 14 taken 2 (fallthrough)
branch 15 taken 0 (throw)
call   16 returned 2
call   17 returned 2
branch 18 taken 2 (fallthrough)
branch 19 taken 0 (throw)
call   20 returned 2
call   21 never executed
call   22 never executed
call   23 never executed
branch 24 never executed (fallthrough)
branch 25 never executed (throw)
call   26 never executed
branch 27 never executed (fallthrough)
branch 28 never executed (throw)
call   29 never executed
call   30 never executed
        2:  255:        REQUIRE(initial.entities[0].network_id == 1U);
call    0 returned 2
call    1 returned 2
call    2 returned 2
call    3 returned 2
branch  4 taken 2 (fallthrough)
branch  5 taken 0 (throw)
call    6 returned 2
call    7 returned 2
branch  8 taken 2 (fallthrough)
branch  9 taken 0 (throw)
call   10 returned 2
branch 11 taken 2 (fallthrough)
branch 12 taken 0 (throw)
call   13 returned 2
branch 14 taken 2 (fallthrough)
branch 15 taken 0 (throw)
call   16 returned 2
call   17 returned 2
branch 18 taken 2 (fallthrough)
branch 19 taken 0 (throw)
call   20 returned 2
call   21 never executed
call   22 never executed
call   23 never executed
branch 24 never executed (fallthrough)
branch 25 never executed (throw)
call   26 never executed
branch 27 never executed (fallthrough)
branch 28 never executed (throw)
call   29 never executed
call   30 never executed
        2:  256:        REQUIRE(server.acknowledge_entity(client, destroyed, initial.frame));
call    0 returned 2
call    1 returned 2
call    2 returned 2
call    3 returned 2
branch  4 taken 2 (fallthrough)
branch  5 taken 0 (throw)
call    6 returned 2
branch  7 taken 2 (fallthrough)
branch  8 taken 0 (throw)
call    9 returned 2
branch 10 taken 2 (fallthrough)
branch 11 taken 0 (throw)
call   12 returned 2
branch 13 taken 2 (fallthrough)
branch 14 taken 0 (throw)
call   15 returned 2
branch 16 taken 2 (fallthrough)
branch 17 taken 0 (throw)
call   18 returned 2
call   19 never executed
call   20 never executed
branch 21 never executed (fallthrough)
branch 22 never executed (throw)
call   23 never executed
branch 24 never executed (fallthrough)
branch 25 never executed (throw)
call   26 never executed
call   27 never executed
        2:  257:    }
call    0 returned 2
call    1 never executed
        -:  258:
        1:  259:    REQUIRE(registry.destroy(destroyed));
call    0 returned 1
call    1 returned 1
call    2 returned 1
call    3 returned 1
branch  4 taken 1 (fallthrough)
branch  5 taken 0 (throw)
call    6 returned 1
branch  7 taken 1 (fallthrough)
branch  8 taken 0 (throw)
call    9 returned 1
branch 10 taken 1 (fallthrough)
branch 11 taken 0 (throw)
call   12 returned 1
branch 13 taken 1 (fallthrough)
branch 14 taken 0 (throw)
call   15 returned 1
branch 16 taken 1 (fallthrough)
branch 17 taken 0 (throw)
call   18 returned 1
call   19 never executed
call   20 never executed
branch 21 never executed (fallthrough)
branch 22 never executed (throw)
call   23 never executed
branch 24 never executed (fallthrough)
branch 25 never executed (throw)
call   26 never executed
call   27 never executed
        1:  260:    const ecs::Entity created = registry.create();
call    0 returned 1
branch  1 taken 1 (fallthrough)
branch  2 taken 0 (throw)
        1:  261:    REQUIRE(registry.add<NetworkedPosition>(created, NetworkedPosition{}) != nullptr);
call    0 returned 1
call    1 returned 1
call    2 returned 1
call    3 returned 1
branch  4 taken 1 (fallthrough)
branch  5 taken 0 (throw)
call    6 returned 1
branch  7 taken 1 (fallthrough)
branch  8 taken 0 (throw)
call    9 returned 1
branch 10 taken 1 (fallthrough)
branch 11 taken 0 (throw)
call   12 returned 1
branch 13 taken 1 (fallthrough)
branch 14 taken 0 (throw)
call   15 returned 1
branch 16 taken 1 (fallthrough)
branch 17 taken 0 (throw)
call   18 returned 1
call   19 returned 1
branch 20 taken 1 (fallthrough)
branch 21 taken 0 (throw)
call   22 returned 1
call   23 never executed
call   24 never executed
call   25 never executed
branch 26 never executed (fallthrough)
branch 27 never executed (throw)
call   28 never executed
branch 29 never executed (fallthrough)
branch 30 never executed (throw)
call   31 never executed
call   32 never executed
        1:  262:    REQUIRE(start_sync(registry, created, archetype));
call    0 returned 1
call    1 returned 1
call    2 returned 1
call    3 returned 1
branch  4 taken 1 (fallthrough)
branch  5 taken 0 (throw)
call    6 returned 1
branch  7 taken 1 (fallthrough)
branch  8 taken 0 (throw)
call    9 returned 1
branch 10 taken 1 (fallthrough)
branch 11 taken 0 (throw)
call   12 returned 1
branch 13 taken 1 (fallthrough)
branch 14 taken 0 (throw)
call   15 returned 1
branch 16 taken 1 (fallthrough)
branch 17 taken 0 (throw)
call   18 returned 1
call   19 never executed
call   20 never executed
branch 21 never executed (fallthrough)
branch 22 never executed (throw)
call   23 never executed
branch 24 never executed (fallthrough)
branch 25 never executed (throw)
call   26 never executed
call   27 never executed
        -:  263:
        1:  264:    payloads.clear();
call    0 returned 1
        1:  265:    run_server_tick(server, registry);
call    0 returned 1
branch  1 taken 1 (fallthrough)
branch  2 taken 0 (throw)
        -:  266:
        1:  267:    REQUIRE(payloads.size() == 2);
call    0 returned 1
call    1 returned 1
call    2 returned 1
call    3 returned 1
branch  4 taken 1 (fallthrough)
branch  5 taken 0 (throw)
call    6 returned 1
call    7 returned 1
branch  8 taken 1 (fallthrough)
branch  9 taken 0 (throw)
call   10 returned 1
branch 11 taken 1 (fallthrough)
branch 12 taken 0 (throw)
call   13 returned 1
branch 14 taken 1 (fallthrough)
branch 15 taken 0 (throw)
call   16 returned 1
call   17 returned 1
branch 18 taken 1 (fallthrough)
branch 19 taken 0 (throw)
call   20 returned 1
call   21 never executed
call   22 never executed
call   23 never executed
branch 24 never executed (fallthrough)
branch 25 never executed (throw)
call   26 never executed
branch 27 never executed (fallthrough)
branch 28 never executed (throw)
call   29 never executed
call   30 never executed
        3:  268:    for (const kage::sync::ClientId client : {1ULL, 2ULL}) {
call    0 returned 1
call    1 returned 1
branch  2 taken 2
branch  3 taken 1 (fallthrough)
        2:  269:        const ServerUpdatePacket update = read_server_update(packet_for(payloads, client));
call    0 returned 2
branch  1 taken 2 (fallthrough)
branch  2 taken 0 (throw)
call    3 returned 2
branch  4 taken 2 (fallthrough)
branch  5 taken 0 (throw)
call    6 returned 2
branch  7 taken 2 (fallthrough)
branch  8 taken 0 (throw)
call    9 returned 2
call   10 never executed
        2:  270:        REQUIRE(update.entities.size() == 1);
call    0 returned 2
call    1 returned 2
call    2 returned 2
call    3 returned 2
branch  4 taken 2 (fallthrough)
branch  5 taken 0 (throw)
call    6 returned 2
call    7 returned 2
branch  8 taken 2 (fallthrough)
branch  9 taken 0 (throw)
call   10 returned 2
branch 11 taken 2 (fallthrough)
branch 12 taken 0 (throw)
call   13 returned 2
branch 14 taken 2 (fallthrough)
branch 15 taken 0 (throw)
call   16 returned 2
call   17 returned 2
branch 18 taken 2 (fallthrough)
branch 19 taken 0 (throw)
call   20 returned 2
call   21 never executed
call   22 never executed
call   23 never executed
branch 24 never executed (fallthrough)
branch 25 never executed (throw)
call   26 never executed
branch 27 never executed (fallthrough)
branch 28 never executed (throw)
call   29 never executed
call   30 never executed
        2:  271:        REQUIRE(update.entities[0].destroy);
call    0 returned 2
call    1 returned 2
call    2 returned 2
call    3 returned 2
branch  4 taken 2 (fallthrough)
branch  5 taken 0 (throw)
call    6 returned 2
call    7 returned 2
branch  8 taken 2 (fallthrough)
branch  9 taken 0 (throw)
call   10 returned 2
branch 11 taken 2 (fallthrough)
branch 12 taken 0 (throw)
call   13 returned 2
branch 14 taken 2 (fallthrough)
branch 15 taken 0 (throw)
call   16 returned 2
call   17 never executed
call   18 never executed
branch 19 never executed (fallthrough)
branch 20 never executed (throw)
call   21 never executed
branch 22 never executed (fallthrough)
branch 23 never executed (throw)
call   24 never executed
call   25 never executed
        2:  272:        REQUIRE(update.entities[0].network_id == 1U);
call    0 returned 2
call    1 returned 2
call    2 returned 2
call    3 returned 2
branch  4 taken 2 (fallthrough)
branch  5 taken 0 (throw)
call    6 returned 2
call    7 returned 2
branch  8 taken 2 (fallthrough)
branch  9 taken 0 (throw)
call   10 returned 2
branch 11 taken 2 (fallthrough)
branch 12 taken 0 (throw)
call   13 returned 2
branch 14 taken 2 (fallthrough)
branch 15 taken 0 (throw)
call   16 returned 2
call   17 returned 2
branch 18 taken 2 (fallthrough)
branch 19 taken 0 (throw)
call   20 returned 2
call   21 never executed
call   22 never executed
call   23 never executed
branch 24 never executed (fallthrough)
branch 25 never executed (throw)
call   26 never executed
branch 27 never executed (fallthrough)
branch 28 never executed (throw)
call   29 never executed
call   30 never executed
        2:  273:    }
call    0 returned 2
call    1 never executed
        1:  274:}
call    0 returned 1
call    1 returned 1
call    2 returned 1
call    3 returned 1
call    4 never executed
call    5 never executed
call    6 never executed
call    7 never executed
        -:  275:
function _ZL23CATCH2_INTERNAL_TEST_14v called 1 returned 100% blocks executed 51%
        1:  276:TEST_CASE("replication server parallel path applies bandwidth limits independently per client") {
        1:  277:    ecs::Registry registry;
call    0 returned 1
branch  1 taken 1 (fallthrough)
branch  2 taken 0 (throw)
        1:  278:    const kage::sync::SyncArchetypeId archetype = define_networked_position_archetype(registry);
call    0 returned 1
branch  1 taken 1 (fallthrough)
branch  2 taken 0 (throw)
        1:  279:    std::vector<ecs::Entity> entities;
call    0 returned 1
        4:  280:    for (int i = 0; i < 3; ++i) {
branch  0 taken 3
branch  1 taken 1 (fallthrough)
        3:  281:        const ecs::Entity entity = registry.create();
call    0 returned 3
branch  1 taken 3 (fallthrough)
branch  2 taken 0 (throw)
        3:  282:        REQUIRE(registry.add<NetworkedPosition>(entity, NetworkedPosition{}) != nullptr);
call    0 returned 3
call    1 returned 3
call    2 returned 3
call    3 returned 3
branch  4 taken 3 (fallthrough)
branch  5 taken 0 (throw)
call    6 returned 3
branch  7 taken 3 (fallthrough)
branch  8 taken 0 (throw)
call    9 returned 3
branch 10 taken 3 (fallthrough)
branch 11 taken 0 (throw)
call   12 returned 3
branch 13 taken 3 (fallthrough)
branch 14 taken 0 (throw)
call   15 returned 3
branch 16 taken 3 (fallthrough)
branch 17 taken 0 (throw)
call   18 returned 3
call   19 returned 3
branch 20 taken 3 (fallthrough)
branch 21 taken 0 (throw)
call   22 returned 3
call   23 never executed
call   24 never executed
call   25 never executed
branch 26 never executed (fallthrough)
branch 27 never executed (throw)
call   28 never executed
branch 29 never executed (fallthrough)
branch 30 never executed (throw)
call   31 never executed
call   32 never executed
        3:  283:        REQUIRE(start_sync(registry, entity, archetype));
call    0 returned 3
call    1 returned 3
call    2 returned 3
call    3 returned 3
branch  4 taken 3 (fallthrough)
branch  5 taken 0 (throw)
call    6 returned 3
branch  7 taken 3 (fallthrough)
branch  8 taken 0 (throw)
call    9 returned 3
branch 10 taken 3 (fallthrough)
branch 11 taken 0 (throw)
call   12 returned 3
branch 13 taken 3 (fallthrough)
branch 14 taken 0 (throw)
call   15 returned 3
branch 16 taken 3 (fallthrough)
branch 17 taken 0 (throw)
call   18 returned 3
call   19 never executed
call   20 never executed
branch 21 never executed (fallthrough)
branch 22 never executed (throw)
call   23 never executed
branch 24 never executed (fallthrough)
branch 25 never executed (throw)
call   26 never executed
call   27 never executed
        3:  284:        entities.push_back(entity);
call    0 returned 3
branch  1 taken 3 (fallthrough)
branch  2 taken 0 (throw)
        -:  285:    }
        -:  286:
        1:  287:    std::vector<std::pair<kage::sync::ClientId, ecs::BitBuffer>> packets;
call    0 returned 1
        1:  288:    kage::sync::ReplicationServerOptions options;
call    0 returned 1
        1:  289:    options.bandwidth_limit_bytes_per_tick = 21;
        1:  290:    options.serialized_worker_threads = 2;
function _ZZL23CATCH2_INTERNAL_TEST_14vENKUlmRKN3ecs9BitBufferEE_clEmS2_ called 2 returned 100% blocks executed 100%
        4:  291:    options.transport = [&](kage::sync::ClientId client, const ecs::BitBuffer& payload) {
        2:  292:        packets.emplace_back(client, payload);
call    0 returned 2
        1:  293:    };
call    0 returned 1
        1:  294:    kage::sync::ReplicationServer server(options);
call    0 returned 1
branch  1 taken 1 (fallthrough)
branch  2 taken 0 (throw)
call    3 returned 1
branch  4 taken 1 (fallthrough)
branch  5 taken 0 (throw)
call    6 returned 1
call    7 never executed
        1:  295:    REQUIRE(server.add_client(1));
call    0 returned 1
call    1 returned 1
call    2 returned 1
call    3 returned 1
branch  4 taken 1 (fallthrough)
branch  5 taken 0 (throw)
call    6 returned 1
branch  7 taken 1 (fallthrough)
branch  8 taken 0 (throw)
call    9 returned 1
branch 10 taken 1 (fallthrough)
branch 11 taken 0 (throw)
call   12 returned 1
branch 13 taken 1 (fallthrough)
branch 14 taken 0 (throw)
call   15 returned 1
branch 16 taken 1 (fallthrough)
branch 17 taken 0 (throw)
call   18 returned 1
call   19 never executed
call   20 never executed
branch 21 never executed (fallthrough)
branch 22 never executed (throw)
call   23 never executed
branch 24 never executed (fallthrough)
branch 25 never executed (throw)
call   26 never executed
call   27 never executed
        1:  296:    REQUIRE(server.add_client(2));
call    0 returned 1
call    1 returned 1
call    2 returned 1
call    3 returned 1
branch  4 taken 1 (fallthrough)
branch  5 taken 0 (throw)
call    6 returned 1
branch  7 taken 1 (fallthrough)
branch  8 taken 0 (throw)
call    9 returned 1
branch 10 taken 1 (fallthrough)
branch 11 taken 0 (throw)
call   12 returned 1
branch 13 taken 1 (fallthrough)
branch 14 taken 0 (throw)
call   15 returned 1
branch 16 taken 1 (fallthrough)
branch 17 taken 0 (throw)
call   18 returned 1
call   19 never executed
call   20 never executed
branch 21 never executed (fallthrough)
branch 22 never executed (throw)
call   23 never executed
branch 24 never executed (fallthrough)
[...]
call    0 returned 1
call    1 returned 1
call    2 returned 1
call    3 returned 1
branch  4 taken 1 (fallthrough)
branch  5 taken 0 (throw)
call    6 returned 1
branch  7 taken 1 (fallthrough)
branch  8 taken 0 (throw)
call    9 returned 1
branch 10 taken 1 (fallthrough)
branch 11 taken 0 (throw)
call   12 returned 1
branch 13 taken 1 (fallthrough)
branch 14 taken 0 (throw)
call   15 returned 1
branch 16 taken 1 (fallthrough)
branch 17 taken 0 (throw)
call   18 returned 1
call   19 returned 1
branch 20 taken 1 (fallthrough)
branch 21 taken 0 (throw)
call   22 returned 1
call   23 never executed
call   24 never executed
call   25 never executed
branch 26 never executed (fallthrough)
branch 27 never executed (throw)
call   28 never executed
branch 29 never executed (fallthrough)
branch 30 never executed (throw)
call   31 never executed
call   32 never executed
        1:  814:    REQUIRE(registry.add<NetworkedPosition>(second, NetworkedPosition{2.0f, 2.0f}) != nullptr);
call    0 returned 1
call    1 returned 1
call    2 returned 1
call    3 returned 1
branch  4 taken 1 (fallthrough)
branch  5 taken 0 (throw)
call    6 returned 1
branch  7 taken 1 (fallthrough)
branch  8 taken 0 (throw)
call    9 returned 1
branch 10 taken 1 (fallthrough)
branch 11 taken 0 (throw)
call   12 returned 1
branch 13 taken 1 (fallthrough)
branch 14 taken 0 (throw)
call   15 returned 1
branch 16 taken 1 (fallthrough)
branch 17 taken 0 (throw)
call   18 returned 1
call   19 returned 1
branch 20 taken 1 (fallthrough)
branch 21 taken 0 (throw)
call   22 returned 1
call   23 never executed
call   24 never executed
call   25 never executed
branch 26 never executed (fallthrough)
branch 27 never executed (throw)
call   28 never executed
branch 29 never executed (fallthrough)
branch 30 never executed (throw)
call   31 never executed
call   32 never executed
        -:  815:
        1:  816:    std::vector<ecs::BitBuffer> payloads;
call    0 returned 1
        1:  817:    kage::sync::ReplicationServerOptions options;
call    0 returned 1
        1:  818:    options.bandwidth_limit_bytes_per_tick = 1024;
        1:  819:    options.mtu_bytes = 56;
function _ZZL23CATCH2_INTERNAL_TEST_40vENKUlmRKN3ecs9BitBufferEE_clEmS2_ called 1 returned 100% blocks executed 100%
        3:  820:    options.transport = [&](kage::sync::ClientId, const ecs::BitBuffer& payload) {
        1:  821:        payloads.push_back(payload);
call    0 returned 1
        1:  822:    };
call    0 returned 1
        -:  823:
        1:  824:    kage::sync::ReplicationServer server(options);
call    0 returned 1
branch  1 taken 1 (fallthrough)
branch  2 taken 0 (throw)
call    3 returned 1
branch  4 taken 1 (fallthrough)
branch  5 taken 0 (throw)
call    6 returned 1
call    7 never executed
        1:  825:    REQUIRE(server.add_client(1));
call    0 returned 1
call    1 returned 1
call    2 returned 1
call    3 returned 1
branch  4 taken 1 (fallthrough)
branch  5 taken 0 (throw)
call    6 returned 1
branch  7 taken 1 (fallthrough)
branch  8 taken 0 (throw)
call    9 returned 1
branch 10 taken 1 (fallthrough)
branch 11 taken 0 (throw)
call   12 returned 1
branch 13 taken 1 (fallthrough)
branch 14 taken 0 (throw)
call   15 returned 1
branch 16 taken 1 (fallthrough)
branch 17 taken 0 (throw)
call   18 returned 1
call   19 never executed
call   20 never executed
branch 21 never executed (fallthrough)
branch 22 never executed (throw)
call   23 never executed
branch 24 never executed (fallthrough)
branch 25 never executed (throw)
call   26 never executed
call   27 never executed
        1:  826:    REQUIRE(start_sync(registry, first, archetype));
call    0 returned 1
call    1 returned 1
call    2 returned 1
call    3 returned 1
branch  4 taken 1 (fallthrough)
branch  5 taken 0 (throw)
call    6 returned 1
branch  7 taken 1 (fallthrough)
branch  8 taken 0 (throw)
call    9 returned 1
branch 10 taken 1 (fallthrough)
branch 11 taken 0 (throw)
call   12 returned 1
branch 13 taken 1 (fallthrough)
branch 14 taken 0 (throw)
call   15 returned 1
branch 16 taken 1 (fallthrough)
branch 17 taken 0 (throw)
call   18 returned 1
call   19 never executed
call   20 never executed
branch 21 never executed (fallthrough)
branch 22 never executed (throw)
call   23 never executed
branch 24 never executed (fallthrough)
branch 25 never executed (throw)
call   26 never executed
call   27 never executed
        1:  827:    REQUIRE(start_sync(registry, second, archetype));
call    0 returned 1
call    1 returned 1
call    2 returned 1
call    3 returned 1
branch  4 taken 1 (fallthrough)
branch  5 taken 0 (throw)
call    6 returned 1
branch  7 taken 1 (fallthrough)
branch  8 taken 0 (throw)
call    9 returned 1
branch 10 taken 1 (fallthrough)
branch 11 taken 0 (throw)
call   12 returned 1
branch 13 taken 1 (fallthrough)
branch 14 taken 0 (throw)
call   15 returned 1
branch 16 taken 1 (fallthrough)
branch 17 taken 0 (throw)
call   18 returned 1
call   19 never executed
call   20 never executed
branch 21 never executed (fallthrough)
branch 22 never executed (throw)
call   23 never executed
branch 24 never executed (fallthrough)
branch 25 never executed (throw)
call   26 never executed
call   27 never executed
        -:  828:
        1:  829:    server.tick(registry, server.options().fixed_dt_seconds);
call    0 returned 1
call    1 returned 1
branch  2 taken 1 (fallthrough)
branch  3 taken 0 (throw)
        -:  830:
        1:  831:    REQUIRE(payloads.size() == 1);
call    0 returned 1
call    1 returned 1
call    2 returned 1
call    3 returned 1
branch  4 taken 1 (fallthrough)
branch  5 taken 0 (throw)
call    6 returned 1
call    7 returned 1
branch  8 taken 1 (fallthrough)
branch  9 taken 0 (throw)
call   10 returned 1
branch 11 taken 1 (fallthrough)
branch 12 taken 0 (throw)
call   13 returned 1
branch 14 taken 1 (fallthrough)
branch 15 taken 0 (throw)
call   16 returned 1
call   17 returned 1
branch 18 taken 1 (fallthrough)
branch 19 taken 0 (throw)
call   20 returned 1
call   21 never executed
call   22 never executed
call   23 never executed
branch 24 never executed (fallthrough)
branch 25 never executed (throw)
call   26 never executed
branch 27 never executed (fallthrough)
branch 28 never executed (throw)
call   29 never executed
call   30 never executed
        1:  832:    REQUIRE(payloads[0].byte_size() == 29);
call    0 returned 1
call    1 returned 1
call    2 returned 1
call    3 returned 1
branch  4 taken 1 (fallthrough)
branch  5 taken 0 (throw)
call    6 returned 1
call    7 returned 1
call    8 returned 1
branch  9 taken 1 (fallthrough)
branch 10 taken 0 (throw)
call   11 returned 1
branch 12 taken 1 (fallthrough)
branch 13 taken 0 (throw)
call   14 returned 1
branch 15 taken 1 (fallthrough)
branch 16 taken 0 (throw)
call   17 returned 1
call   18 returned 1
branch 19 taken 1 (fallthrough)
branch 20 taken 0 (throw)
call   21 returned 1
call   22 never executed
call   23 never executed
call   24 never executed
branch 25 never executed (fallthrough)
branch 26 never executed (throw)
call   27 never executed
branch 28 never executed (fallthrough)
branch 29 never executed (throw)
call   30 never executed
call   31 never executed
        1:  833:    const ServerUpdatePacket update = read_server_update(payloads[0]);
call    0 returned 1
call    1 returned 1
branch  2 taken 1 (fallthrough)
branch  3 taken 0 (throw)
call    4 returned 1
branch  5 taken 1 (fallthrough)
branch  6 taken 0 (throw)
call    7 returned 1
call    8 never executed
        1:  834:    REQUIRE(update.entities.size() == 2);
call    0 returned 1
call    1 returned 1
call    2 returned 1
call    3 returned 1
branch  4 taken 1 (fallthrough)
branch  5 taken 0 (throw)
call    6 returned 1
call    7 returned 1
branch  8 taken 1 (fallthrough)
branch  9 taken 0 (throw)
call   10 returned 1
branch 11 taken 1 (fallthrough)
branch 12 taken 0 (throw)
call   13 returned 1
branch 14 taken 1 (fallthrough)
branch 15 taken 0 (throw)
call   16 returned 1
call   17 returned 1
branch 18 taken 1 (fallthrough)
branch 19 taken 0 (throw)
call   20 returned 1
call   21 never executed
call   22 never executed
call   23 never executed
branch 24 never executed (fallthrough)
branch 25 never executed (throw)
call   26 never executed
branch 27 never executed (fallthrough)
branch 28 never executed (throw)
call   29 never executed
call   30 never executed
        1:  835:}
call    0 returned 1
call    1 returned 1
call    2 returned 1
call    3 returned 1
call    4 returned 1
call    5 never executed
call    6 never executed
call    7 never executed
call    8 never executed
call    9 never executed
        -:  836:
function _ZL23CATCH2_INTERNAL_TEST_42v called 1 returned 100% blocks executed 48%
        1:  837:TEST_CASE("replication server splits packed updates at the mtu boundary") {
        1:  838:    ecs::Registry registry;
call    0 returned 1
branch  1 taken 1 (fallthrough)
branch  2 taken 0 (throw)
        -:  839:    const ecs::Entity position_component =
        1:  840:        kage::sync::register_sync_component<NetworkedPosition>(registry, "NetworkedPosition");
call    0 returned 1
branch  1 taken 1 (fallthrough)
branch  2 taken 0 (throw)
call    3 returned 1
branch  4 taken 1 (fallthrough)
branch  5 taken 0 (throw)
call    6 returned 1
call    7 never executed
        4:  841:    const kage::sync::SyncArchetypeId archetype = kage::sync::define_archetype(
call    0 returned 1
branch  1 taken 1 (fallthrough)
branch  2 taken 0 (throw)
call    3 returned 1
branch  4 taken 1 (fallthrough)
branch  5 taken 0 (throw)
call    6 returned 1
branch  7 taken 1 (fallthrough)
branch  8 taken 0 (throw)
call    9 returned 1
call   10 returned 1
call   11 never executed
call   12 never executed
        -:  842:        registry,
        -:  843:        "NetworkedActor",
        -:  844:        {{position_component, kage::sync::ReplicationAudience::All}});
        1:  845:    const ecs::Entity first = registry.create();
call    0 returned 1
branch  1 taken 1 (fallthrough)
branch  2 taken 0 (throw)
        1:  846:    const ecs::Entity second = registry.create();
call    0 returned 1
branch  1 taken 1 (fallthrough)
branch  2 taken 0 (throw)
        1:  847:    REQUIRE(registry.add<NetworkedPosition>(first, NetworkedPosition{1.0f, 1.0f}) != nullptr);
call    0 returned 1
call    1 returned 1
call    2 returned 1
call    3 returned 1
branch  4 taken 1 (fallthrough)
branch  5 taken 0 (throw)
call    6 returned 1
branch  7 taken 1 (fallthrough)
branch  8 taken 0 (throw)
call    9 returned 1
branch 10 taken 1 (fallthrough)
branch 11 taken 0 (throw)
call   12 returned 1
branch 13 taken 1 (fallthrough)
branch 14 taken 0 (throw)
call   15 returned 1
branch 16 taken 1 (fallthrough)
branch 17 taken 0 (throw)
call   18 returned 1
call   19 returned 1
branch 20 taken 1 (fallthrough)
branch 21 taken 0 (throw)
call   22 returned 1
call   23 never executed
call   24 never executed
call   25 never executed
branch 26 never executed (fallthrough)
branch 27 never executed (throw)
call   28 never executed
branch 29 never executed (fallthrough)
branch 30 never executed (throw)
call   31 never executed
call   32 never executed
        1:  848:    REQUIRE(registry.add<NetworkedPosition>(second, NetworkedPosition{2.0f, 2.0f}) != nullptr);
call    0 returned 1
call    1 returned 1
call    2 returned 1
call    3 returned 1
branch  4 taken 1 (fallthrough)
branch  5 taken 0 (throw)
call    6 returned 1
branch  7 taken 1 (fallthrough)
branch  8 taken 0 (throw)
call    9 returned 1
branch 10 taken 1 (fallthrough)
branch 11 taken 0 (throw)
call   12 returned 1
branch 13 taken 1 (fallthrough)
branch 14 taken 0 (throw)
call   15 returned 1
branch 16 taken 1 (fallthrough)
branch 17 taken 0 (throw)
call   18 returned 1
call   19 returned 1
branch 20 taken 1 (fallthrough)
branch 21 taken 0 (throw)
call   22 returned 1
call   23 never executed
call   24 never executed
call   25 never executed
branch 26 never executed (fallthrough)
branch 27 never executed (throw)
call   28 never executed
branch 29 never executed (fallthrough)
branch 30 never executed (throw)
call   31 never executed
call   32 never executed
        -:  849:
        1:  850:    std::vector<ecs::BitBuffer> payloads;
call    0 returned 1
        1:  851:    kage::sync::ReplicationServerOptions options;
call    0 returned 1
        1:  852:    options.bandwidth_limit_bytes_per_tick = 1024;
        1:  853:    options.mtu_bytes = 21;
function _ZZL23CATCH2_INTERNAL_TEST_42vENKUlmRKN3ecs9BitBufferEE_clEmS2_ called 2 returned 100% blocks executed 100%
        4:  854:    options.transport = [&](kage::sync::ClientId, const ecs::BitBuffer& payload) {
        2:  855:        payloads.push_back(payload);
call    0 returned 2
        1:  856:    };
call    0 returned 1
        -:  857:
        1:  858:    kage::sync::ReplicationServer server(options);
call    0 returned 1
branch  1 taken 1 (fallthrough)
branch  2 taken 0 (throw)
call    3 returned 1
branch  4 taken 1 (fallthrough)
branch  5 taken 0 (throw)
call    6 returned 1
call    7 never executed
        1:  859:    REQUIRE(server.add_client(1));
call    0 returned 1
call    1 returned 1
call    2 returned 1
call    3 returned 1
branch  4 taken 1 (fallthrough)
branch  5 taken 0 (throw)
call    6 returned 1
branch  7 taken 1 (fallthrough)
branch  8 taken 0 (throw)
call    9 returned 1
branch 10 taken 1 (fallthrough)
branch 11 taken 0 (throw)
call   12 returned 1
branch 13 taken 1 (fallthrough)
branch 14 taken 0 (throw)
call   15 returned 1
branch 16 taken 1 (fallthrough)
branch 17 taken 0 (throw)
call   18 returned 1
call   19 never executed
call   20 never executed
branch 21 never executed (fallthrough)
branch 22 never executed (throw)
call   23 never executed
branch 24 never executed (fallthrough)
branch 25 never executed (throw)
call   26 never executed
call   27 never executed
        1:  860:    REQUIRE(start_sync(registry, first, archetype));
call    0 returned 1
call    1 returned 1
call    2 returned 1
call    3 returned 1
branch  4 taken 1 (fallthrough)
branch  5 taken 0 (throw)
call    6 returned 1
branch  7 taken 1 (fallthrough)
branch  8 taken 0 (throw)
call    9 returned 1
branch 10 taken 1 (fallthrough)
branch 11 taken 0 (throw)
call   12 returned 1
branch 13 taken 1 (fallthrough)
branch 14 taken 0 (throw)
call   15 returned 1
branch 16 taken 1 (fallthrough)
branch 17 taken 0 (throw)
call   18 returned 1
call   19 never executed
call   20 never executed
branch 21 never executed (fallthrough)
branch 22 never executed (throw)
call   23 never executed
branch 24 never executed (fallthrough)
branch 25 never executed (throw)
call   26 never executed
call   27 never executed
        1:  861:    REQUIRE(start_sync(registry, second, archetype));
call    0 returned 1
call    1 returned 1
call    2 returned 1
call    3 returned 1
branch  4 taken 1 (fallthrough)
branch  5 taken 0 (throw)
call    6 returned 1
branch  7 taken 1 (fallthrough)
branch  8 taken 0 (throw)
call    9 returned 1
branch 10 taken 1 (fallthrough)
branch 11 taken 0 (throw)
call   12 returned 1
branch 13 taken 1 (fallthrough)
branch 14 taken 0 (throw)
call   15 returned 1
branch 16 taken 1 (fallthrough)
branch 17 taken 0 (throw)
call   18 returned 1
call   19 never executed
call   20 never executed
branch 21 never executed (fallthrough)
branch 22 never executed (throw)
call   23 never executed
branch 24 never executed (fallthrough)
branch 25 never executed (throw)
call   26 never executed
call   27 never executed
        -:  862:
        1:  863:    server.tick(registry, server.options().fixed_dt_seconds);
call    0 returned 1
call    1 returned 1
branch  2 taken 1 (fallthrough)
branch  3 taken 0 (throw)
        -:  864:
        1:  865:    REQUIRE(payloads.size() == 2);
call    0 returned 1
call    1 returned 1
call    2 returned 1
call    3 returned 1
branch  4 taken 1 (fallthrough)
branch  5 taken 0 (throw)
call    6 returned 1
call    7 returned 1
branch  8 taken 1 (fallthrough)
branch  9 taken 0 (throw)
call   10 returned 1
branch 11 taken 1 (fallthrough)
branch 12 taken 0 (throw)
call   13 returned 1
branch 14 taken 1 (fallthrough)
branch 15 taken 0 (throw)
call   16 returned 1
call   17 returned 1
branch 18 taken 1 (fallthrough)
branch 19 taken 0 (throw)
call   20 returned 1
call   21 never executed
call   22 never executed
call   23 never executed
branch 24 never executed (fallthrough)
branch 25 never executed (throw)
call   26 never executed
branch 27 never executed (fallthrough)
branch 28 never executed (throw)
call   29 never executed
call   30 never executed
        3:  866:    for (const ecs::BitBuffer& payload : payloads) {
call    0 returned 1
call    1 returned 1
call    2 returned 2
call    3 returned 2
call    4 returned 3
branch  5 taken 2
branch  6 taken 1 (fallthrough)
        2:  867:        REQUIRE(payload.byte_size() <= options.mtu_bytes);
call    0 returned 2
call    1 returned 2
call    2 returned 2
call    3 returned 2
branch  4 taken 2 (fallthrough)
branch  5 taken 0 (throw)
call    6 returned 2
call    7 returned 2
branch  8 taken 2 (fallthrough)
branch  9 taken 0 (throw)
call   10 returned 2
branch 11 taken 2 (fallthrough)
branch 12 taken 0 (throw)
call   13 returned 2
branch 14 taken 2 (fallthrough)
branch 15 taken 0 (throw)
call   16 returned 2
call   17 returned 2
branch 18 taken 2 (fallthrough)
branch 19 taken 0 (throw)
call   20 returned 2
call   21 never executed
call   22 never executed
call   23 never executed
branch 24 never executed (fallthrough)
branch 25 never executed (throw)
call   26 never executed
branch 27 never executed (fallthrough)
branch 28 never executed (throw)
call   29 never executed
call   30 never executed
        2:  868:        REQUIRE(payload.byte_size() == 21);
call    0 returned 2
call    1 returned 2
call    2 returned 2
call    3 returned 2
branch  4 taken 2 (fallthrough)
branch  5 taken 0 (throw)
call    6 returned 2
call    7 returned 2
branch  8 taken 2 (fallthrough)
branch  9 taken 0 (throw)
call   10 returned 2
branch 11 taken 2 (fallthrough)
branch 12 taken 0 (throw)
call   13 returned 2
branch 14 taken 2 (fallthrough)
branch 15 taken 0 (throw)
call   16 returned 2
call   17 returned 2
branch 18 taken 2 (fallthrough)
branch 19 taken 0 (throw)
call   20 returned 2
call   21 never executed
call   22 never executed
call   23 never executed
branch 24 never executed (fallthrough)
branch 25 never executed (throw)
call   26 never executed
branch 27 never executed (fallthrough)
branch 28 never executed (throw)
call   29 never executed
call   30 never executed
        2:  869:        REQUIRE(read_server_update(payload).entities.size() == 1);
call    0 returned 2
call    1 returned 2
call    2 returned 2
call    3 returned 2
branch  4 taken 2 (fallthrough)
branch  5 taken 0 (throw)
call    6 returned 2
branch  7 taken 2 (fallthrough)
branch  8 taken 0 (throw)
call    9 returned 2
branch 10 taken 2 (fallthrough)
branch 11 taken 0 (throw)
call   12 returned 2
call   13 returned 2
branch 14 taken 2 (fallthrough)
branch 15 taken 0 (throw)
call   16 returned 2
branch 17 taken 2 (fallthrough)
branch 18 taken 0 (throw)
call   19 returned 2
branch 20 taken 2 (fallthrough)
branch 21 taken 0 (throw)
call   22 returned 2
call   23 returned 2
call   24 returned 2
call   25 returned 2
branch 26 taken 2 (fallthrough)
branch 27 taken 0 (throw)
call   28 returned 2
call   29 never executed
call   30 never executed
call   31 never executed
call   32 never executed
call   33 never executed
branch 34 never executed (fallthrough)
branch 35 never executed (throw)
call   36 never executed
branch 37 never executed (fallthrough)
branch 38 never executed (throw)
call   39 never executed
call   40 never executed
        -:  870:    }
        1:  871:}
call    0 returned 1
call    1 returned 1
call    2 returned 1
call    3 returned 1
call    4 never executed
call    5 never executed
call    6 never executed
call    7 never executed
