        -:    0:Source:/home/runner/work/kage-sync/kage-sync/kage-sync/tests/test_protocol.hpp
        -:    0:Graph:/home/runner/work/kage-sync/kage-sync/kage-sync/build-coverage/tests/CMakeFiles/kage_sync_tests.dir/server_transport.test.cpp.gcno
        -:    0:Data:/home/runner/work/kage-sync/kage-sync/kage-sync/build-coverage/tests/CMakeFiles/kage_sync_tests.dir/server_transport.test.cpp.gcda
        -:    0:Runs:317
        -:    1:#pragma once
        -:    2:
        -:    3:#include "test_components.hpp"
        -:    4:
        -:    5:#include <catch2/catch_test_macros.hpp>
        -:    6:
        -:    7:#include <algorithm>
        -:    8:#include <cstddef>
        -:    9:#include <cstdint>
        -:   10:#include <string>
        -:   11:#include <utility>
        -:   12:#include <vector>
        -:   13:
        -:   14:namespace kage_sync_tests {
        -:   15:
function _ZN15kage_sync_tests10start_syncERN3ecs8RegistryENS0_6EntityEN4kage4sync15SyncArchetypeIdE called 0 returned 0% blocks executed 0%
    #####:   16:inline bool start_sync(ecs::Registry& registry, ecs::Entity entity, kage::sync::SyncArchetypeId archetype) {
    #####:   17:    return registry.add<kage::sync::Replicated>(entity, kage::sync::Replicated{archetype}) != nullptr;
call    0 never executed
branch  1 never executed (fallthrough)
branch  2 never executed (throw)
        -:   18:}
        -:   19:
        -:   20:inline kage::sync::SyncArchetypeId define_predicted_archetype(ecs::Registry& registry) {
        -:   21:    const ecs::Entity position =
        -:   22:        kage::sync::register_sync_component<PredictedPosition>(registry, "PredictedPosition");
        -:   23:    return kage::sync::define_archetype(
        -:   24:        registry,
        -:   25:        "PredictedActor",
        -:   26:        {{position, kage::sync::ReplicationAudience::All}});
        -:   27:}
        -:   28:
        -:   29:struct AckRecord {
        -:   30:    std::uint32_t packet_id = 0;
        -:   31:};
        -:   32:
        -:   33:struct ClientUpdateRecord {
        -:   34:    bool destroy = false;
        -:   35:    bool full = false;
        -:   36:    kage::sync::SyncFrame baseline_frame = 0;
        -:   37:    std::uint32_t network_id = 0;
        -:   38:    ecs::Entity entity;
        -:   39:};
        -:   40:
        -:   41:using UpdateRecord = ClientUpdateRecord;
        -:   42:
        -:   43:struct ClientUpdatePacket {
        -:   44:    kage::sync::SyncFrame frame = 0;
        -:   45:    kage::sync::SyncFrame input_ack_frame = 0;
        -:   46:    std::vector<ClientUpdateRecord> records;
        -:   47:};
        -:   48:
        -:   49:using UpdatePacket = ClientUpdatePacket;
        -:   50:
        -:   51:struct ClientInputPacket {
        -:   52:    std::uint16_t ack_count = 0;
        -:   53:    kage::sync::SyncFrame baseline_frame = 0;
        -:   54:    kage::sync::SyncFrame first_input_frame = 0;
        -:   55:    std::uint16_t input_count = 0;
        -:   56:    bool first_input_full = false;
        -:   57:};
        -:   58:
        -:   59:inline std::vector<AckRecord> read_acks(ecs::BitBuffer packet) {
        -:   60:    REQUIRE(static_cast<std::uint8_t>(packet.read_bits(8U)) == kage::sync::protocol::client_ack_message);
        -:   61:    const auto count = static_cast<std::uint16_t>(packet.read_bits(16U));
        -:   62:    std::vector<AckRecord> records;
        -:   63:    records.reserve(count);
        -:   64:    for (std::uint16_t index = 0; index < count; ++index) {
        -:   65:        AckRecord record;
        -:   66:        record.packet_id = static_cast<std::uint32_t>(packet.read_bits(kage::sync::protocol::server_packet_id_bits));
        -:   67:        records.push_back(record);
        -:   68:    }
        -:   69:    return records;
        -:   70:}
        -:   71:
        -:   72:inline ClientInputPacket read_client_input_header(ecs::BitBuffer packet) {
        -:   73:    REQUIRE(static_cast<std::uint8_t>(packet.read_bits(8U)) == kage::sync::protocol::client_input_message);
        -:   74:    ClientInputPacket input;
        -:   75:    input.ack_count = static_cast<std::uint16_t>(packet.read_bits(16U));
        -:   76:    for (std::uint16_t index = 0; index < input.ack_count; ++index) {
        -:   77:        packet.read_bits(kage::sync::protocol::server_packet_id_bits);
        -:   78:    }
        -:   79:    input.baseline_frame = static_cast<kage::sync::SyncFrame>(packet.read_bits(32U));
        -:   80:    input.input_count = static_cast<std::uint16_t>(packet.read_bits(16U));
        -:   81:    input.first_input_full = packet.read_bool();
        -:   82:    input.first_input_frame = input.input_count == 0U ? 0U : input.baseline_frame + 1U;
        -:   83:    if (input.first_input_full) {
        -:   84:        const auto explicit_first_input_frame = static_cast<kage::sync::SyncFrame>(packet.read_bits(32U));
        -:   85:        if (input.input_count != 0U) {
        -:   86:            input.first_input_frame = explicit_first_input_frame;
        -:   87:        }
        -:   88:    }
        -:   89:    return input;
        -:   90:}
        -:   91:
        -:   92:inline bool record_ping_sample(
        -:   93:    kage::sync::ReplicationClient& client,
        -:   94:    ecs::Registry& registry,
        -:   95:    kage::sync::SyncFrame receive_frame) {
        -:   96:    std::vector<ecs::BitBuffer> packets = client.drain_packets();
        -:   97:    if (packets.empty()) {
        -:   98:        REQUIRE(client.tick(registry, client.options().ping_interval_seconds));
        -:   99:        packets = client.drain_packets();
        -:  100:    }
        -:  101:    for (ecs::BitBuffer packet : packets) {
        -:  102:        if (packet.remaining_bits() < 8U) {
        -:  103:            continue;
        -:  104:        }
        -:  105:        const auto message = static_cast<std::uint8_t>(packet.read_bits(8U));
        -:  106:        if (message != kage::sync::protocol::client_ping_message) {
        -:  107:            continue;
        -:  108:        }
        -:  109:        const auto sequence = static_cast<std::uint32_t>(packet.read_bits(32U));
        -:  110:        const auto send_frame = static_cast<kage::sync::SyncFrame>(packet.read_bits(32U));
        -:  111:        ecs::BitBuffer pong;
        -:  112:        pong.push_bits(kage::sync::protocol::server_pong_message, 8U);
        -:  113:        pong.push_bits(sequence, 32U);
        -:  114:        pong.push_bits(send_frame, 32U);
        -:  115:        return client.receive(registry, pong, receive_frame);
        -:  116:    }
        -:  117:    return false;
        -:  118:}
        -:  119:
        -:  120:struct PingPacket {
        -:  121:    std::uint32_t sequence = 0;
        -:  122:    kage::sync::SyncFrame send_frame = 0;
        -:  123:};
        -:  124:
        -:  125:inline bool read_ping_packet(ecs::BitBuffer packet, PingPacket& out) {
        -:  126:    if (packet.remaining_bits() < 8U) {
        -:  127:        return false;
        -:  128:    }
        -:  129:    const auto message = static_cast<std::uint8_t>(packet.read_bits(8U));
        -:  130:    if (message != kage::sync::protocol::client_ping_message || packet.remaining_bits() < 64U) {
        -:  131:        return false;
        -:  132:    }
        -:  133:    out.sequence = static_cast<std::uint32_t>(packet.read_bits(32U));
        -:  134:    out.send_frame = static_cast<kage::sync::SyncFrame>(packet.read_bits(32U));
        -:  135:    return true;
        -:  136:}
        -:  137:
        -:  138:inline bool drain_ping(
        -:  139:    kage::sync::ReplicationClient& client,
        -:  140:    ecs::Registry& registry,
        -:  141:    double dt_seconds,
        -:  142:    PingPacket& out) {
        -:  143:    if (dt_seconds > 0.0) {
        -:  144:        REQUIRE(client.tick(registry, dt_seconds));
        -:  145:    }
        -:  146:    for (ecs::BitBuffer packet : client.drain_packets()) {
        -:  147:        if (read_ping_packet(packet, out)) {
        -:  148:            return true;
        -:  149:        }
        -:  150:    }
        -:  151:    return false;
        -:  152:}
        -:  153:
        -:  154:inline bool receive_pong(
        -:  155:    kage::sync::ReplicationClient& client,
        -:  156:    ecs::Registry& registry,
        -:  157:    const PingPacket& ping,
        -:  158:    kage::sync::SyncFrame receive_frame) {
        -:  159:    ecs::BitBuffer pong;
        -:  160:    pong.push_bits(kage::sync::protocol::server_pong_message, 8U);
        -:  161:    pong.push_bits(ping.sequence, 32U);
        -:  162:    pong.push_bits(ping.send_frame, 32U);
        -:  163:    return client.receive(registry, pong, receive_frame);
        -:  164:}
        -:  165:
        -:  166:inline ClientUpdatePacket read_update(ecs::BitBuffer packet, std::size_t sync_slot_count = 2U) {
        -:  167:    REQUIRE(static_cast<std::uint8_t>(packet.read_bits(8U)) == kage::sync::protocol::server_update_message);
        -:  168:    ClientUpdatePacket update;
        -:  169:    update.frame = static_cast<kage::sync::SyncFrame>(packet.read_bits(32U));
        -:  170:    packet.read_bits(kage::sync::protocol::server_packet_id_bits);
        -:  171:    update.input_ack_frame = static_cast<kage::sync::SyncFrame>(packet.read_bits(32U));
        -:  172:    const auto count = static_cast<std::uint16_t>(packet.read_bits(16U));
        -:  173:    update.records.reserve(count);
        -:  174:    for (std::uint16_t index = 0; index < count; ++index) {
        -:  175:        ClientUpdateRecord record;
        -:  176:        record.destroy = packet.read_bool();
        -:  177:        REQUIRE(kage::sync::protocol::read_network_entity_id(packet, record.network_id));
        -:  178:        if (!record.destroy) {
        -:  179:            record.full = packet.read_bool();
        -:  180:            if (record.full) {
        -:  181:                packet.read_bits(32U);
        -:  182:                const bool uses_presence_mask = packet.read_bool();
        -:  183:                const std::size_t sync_slot_bits = kage::sync::protocol::bits_for_range(sync_slot_count);
        -:  184:                std::uint16_t component_count = 0;
        -:  185:                std::uint64_t presence_mask = 0;
        -:  186:                if (uses_presence_mask) {
        -:  187:                    presence_mask = packet.read_unsigned_bits(sync_slot_count);
        -:  188:                    for (std::size_t slot = 0; slot < sync_slot_count; ++slot) {
        -:  189:                        if ((presence_mask & (std::uint64_t{1} << slot)) != 0U) {
        -:  190:                            ++component_count;
        -:  191:                        }
        -:  192:                    }
        -:  193:                } else {
        -:  194:                    component_count = static_cast<std::uint16_t>(packet.read_bits(16U));
        -:  195:                }
        -:  196:                for (std::uint16_t component = 0; component < component_count; ++component) {
        -:  197:                    std::uint16_t component_index = 0;
        -:  198:                    if (uses_presence_mask) {
        -:  199:                        while ((presence_mask & (std::uint64_t{1} << component_index)) == 0U) {
        -:  200:                            ++component_index;
        -:  201:                        }
        -:  202:                        presence_mask &= ~(std::uint64_t{1} << component_index);
        -:  203:                    } else {
        -:  204:                        component_index = static_cast<std::uint16_t>(packet.read_bits(sync_slot_bits));
        -:  205:                    }
        -:  206:                    const std::size_t payload_bits = component_index == 1 ? 17U : sizeof(Health) * 8U;
        -:  207:                    for (std::size_t bit = 0; bit < payload_bits; ++bit) {
        -:  208:                        packet.read_bool();
        -:  209:                    }
        -:  210:                }
        -:  211:                const bool has_cues = packet.read_bool();
        -:  212:                REQUIRE_FALSE(has_cues);
        -:  213:            } else {
        -:  214:                REQUIRE(kage::sync::protocol::read_baseline_frame(packet, update.frame, record.baseline_frame));
        -:  215:                const bool tag_changed = packet.read_bool();
        -:  216:                REQUIRE_FALSE(tag_changed);
        -:  217:                const bool position_changed = packet.read_bool();
        -:  218:                if (position_changed) {
        -:  219:                    for (std::size_t bit = 0; bit < 17U; ++bit) {
        -:  220:                        packet.read_bool();
        -:  221:                    }
        -:  222:                }
        -:  223:                const bool has_cues = packet.read_bool();
        -:  224:                REQUIRE_FALSE(has_cues);
        -:  225:            }
        -:  226:        }
        -:  227:        update.records.push_back(record);
        -:  228:    }
        -:  229:    return update;
        -:  230:}
        -:  231:
function _ZN15kage_sync_tests10packet_forERKSt6vectorISt4pairImN3ecs9BitBufferEESaIS4_EEm called 0 returned 0% blocks executed 0%
    #####:  232:inline const ecs::BitBuffer& packet_for(
        -:  233:    const std::vector<std::pair<kage::sync::ClientId, ecs::BitBuffer>>& packets,
        -:  234:    kage::sync::ClientId client) {
function _ZZN15kage_sync_tests10packet_forERKSt6vectorISt4pairImN3ecs9BitBufferEESaIS4_EEmENKUlRKT_E_clIS4_EEDaSB_ called 0 returned 0% blocks executed 0%
    #####:  235:    const auto found = std::find_if(packets.begin(), packets.end(), [&](const auto& sent) {
call    0 never executed
call    1 never executed
call    2 never executed
branch  3 never executed (fallthrough)
branch  4 never executed (throw)
    #####:  236:        return sent.first == client;
        -:  237:    });
    #####:  238:    REQUIRE(found != packets.end());
call    0 never executed
call    1 never executed
call    2 never executed
call    3 never executed
branch  4 never executed (fallthrough)
branch  5 never executed (throw)
call    6 never executed
call    7 never executed
branch  8 never executed (fallthrough)
branch  9 never executed (throw)
call   10 never executed
branch 11 never executed (fallthrough)
branch 12 never executed (throw)
call   13 never executed
branch 14 never executed (fallthrough)
branch 15 never executed (throw)
call   16 never executed
call   17 never executed
branch 18 never executed (fallthrough)
branch 19 never executed (throw)
call   20 never executed
call   21 never executed
call   22 never executed
call   23 never executed
branch 24 never executed (fallthrough)
branch 25 never executed (throw)
call   26 never executed
branch 27 never executed (fallthrough)
branch 28 never executed (throw)
call   29 never executed
call   30 never executed
    #####:  239:    return found->second;
call    0 never executed
        -:  240:}
        -:  241:
        -:  242:inline std::uint32_t test_network_id(ecs::Entity entity) {
        -:  243:    return ecs::Registry::entity_index(entity) + 1U;
        -:  244:}
        -:  245:
        -:  246:inline kage::sync::ClientEntityNetworkId test_client_entity_network_id(
        -:  247:    kage::sync::ClientId client,
        -:  248:    std::uint32_t wire_network_id,
        -:  249:    std::uint32_t version = 1U) {
        -:  250:    return kage::sync::make_client_entity_network_id(client, wire_network_id, version);
        -:  251:}
        -:  252:
        -:  253:inline kage::sync::ClientEntityNetworkId test_client_entity_network_id(
        -:  254:    kage::sync::ClientId client,
        -:  255:    ecs::Entity entity,
        -:  256:    std::uint32_t version = 1U) {
        -:  257:    return test_client_entity_network_id(client, test_network_id(entity), version);
        -:  258:}
        -:  259:
        -:  260:inline kage::sync::ClientEntityNetworkId first_allocated_client_entity_network_id(
        -:  261:    kage::sync::ClientId client,
        -:  262:    std::uint32_t version = 1U) {
        -:  263:    return test_client_entity_network_id(client, 1U, version);
        -:  264:}
        -:  265:
        -:  266:inline ecs::BitBuffer make_position_packet(
        -:  267:    kage::sync::SyncFrame frame,
        -:  268:    const std::vector<std::pair<ecs::Entity, Position>>& records,
        -:  269:    std::size_t sync_slot_count = 2U,
        -:  270:    std::uint32_t packet_id = 0U) {
        -:  271:    ecs::BitBuffer packet;
        -:  272:    packet.push_bits(kage::sync::protocol::server_update_message, 8U);
        -:  273:    packet.push_bits(frame, 32U);
        -:  274:    packet.push_bits(packet_id == 0U ? frame : packet_id, kage::sync::protocol::server_packet_id_bits);
        -:  275:    packet.push_bits(0, 32U);
        -:  276:    packet.push_bits(static_cast<std::uint16_t>(records.size()), 16U);
        -:  277:    for (const auto& record : records) {
        -:  278:        packet.push_bool(false);
        -:  279:        kage::sync::protocol::write_network_entity_id(packet, test_network_id(record.first));
        -:  280:        packet.push_bool(true);
        -:  281:        packet.push_bits(0, 32U);
        -:  282:        packet.push_bool(false);
        -:  283:        packet.push_bits(1, 16U);
        -:  284:        packet.push_bits(1, kage::sync::protocol::bits_for_range(sync_slot_count));
        -:  285:
        -:  286:        packet.push_bytes(reinterpret_cast<const char*>(&record.second), sizeof(Position));
        -:  287:        packet.push_bool(false);
        -:  288:    }
        -:  289:    return packet;
        -:  290:}
        -:  291:
        -:  292:inline ecs::BitBuffer make_predicted_position_packet(
        -:  293:    kage::sync::SyncFrame frame,
        -:  294:    ecs::Entity server_entity,
        -:  295:    PredictedPosition position,
        -:  296:    std::uint32_t packet_id = 0U) {
        -:  297:    ecs::BitBuffer packet;
        -:  298:    packet.push_bits(kage::sync::protocol::server_update_message, 8U);
        -:  299:    packet.push_bits(frame, 32U);
        -:  300:    packet.push_bits(packet_id == 0U ? frame : packet_id, kage::sync::protocol::server_packet_id_bits);
        -:  301:    packet.push_bits(0, 32U);
        -:  302:    packet.push_bits(1, 16U);
        -:  303:    packet.push_bool(false);
        -:  304:    kage::sync::protocol::write_network_entity_id(packet, test_network_id(server_entity));
        -:  305:    packet.push_bool(true);
        -:  306:    packet.push_bits(0, 32U);
        -:  307:    packet.push_bool(false);
        -:  308:    packet.push_bits(1, 16U);
        -:  309:    packet.push_bits(1, kage::sync::protocol::bits_for_range(2U));
        -:  310:    packet.push_bits(static_cast<std::int32_t>(position.x * 10.0f), 16U);
        -:  311:    packet.push_bits(static_cast<std::int32_t>(position.y * 10.0f), 16U);
        -:  312:    packet.push_bool(false);
        -:  313:    return packet;
        -:  314:}
        -:  315:
        -:  316:inline ecs::BitBuffer make_destroy_packet(kage::sync::SyncFrame frame, ecs::Entity server_entity) {
        -:  317:    ecs::BitBuffer packet;
        -:  318:    packet.push_bits(kage::sync::protocol::server_update_message, 8U);
        -:  319:    packet.push_bits(frame, 32U);
        -:  320:    packet.push_bits(frame, kage::sync::protocol::server_packet_id_bits);
        -:  321:    packet.push_bits(0, 32U);
        -:  322:    packet.push_bits(1, 16U);
        -:  323:    packet.push_bool(true);
        -:  324:    kage::sync::protocol::write_network_entity_id(packet, test_network_id(server_entity));
        -:  325:    return packet;
        -:  326:}
        -:  327:
        -:  328:struct ComponentRecord {
        -:  329:    std::uint16_t component_index = 0;
        -:  330:    ecs::BitBuffer payload;
        -:  331:};
        -:  332:
        -:  333:struct EntityRecord {
        -:  334:    ecs::Entity entity;
        -:  335:    std::uint32_t network_id = 0;
        -:  336:    bool destroy = false;
        -:  337:    bool full = false;
        -:  338:    kage::sync::SyncFrame baseline_frame = 0;
        -:  339:    kage::sync::SyncArchetypeId archetype;
        -:  340:    std::vector<ComponentRecord> components;
        -:  341:};
        -:  342:
        -:  343:struct ServerUpdatePacket {
        -:  344:    std::uint8_t message = 0;
        -:  345:    kage::sync::SyncFrame frame = 0;
        -:  346:    std::uint32_t packet_id = 0;
        -:  347:    kage::sync::SyncFrame input_ack_frame = 0;
        -:  348:    std::vector<EntityRecord> entities;
        -:  349:};
        -:  350:
        -:  351:inline ecs::BitBuffer make_connect_request(const std::string& token) {
        -:  352:    ecs::BitBuffer packet;
        -:  353:    packet.push_bits(kage::sync::protocol::client_connect_request_message, 8U);
        -:  354:    kage::sync::protocol::write_string(packet, token);
        -:  355:    return packet;
        -:  356:}
        -:  357:
function _ZN15kage_sync_tests18read_server_updateEN3ecs9BitBufferEmmm called 0 returned 0% blocks executed 0%
    #####:  358:inline ServerUpdatePacket read_server_update(
        -:  359:    ecs::BitBuffer packet,
        -:  360:    std::size_t sync_slot_count = 2U,
        -:  361:    std::size_t component_one_payload_bits = 17U,
        -:  362:    std::size_t network_entity_id_tier0_bits =
        -:  363:        kage::sync::protocol::default_network_entity_id_tier0_bits) {
    #####:  364:    ServerUpdatePacket update;
call    0 never executed
    #####:  365:    update.message = static_cast<std::uint8_t>(packet.read_bits(8U));
call    0 never executed
branch  1 never executed (fallthrough)
branch  2 never executed (throw)
    #####:  366:    update.frame = static_cast<kage::sync::SyncFrame>(packet.read_bits(32U));
call    0 never executed
branch  1 never executed (fallthrough)
branch  2 never executed (throw)
    #####:  367:    update.packet_id = static_cast<std::uint32_t>(packet.read_bits(kage::sync::protocol::server_packet_id_bits));
call    0 never executed
branch  1 never executed (fallthrough)
branch  2 never executed (throw)
    #####:  368:    update.input_ack_frame = static_cast<kage::sync::SyncFrame>(packet.read_bits(32U));
call    0 never executed
branch  1 never executed (fallthrough)
branch  2 never executed (throw)
    #####:  369:    const auto entity_count = static_cast<std::uint16_t>(packet.read_bits(16U));
call    0 never executed
branch  1 never executed (fallthrough)
branch  2 never executed (throw)
    #####:  370:    update.entities.reserve(entity_count);
call    0 never executed
branch  1 never executed (fallthrough)
branch  2 never executed (throw)
    #####:  371:    for (std::uint16_t entity_index = 0; entity_index < entity_count; ++entity_index) {
branch  0 never executed
branch  1 never executed (fallthrough)
    #####:  372:        EntityRecord entity;
call    0 never executed
    #####:  373:        entity.destroy = packet.read_bool();
call    0 never executed
branch  1 never executed (fallthrough)
branch  2 never executed (throw)
    #####:  374:        REQUIRE(kage::sync::protocol::read_network_entity_id(
call    0 never executed
call    1 never executed
call    2 never executed
call    3 never executed
branch  4 never executed (fallthrough)
branch  5 never executed (throw)
call    6 never executed
branch  7 never executed (fallthrough)
branch  8 never executed (throw)
call    9 never executed
branch 10 never executed (fallthrough)
branch 11 never executed (throw)
call   12 never executed
branch 13 never executed (fallthrough)
branch 14 never executed (throw)
call   15 never executed
branch 16 never executed (fallthrough)
branch 17 never executed (throw)
call   18 never executed
call   19 never executed
call   20 never executed
branch 21 never executed (fallthrough)
branch 22 never executed (throw)
call   23 never executed
branch 24 never executed (fallthrough)
branch 25 never executed (throw)
call   26 never executed
call   27 never executed
        -:  375:            packet,
        -:  376:            entity.network_id,
        -:  377:            network_entity_id_tier0_bits));
    #####:  378:        if (entity.destroy) {
branch  0 never executed (fallthrough)
branch  1 never executed
    #####:  379:            update.entities.push_back(std::move(entity));
call    0 never executed
call    1 never executed
branch  2 never executed (fallthrough)
branch  3 never executed (throw)
    #####:  380:            continue;
        -:  381:        }
    #####:  382:        entity.full = packet.read_bool();
call    0 never executed
branch  1 never executed (fallthrough)
branch  2 never executed (throw)
    #####:  383:        if (entity.full) {
branch  0 never executed (fallthrough)
branch  1 never executed
    #####:  384:            entity.archetype =
    #####:  385:                kage::sync::SyncArchetypeId{static_cast<std::uint32_t>(packet.read_bits(32U))};
call    0 never executed
branch  1 never executed (fallthrough)
branch  2 never executed (throw)
    #####:  386:            const bool uses_presence_mask = packet.read_bool();
call    0 never executed
branch  1 never executed (fallthrough)
branch  2 never executed (throw)
    #####:  387:            const std::size_t sync_slot_bits = kage::sync::protocol::bits_for_range(sync_slot_count);
call    0 never executed
    #####:  388:            std::uint16_t component_count = 0;
    #####:  389:            std::uint64_t presence_mask = 0;
    #####:  390:            if (uses_presence_mask) {
branch  0 never executed (fallthrough)
branch  1 never executed
    #####:  391:                presence_mask = packet.read_unsigned_bits(sync_slot_count);
call    0 never executed
branch  1 never executed (fallthrough)
branch  2 never executed (throw)
    #####:  392:                for (std::size_t slot = 0; slot < sync_slot_count; ++slot) {
branch  0 never executed
branch  1 never executed
    #####:  393:                    if ((presence_mask & (std::uint64_t{1} << slot)) != 0U) {
branch  0 never executed (fallthrough)
branch  1 never executed
    #####:  394:                        ++component_count;
        -:  395:                    }
        -:  396:                }
        -:  397:            } else {
    #####:  398:                component_count = static_cast<std::uint16_t>(packet.read_bits(16U));
call    0 never executed
branch  1 never executed (fallthrough)
branch  2 never executed (throw)
        -:  399:            }
    #####:  400:            entity.components.reserve(component_count);
call    0 never executed
branch  1 never executed (fallthrough)
branch  2 never executed (throw)
    #####:  401:            for (std::uint16_t component = 0; component < component_count; ++component) {
branch  0 never executed
branch  1 never executed (fallthrough)
    #####:  402:                ComponentRecord record;
call    0 never executed
    #####:  403:                if (uses_presence_mask) {
branch  0 never executed (fallthrough)
branch  1 never executed
    #####:  404:                    while ((presence_mask & (std::uint64_t{1} << record.component_index)) == 0U) {
branch  0 never executed
branch  1 never executed (fallthrough)
    #####:  405:                        ++record.component_index;
        -:  406:                    }
    #####:  407:                    presence_mask &= ~(std::uint64_t{1} << record.component_index);
        -:  408:                } else {
    #####:  409:                    record.component_index = static_cast<std::uint16_t>(packet.read_bits(sync_slot_bits));
call    0 never executed
branch  1 never executed (fallthrough)
branch  2 never executed (throw)
        -:  410:                }
    #####:  411:                const std::size_t payload_bits =
    #####:  412:                    record.component_index == 1 ? component_one_payload_bits : sizeof(Health) * 8U;
branch  0 never executed (fallthrough)
branch  1 never executed
    #####:  413:                for (std::size_t bit = 0; bit < payload_bits; ++bit) {
branch  0 never executed
branch  1 never executed (fallthrough)
    #####:  414:                    record.payload.push_bool(packet.read_bool());
call    0 never executed
branch  1 never executed (fallthrough)
branch  2 never executed (throw)
call    3 never executed
branch  4 never executed (fallthrough)
branch  5 never executed (throw)
        -:  415:                }
    #####:  416:                entity.components.push_back(std::move(record));
call    0 never executed
call    1 never executed
branch  2 never executed (fallthrough)
branch  3 never executed (throw)
    #####:  417:            }
call    0 never executed
call    1 never executed
    #####:  418:            const bool has_cues = packet.read_bool();
call    0 never executed
branch  1 never executed (fallthrough)
branch  2 never executed (throw)
    #####:  419:            REQUIRE_FALSE(has_cues);
call    0 never executed
branch  1 never executed (fallthrough)
branch  2 never executed (throw)
call    3 never executed
call    4 never executed
call    5 never executed
call    6 never executed
branch  7 never executed (fallthrough)
branch  8 never executed (throw)
call    9 never executed
branch 10 never executed (fallthrough)
branch 11 never executed (throw)
call   12 never executed
branch 13 never executed (fallthrough)
branch 14 never executed (throw)
call   15 never executed
branch 16 never executed (fallthrough)
branch 17 never executed (throw)
call   18 never executed
call   19 never executed
call   20 never executed
branch 21 never executed (fallthrough)
branch 22 never executed (throw)
call   23 never executed
branch 24 never executed (fallthrough)
branch 25 never executed (throw)
call   26 never executed
call   27 never executed
        -:  420:        } else {
    #####:  421:            REQUIRE(kage::sync::protocol::read_baseline_frame(packet, update.frame, entity.baseline_frame));
call    0 never executed
call    1 never executed
call    2 never executed
call    3 never executed
branch  4 never executed (fallthrough)
branch  5 never executed (throw)
call    6 never executed
branch  7 never executed (fallthrough)
branch  8 never executed (throw)
call    9 never executed
branch 10 never executed (fallthrough)
branch 11 never executed (throw)
call   12 never executed
branch 13 never executed (fallthrough)
branch 14 never executed (throw)
call   15 never executed
branch 16 never executed (fallthrough)
branch 17 never executed (throw)
call   18 never executed
call   19 never executed
call   20 never executed
branch 21 never executed (fallthrough)
branch 22 never executed (throw)
call   23 never executed
branch 24 never executed (fallthrough)
branch 25 never executed (throw)
call   26 never executed
call   27 never executed
    #####:  422:            const bool tag_changed = packet.read_bool();
call    0 never executed
branch  1 never executed (fallthrough)
branch  2 never executed (throw)
    #####:  423:            REQUIRE_FALSE(tag_changed);
call    0 never executed
branch  1 never executed (fallthrough)
branch  2 never executed (throw)
call    3 never executed
call    4 never executed
call    5 never executed
call    6 never executed
branch  7 never executed (fallthrough)
branch  8 never executed (throw)
call    9 never executed
branch 10 never executed (fallthrough)
branch 11 never executed (throw)
call   12 never executed
branch 13 never executed (fallthrough)
branch 14 never executed (throw)
call   15 never executed
branch 16 never executed (fallthrough)
branch 17 never executed (throw)
call   18 never executed
call   19 never executed
call   20 never executed
branch 21 never executed (fallthrough)
branch 22 never executed (throw)
call   23 never executed
branch 24 never executed (fallthrough)
branch 25 never executed (throw)
call   26 never executed
call   27 never executed
    #####:  424:            std::vector<std::uint16_t> changed_components;
call    0 never executed
    #####:  425:            for (std::uint16_t component_index = 1; component_index < sync_slot_count; ++component_index) {
branch  0 never executed
branch  1 never executed (fallthrough)
    #####:  426:                if (packet.read_bool()) {
call    0 never executed
branch  1 never executed (fallthrough)
branch  2 never executed (throw)
branch  3 never executed (fallthrough)
branch  4 never executed
    #####:  427:                    changed_components.push_back(component_index);
call    0 never executed
branch  1 never executed (fallthrough)
branch  2 never executed (throw)
        -:  428:                }
        -:  429:            }
    #####:  430:            for (std::size_t changed_index = 0; changed_index < changed_components.size(); ++changed_index) {
call    0 never executed
branch  1 never executed
branch  2 never executed (fallthrough)
    #####:  431:                ComponentRecord record;
call    0 never executed
    #####:  432:                record.component_index = changed_components[changed_index];
call    0 never executed
    #####:  433:                const std::size_t payload_bits =
    #####:  434:                    record.component_index == 1 ? component_one_payload_bits : sizeof(Health) * 8U;
branch  0 never executed (fallthrough)
branch  1 never executed
    #####:  435:                for (std::size_t bit = 0; bit < payload_bits; ++bit) {
branch  0 never executed
branch  1 never executed (fallthrough)
    #####:  436:                    record.payload.push_bool(packet.read_bool());
call    0 never executed
branch  1 never executed (fallthrough)
branch  2 never executed (throw)
call    3 never executed
branch  4 never executed (fallthrough)
branch  5 never executed (throw)
        -:  437:                }
    #####:  438:                entity.components.push_back(std::move(record));
call    0 never executed
call    1 never executed
branch  2 never executed (fallthrough)
branch  3 never executed (throw)
    #####:  439:            }
call    0 never executed
call    1 never executed
    #####:  440:            const bool has_cues = packet.read_bool();
call    0 never executed
branch  1 never executed (fallthrough)
branch  2 never executed (throw)
    #####:  441:            REQUIRE_FALSE(has_cues);
call    0 never executed
branch  1 never executed (fallthrough)
branch  2 never executed (throw)
call    3 never executed
call    4 never executed
call    5 never executed
call    6 never executed
branch  7 never executed (fallthrough)
branch  8 never executed (throw)
call    9 never executed
branch 10 never executed (fallthrough)
branch 11 never executed (throw)
call   12 never executed
branch 13 never executed (fallthrough)
branch 14 never executed (throw)
call   15 never executed
branch 16 never executed (fallthrough)
branch 17 never executed (throw)
call   18 never executed
call   19 never executed
call   20 never executed
branch 21 never executed (fallthrough)
branch 22 never executed (throw)
call   23 never executed
branch 24 never executed (fallthrough)
branch 25 never executed (throw)
call   26 never executed
call   27 never executed
    #####:  442:        }
call    0 never executed
call    1 never executed
    #####:  443:        update.entities.push_back(std::move(entity));
call    0 never executed
call    1 never executed
branch  2 never executed (fallthrough)
branch  3 never executed (throw)
    #####:  444:    }
call    0 never executed
branch  1 never executed (fallthrough)
branch  2 never executed
call    3 never executed
    #####:  445:    return update;
    =====:  446:}
call    0 never executed
        -:  447:
function _ZN15kage_sync_tests28read_first_networked_payloadERKN3ecs9BitBufferE called 0 returned 0% blocks executed 0%
    #####:  448:inline NetworkedPayload read_first_networked_payload(const ecs::BitBuffer& packet) {
    #####:  449:    const ServerUpdatePacket update = read_server_update(packet);
call    0 never executed
branch  1 never executed (fallthrough)
branch  2 never executed (throw)
call    3 never executed
branch  4 never executed (fallthrough)
branch  5 never executed (throw)
call    6 never executed
call    7 never executed
    #####:  450:    REQUIRE(update.message == 1);
call    0 never executed
call    1 never executed
call    2 never executed
call    3 never executed
branch  4 never executed (fallthrough)
branch  5 never executed (throw)
call    6 never executed
branch  7 never executed (fallthrough)
branch  8 never executed (throw)
call    9 never executed
branch 10 never executed (fallthrough)
branch 11 never executed (throw)
call   12 never executed
branch 13 never executed (fallthrough)
branch 14 never executed (throw)
call   15 never executed
call   16 never executed
branch 17 never executed (fallthrough)
branch 18 never executed (throw)
call   19 never executed
call   20 never executed
call   21 never executed
call   22 never executed
branch 23 never executed (fallthrough)
branch 24 never executed (throw)
call   25 never executed
branch 26 never executed (fallthrough)
branch 27 never executed (throw)
call   28 never executed
call   29 never executed
    #####:  451:    REQUIRE(update.entities.size() == 1);
call    0 never executed
call    1 never executed
call    2 never executed
call    3 never executed
branch  4 never executed (fallthrough)
branch  5 never executed (throw)
call    6 never executed
call    7 never executed
branch  8 never executed (fallthrough)
branch  9 never executed (throw)
call   10 never executed
branch 11 never executed (fallthrough)
branch 12 never executed (throw)
call   13 never executed
branch 14 never executed (fallthrough)
branch 15 never executed (throw)
call   16 never executed
call   17 never executed
branch 18 never executed (fallthrough)
branch 19 never executed (throw)
call   20 never executed
call   21 never executed
call   22 never executed
call   23 never executed
branch 24 never executed (fallthrough)
branch 25 never executed (throw)
call   26 never executed
branch 27 never executed (fallthrough)
branch 28 never executed (throw)
call   29 never executed
call   30 never executed
    #####:  452:    REQUIRE(update.entities[0].components.size() == 1);
call    0 never executed
call    1 never executed
call    2 never executed
call    3 never executed
branch  4 never executed (fallthrough)
branch  5 never executed (throw)
call    6 never executed
call    7 never executed
call    8 never executed
branch  9 never executed (fallthrough)
branch 10 never executed (throw)
call   11 never executed
branch 12 never executed (fallthrough)
branch 13 never executed (throw)
call   14 never executed
branch 15 never executed (fallthrough)
branch 16 never executed (throw)
call   17 never executed
call   18 never executed
branch 19 never executed (fallthrough)
branch 20 never executed (throw)
call   21 never executed
call   22 never executed
call   23 never executed
call   24 never executed
branch 25 never executed (fallthrough)
branch 26 never executed (throw)
call   27 never executed
branch 28 never executed (fallthrough)
branch 29 never executed (throw)
call   30 never executed
call   31 never executed
    #####:  453:    return read_networked_payload(update.entities[0].components[0].payload);
call    0 never executed
call    1 never executed
call    2 never executed
branch  3 never executed (fallthrough)
branch  4 never executed (throw)
call    5 never executed
branch  6 never executed (fallthrough)
branch  7 never executed (throw)
call    8 never executed
call    9 never executed
    #####:  454:}
call    0 never executed
call    1 never executed
        -:  455:
function _ZN15kage_sync_tests16write_ack_packetEj called 0 returned 0% blocks executed 0%
    #####:  456:inline ecs::BitBuffer write_ack_packet(std::uint32_t packet_id) {
    #####:  457:    ecs::BitBuffer packet;
call    0 never executed
    #####:  458:    packet.push_bits(kage::sync::protocol::client_ack_message, 8U);
call    0 never executed
branch  1 never executed (fallthrough)
branch  2 never executed (throw)
    #####:  459:    packet.push_bits(1, 16U);
call    0 never executed
branch  1 never executed (fallthrough)
branch  2 never executed (throw)
    #####:  460:    packet.push_bits(packet_id, kage::sync::protocol::server_packet_id_bits);
call    0 never executed
branch  1 never executed (fallthrough)
branch  2 never executed (throw)
    #####:  461:    return packet;
    =====:  462:}
call    0 never executed
        -:  463:
        -:  464:}  // namespace kage_sync_tests
