        -:    0:Source:/home/runner/work/kage-sync/kage-sync/kage-sync/tests/replay_streamer.test.cpp
        -:    0:Graph:/home/runner/work/kage-sync/kage-sync/kage-sync/build-coverage/tests/CMakeFiles/kage_sync_tests.dir/replay_streamer.test.cpp.gcno
        -:    0:Data:/home/runner/work/kage-sync/kage-sync/kage-sync/build-coverage/tests/CMakeFiles/kage_sync_tests.dir/replay_streamer.test.cpp.gcda
        -:    0:Runs:317
        -:    1:#include "test_protocol.hpp"
        -:    2:
        -:    3:#include <catch2/catch_test_macros.hpp>
        -:    4:
        -:    5:namespace {
        -:    6:
function _ZN12_GLOBAL__N_113record_framesERN3ecs8RegistryERN4kage4sync17ReplicationServerE called 1 returned 100% blocks executed 50%
        1:    7:std::vector<kage::sync::ReplicationReplayFrame> record_frames(ecs::Registry& registry, kage::sync::ReplicationServer& server) {
        1:    8:    std::vector<kage::sync::ReplicationReplayFrame> frames;
call    0 returned 1
function _ZZN12_GLOBAL__N_113record_framesERN3ecs8RegistryERN4kage4sync17ReplicationServerEENKUlNS4_22ReplicationReplayFrameEE_clES7_ called 1 returned 100% blocks executed 100%
    #####:    9:    kage::sync::ReplicationReplayWriter writer({60, [&](kage::sync::ReplicationReplayFrame frame) {
        1:   10:        frames.push_back(std::move(frame));
call    0 returned 1
call    1 returned 1
        1:   11:    }});
call    0 returned 1
call    1 never executed
        1:   12:    writer.attach(server);
call    0 returned 1
branch  1 taken 1 (fallthrough)
branch  2 taken 0 (throw)
        1:   13:    REQUIRE(server.tick(registry, server.options().fixed_dt_seconds));
call    0 returned 1
call    1 returned 1
call    2 returned 1
call    3 returned 1
branch  4 taken 1 (fallthrough)
branch  5 taken 0 (throw)
call    6 returned 1
call    7 returned 1
branch  8 taken 1 (fallthrough)
branch  9 taken 0 (throw)
call   10 returned 1
branch 11 taken 1 (fallthrough)
branch 12 taken 0 (throw)
call   13 returned 1
branch 14 taken 1 (fallthrough)
branch 15 taken 0 (throw)
call   16 returned 1
branch 17 taken 1 (fallthrough)
branch 18 taken 0 (throw)
call   19 returned 1
call   20 never executed
call   21 never executed
branch 22 never executed (fallthrough)
branch 23 never executed (throw)
call   24 never executed
branch 25 never executed (fallthrough)
branch 26 never executed (throw)
call   27 never executed
call   28 never executed
        1:   14:    writer.detach();
call    0 returned 1
branch  1 taken 1 (fallthrough)
branch  2 taken 0 (throw)
        2:   15:    return frames;
        2:   16:}
call    0 returned 1
call    1 returned 1
branch  2 taken 1 (fallthrough)
branch  3 taken 0 (throw)
call    4 returned 1
branch  5 never executed (fallthrough)
branch  6 never executed
call    7 never executed
call    8 never executed
call    9 never executed
        -:   17:
function _ZN12_GLOBAL__N_122single_replayed_entityERN3ecs8RegistryE called 3 returned 100% blocks executed 71%
        3:   18:ecs::Entity single_replayed_entity(ecs::Registry& registry) {
        3:   19:    ecs::Entity found;
function _ZZN12_GLOBAL__N_122single_replayed_entityERN3ecs8RegistryEENKUlNS0_6EntityERKN4kage4sync10ReplicatedEE_clES3_S8_ called 3 returned 100% blocks executed 100%
        3:   20:    registry.view<const kage::sync::Replicated>().each([&found](ecs::Entity entity, const kage::sync::Replicated&) {
call    0 returned 3
branch  1 taken 3 (fallthrough)
branch  2 taken 0 (throw)
call    3 returned 3
branch  4 taken 3 (fallthrough)
branch  5 taken 0 (throw)
        3:   21:        found = entity;
        3:   22:    });
        3:   23:    return found;
        -:   24:}
        -:   25:
        -:   26:}  // namespace
        -:   27:
function _ZL22CATCH2_INTERNAL_TEST_0v called 1 returned 100% blocks executed 48%
        1:   28:TEST_CASE("replication replay streamer restores full replicated state") {
        1:   29:    ecs::Registry source;
call    0 returned 1
branch  1 taken 1 (fallthrough)
branch  2 taken 0 (throw)
        1:   30:    kage::sync::configure_server(source);
call    0 returned 1
branch  1 taken 1 (fallthrough)
branch  2 taken 0 (throw)
        1:   31:    const kage::sync::SyncArchetypeId archetype = kage_sync_tests::define_position_archetype(source);
call    0 returned 1
branch  1 taken 1 (fallthrough)
branch  2 taken 0 (throw)
        1:   32:    const ecs::Entity entity = source.create();
call    0 returned 1
branch  1 taken 1 (fallthrough)
branch  2 taken 0 (throw)
        1:   33:    source.add<kage_sync_tests::Position>(entity, kage_sync_tests::Position{1.0f, 2.0f});
call    0 returned 1
branch  1 taken 1 (fallthrough)
branch  2 taken 0 (throw)
        1:   34:    REQUIRE(kage_sync_tests::start_sync(source, entity, archetype));
call    0 returned 1
call    1 returned 1
call    2 returned 1
call    3 returned 1
branch  4 taken 1 (fallthrough)
branch  5 taken 0 (throw)
call    6 returned 1
branch  7 taken 1 (fallthrough)
branch  8 taken 0 (throw)
call    9 returned 1
branch 10 taken 1 (fallthrough)
branch 11 taken 0 (throw)
call   12 returned 1
branch 13 taken 1 (fallthrough)
branch 14 taken 0 (throw)
call   15 returned 1
branch 16 taken 1 (fallthrough)
branch 17 taken 0 (throw)
call   18 returned 1
call   19 never executed
call   20 never executed
branch 21 never executed (fallthrough)
branch 22 never executed (throw)
call   23 never executed
branch 24 never executed (fallthrough)
branch 25 never executed (throw)
call   26 never executed
call   27 never executed
        -:   35:
        1:   36:    kage::sync::ReplicationServer source_server;
call    0 returned 1
call    1 never executed
        1:   37:    std::vector<kage::sync::ReplicationReplayFrame> frames = record_frames(source, source_server);
call    0 returned 1
branch  1 taken 1 (fallthrough)
branch  2 taken 0 (throw)
        1:   38:    REQUIRE(frames.size() == 1U);
call    0 returned 1
call    1 returned 1
call    2 returned 1
call    3 returned 1
branch  4 taken 1 (fallthrough)
branch  5 taken 0 (throw)
call    6 returned 1
call    7 returned 1
branch  8 taken 1 (fallthrough)
branch  9 taken 0 (throw)
call   10 returned 1
branch 11 taken 1 (fallthrough)
branch 12 taken 0 (throw)
call   13 returned 1
branch 14 taken 1 (fallthrough)
branch 15 taken 0 (throw)
call   16 returned 1
call   17 returned 1
branch 18 taken 1 (fallthrough)
branch 19 taken 0 (throw)
call   20 returned 1
call   21 never executed
call   22 never executed
call   23 never executed
branch 24 never executed (fallthrough)
branch 25 never executed (throw)
call   26 never executed
branch 27 never executed (fallthrough)
branch 28 never executed (throw)
call   29 never executed
call   30 never executed
        -:   39:
        1:   40:    ecs::Registry playback;
call    0 returned 1
branch  1 taken 1 (fallthrough)
branch  2 taken 0 (throw)
        1:   41:    kage::sync::configure_server(playback);
call    0 returned 1
branch  1 taken 1 (fallthrough)
branch  2 taken 0 (throw)
        1:   42:    (void)kage_sync_tests::define_position_archetype(playback);
call    0 returned 1
branch  1 taken 1 (fallthrough)
branch  2 taken 0 (throw)
        -:   43:
        1:   44:    kage::sync::ReplicationReplayStreamer streamer;
call    0 returned 1
branch  1 taken 1 (fallthrough)
branch  2 taken 0 (throw)
        1:   45:    kage::sync::ReplicationReplayStreamSession session;
call    0 returned 1
        1:   46:    streamer.push_frame(frames[0]);
call    0 returned 1
call    1 returned 1
branch  2 taken 1 (fallthrough)
branch  3 taken 0 (throw)
        1:   47:    REQUIRE(streamer.apply_frame(frames[0], playback, session));
call    0 returned 1
call    1 returned 1
call    2 returned 1
call    3 returned 1
branch  4 taken 1 (fallthrough)
branch  5 taken 0 (throw)
call    6 returned 1
call    7 returned 1
branch  8 taken 1 (fallthrough)
branch  9 taken 0 (throw)
call   10 returned 1
branch 11 taken 1 (fallthrough)
branch 12 taken 0 (throw)
call   13 returned 1
branch 14 taken 1 (fallthrough)
branch 15 taken 0 (throw)
call   16 returned 1
branch 17 taken 1 (fallthrough)
branch 18 taken 0 (throw)
call   19 returned 1
call   20 never executed
call   21 never executed
branch 22 never executed (fallthrough)
branch 23 never executed (throw)
call   24 never executed
branch 25 never executed (fallthrough)
branch 26 never executed (throw)
call   27 never executed
call   28 never executed
        -:   48:
        1:   49:    const ecs::Entity replayed = single_replayed_entity(playback);
call    0 returned 1
branch  1 taken 1 (fallthrough)
branch  2 taken 0 (throw)
        1:   50:    REQUIRE(replayed);
call    0 returned 1
call    1 returned 1
call    2 returned 1
call    3 returned 1
branch  4 taken 1 (fallthrough)
branch  5 taken 0 (throw)
call    6 returned 1
branch  7 taken 1 (fallthrough)
branch  8 taken 0 (throw)
call    9 returned 1
branch 10 taken 1 (fallthrough)
branch 11 taken 0 (throw)
call   12 returned 1
branch 13 taken 1 (fallthrough)
branch 14 taken 0 (throw)
call   15 returned 1
call   16 never executed
call   17 never executed
branch 18 never executed (fallthrough)
branch 19 never executed (throw)
call   20 never executed
branch 21 never executed (fallthrough)
branch 22 never executed (throw)
call   23 never executed
call   24 never executed
        1:   51:    REQUIRE(playback.get<kage_sync_tests::Position>(replayed).x == 1.0f);
call    0 returned 1
call    1 returned 1
call    2 returned 1
call    3 returned 1
branch  4 taken 1 (fallthrough)
branch  5 taken 0 (throw)
call    6 returned 1
branch  7 taken 1 (fallthrough)
branch  8 taken 0 (throw)
call    9 returned 1
branch 10 taken 1 (fallthrough)
branch 11 taken 0 (throw)
call   12 returned 1
branch 13 taken 1 (fallthrough)
branch 14 taken 0 (throw)
call   15 returned 1
branch 16 taken 1 (fallthrough)
branch 17 taken 0 (throw)
call   18 returned 1
call   19 returned 1
branch 20 taken 1 (fallthrough)
branch 21 taken 0 (throw)
call   22 returned 1
call   23 never executed
call   24 never executed
call   25 never executed
branch 26 never executed (fallthrough)
branch 27 never executed (throw)
call   28 never executed
branch 29 never executed (fallthrough)
branch 30 never executed (throw)
call   31 never executed
call   32 never executed
        1:   52:    REQUIRE(playback.get<kage_sync_tests::Position>(replayed).y == 2.0f);
call    0 returned 1
call    1 returned 1
call    2 returned 1
call    3 returned 1
branch  4 taken 1 (fallthrough)
branch  5 taken 0 (throw)
call    6 returned 1
branch  7 taken 1 (fallthrough)
branch  8 taken 0 (throw)
call    9 returned 1
branch 10 taken 1 (fallthrough)
branch 11 taken 0 (throw)
call   12 returned 1
branch 13 taken 1 (fallthrough)
branch 14 taken 0 (throw)
call   15 returned 1
branch 16 taken 1 (fallthrough)
branch 17 taken 0 (throw)
call   18 returned 1
call   19 returned 1
branch 20 taken 1 (fallthrough)
branch 21 taken 0 (throw)
call   22 returned 1
call   23 never executed
call   24 never executed
call   25 never executed
branch 26 never executed (fallthrough)
branch 27 never executed (throw)
call   28 never executed
branch 29 never executed (fallthrough)
branch 30 never executed (throw)
call   31 never executed
call   32 never executed
        2:   53:}
call    0 returned 1
call    1 returned 1
call    2 returned 1
call    3 returned 1
branch  4 taken 1 (fallthrough)
branch  5 taken 0 (throw)
call    6 returned 1
call    7 returned 1
call    8 returned 1
call    9 returned 1
call   10 returned 1
call   11 returned 1
branch 12 never executed (fallthrough)
branch 13 never executed
call   14 never executed
branch 15 never executed (fallthrough)
branch 16 never executed
call   17 never executed
branch 18 never executed (fallthrough)
branch 19 never executed
call   20 never executed
call   21 never executed
call   22 never executed
call   23 never executed
call   24 never executed
call   25 never executed
call   26 never executed
        -:   54:
function _ZL22CATCH2_INTERNAL_TEST_2v called 1 returned 100% blocks executed 49%
        1:   55:TEST_CASE("replication replay streamer applies deltas and destroys") {
        1:   56:    ecs::Registry source;
call    0 returned 1
branch  1 taken 1 (fallthrough)
branch  2 taken 0 (throw)
        1:   57:    kage::sync::configure_server(source);
call    0 returned 1
branch  1 taken 1 (fallthrough)
branch  2 taken 0 (throw)
        1:   58:    const kage::sync::SyncArchetypeId archetype = kage_sync_tests::define_position_archetype(source);
call    0 returned 1
branch  1 taken 1 (fallthrough)
branch  2 taken 0 (throw)
        1:   59:    const ecs::Entity entity = source.create();
call    0 returned 1
branch  1 taken 1 (fallthrough)
branch  2 taken 0 (throw)
        1:   60:    source.add<kage_sync_tests::Position>(entity, kage_sync_tests::Position{1.0f, 2.0f});
call    0 returned 1
branch  1 taken 1 (fallthrough)
branch  2 taken 0 (throw)
        1:   61:    REQUIRE(kage_sync_tests::start_sync(source, entity, archetype));
call    0 returned 1
call    1 returned 1
call    2 returned 1
call    3 returned 1
branch  4 taken 1 (fallthrough)
branch  5 taken 0 (throw)
call    6 returned 1
branch  7 taken 1 (fallthrough)
branch  8 taken 0 (throw)
call    9 returned 1
branch 10 taken 1 (fallthrough)
branch 11 taken 0 (throw)
call   12 returned 1
branch 13 taken 1 (fallthrough)
branch 14 taken 0 (throw)
call   15 returned 1
branch 16 taken 1 (fallthrough)
branch 17 taken 0 (throw)
call   18 returned 1
call   19 never executed
call   20 never executed
branch 21 never executed (fallthrough)
branch 22 never executed (throw)
call   23 never executed
branch 24 never executed (fallthrough)
branch 25 never executed (throw)
call   26 never executed
call   27 never executed
        -:   62:
        1:   63:    std::vector<kage::sync::ReplicationReplayFrame> frames;
call    0 returned 1
function _ZZL22CATCH2_INTERNAL_TEST_2vENKUlN4kage4sync22ReplicationReplayFrameEE_clES1_ called 3 returned 100% blocks executed 100%
    #####:   64:    kage::sync::ReplicationReplayWriter writer({60, [&](kage::sync::ReplicationReplayFrame frame) {
        3:   65:        frames.push_back(std::move(frame));
call    0 returned 3
call    1 returned 3
        1:   66:    }});
call    0 returned 1
call    1 never executed
        1:   67:    kage::sync::ReplicationServer source_server;
call    0 returned 1
call    1 never executed
        1:   68:    writer.attach(source_server);
call    0 returned 1
branch  1 taken 1 (fallthrough)
branch  2 taken 0 (throw)
        1:   69:    REQUIRE(source_server.tick(source, source_server.options().fixed_dt_seconds));
call    0 returned 1
call    1 returned 1
call    2 returned 1
call    3 returned 1
branch  4 taken 1 (fallthrough)
branch  5 taken 0 (throw)
call    6 returned 1
call    7 returned 1
branch  8 taken 1 (fallthrough)
branch  9 taken 0 (throw)
call   10 returned 1
branch 11 taken 1 (fallthrough)
branch 12 taken 0 (throw)
call   13 returned 1
branch 14 taken 1 (fallthrough)
branch 15 taken 0 (throw)
call   16 returned 1
branch 17 taken 1 (fallthrough)
branch 18 taken 0 (throw)
call   19 returned 1
call   20 never executed
call   21 never executed
branch 22 never executed (fallthrough)
branch 23 never executed (throw)
call   24 never executed
branch 25 never executed (fallthrough)
branch 26 never executed (throw)
call   27 never executed
call   28 never executed
        1:   70:    source.write<kage_sync_tests::Position>(entity).x = 5.0f;
call    0 returned 1
branch  1 taken 1 (fallthrough)
branch  2 taken 0 (throw)
        1:   71:    REQUIRE(source_server.tick(source, source_server.options().fixed_dt_seconds));
call    0 returned 1
call    1 returned 1
call    2 returned 1
call    3 returned 1
branch  4 taken 1 (fallthrough)
branch  5 taken 0 (throw)
call    6 returned 1
call    7 returned 1
branch  8 taken 1 (fallthrough)
branch  9 taken 0 (throw)
call   10 returned 1
branch 11 taken 1 (fallthrough)
branch 12 taken 0 (throw)
call   13 returned 1
branch 14 taken 1 (fallthrough)
branch 15 taken 0 (throw)
call   16 returned 1
branch 17 taken 1 (fallthrough)
branch 18 taken 0 (throw)
call   19 returned 1
call   20 never executed
call   21 never executed
branch 22 never executed (fallthrough)
branch 23 never executed (throw)
call   24 never executed
branch 25 never executed (fallthrough)
branch 26 never executed (throw)
call   27 never executed
call   28 never executed
        1:   72:    REQUIRE(source.destroy(entity));
call    0 returned 1
call    1 returned 1
call    2 returned 1
call    3 returned 1
branch  4 taken 1 (fallthrough)
branch  5 taken 0 (throw)
call    6 returned 1
branch  7 taken 1 (fallthrough)
branch  8 taken 0 (throw)
call    9 returned 1
branch 10 taken 1 (fallthrough)
branch 11 taken 0 (throw)
call   12 returned 1
branch 13 taken 1 (fallthrough)
branch 14 taken 0 (throw)
call   15 returned 1
branch 16 taken 1 (fallthrough)
branch 17 taken 0 (throw)
call   18 returned 1
call   19 never executed
call   20 never executed
branch 21 never executed (fallthrough)
branch 22 never executed (throw)
call   23 never executed
branch 24 never executed (fallthrough)
branch 25 never executed (throw)
call   26 never executed
call   27 never executed
        1:   73:    REQUIRE(source_server.tick(source, source_server.options().fixed_dt_seconds));
call    0 returned 1
call    1 returned 1
call    2 returned 1
call    3 returned 1
branch  4 taken 1 (fallthrough)
branch  5 taken 0 (throw)
call    6 returned 1
call    7 returned 1
branch  8 taken 1 (fallthrough)
branch  9 taken 0 (throw)
call   10 returned 1
branch 11 taken 1 (fallthrough)
branch 12 taken 0 (throw)
call   13 returned 1
branch 14 taken 1 (fallthrough)
branch 15 taken 0 (throw)
call   16 returned 1
branch 17 taken 1 (fallthrough)
branch 18 taken 0 (throw)
call   19 returned 1
call   20 never executed
call   21 never executed
branch 22 never executed (fallthrough)
branch 23 never executed (throw)
call   24 never executed
branch 25 never executed (fallthrough)
branch 26 never executed (throw)
call   27 never executed
call   28 never executed
        1:   74:    writer.detach();
call    0 returned 1
branch  1 taken 1 (fallthrough)
branch  2 taken 0 (throw)
        1:   75:    REQUIRE(frames.size() == 3U);
call    0 returned 1
call    1 returned 1
call    2 returned 1
call    3 returned 1
branch  4 taken 1 (fallthrough)
branch  5 taken 0 (throw)
call    6 returned 1
call    7 returned 1
branch  8 taken 1 (fallthrough)
branch  9 taken 0 (throw)
call   10 returned 1
branch 11 taken 1 (fallthrough)
branch 12 taken 0 (throw)
call   13 returned 1
branch 14 taken 1 (fallthrough)
branch 15 taken 0 (throw)
call   16 returned 1
call   17 returned 1
branch 18 taken 1 (fallthrough)
branch 19 taken 0 (throw)
call   20 returned 1
call   21 never executed
call   22 never executed
call   23 never executed
branch 24 never executed (fallthrough)
branch 25 never executed (throw)
call   26 never executed
branch 27 never executed (fallthrough)
branch 28 never executed (throw)
call   29 never executed
call   30 never executed
        -:   76:
        1:   77:    ecs::Registry playback;
call    0 returned 1
branch  1 taken 1 (fallthrough)
branch  2 taken 0 (throw)
        1:   78:    kage::sync::configure_server(playback);
call    0 returned 1
branch  1 taken 1 (fallthrough)
branch  2 taken 0 (throw)
        1:   79:    (void)kage_sync_tests::define_position_archetype(playback);
call    0 returned 1
branch  1 taken 1 (fallthrough)
branch  2 taken 0 (throw)
        -:   80:
        1:   81:    kage::sync::ReplicationReplayStreamer streamer;
call    0 returned 1
branch  1 taken 1 (fallthrough)
branch  2 taken 0 (throw)
        1:   82:    kage::sync::ReplicationReplayStreamSession session;
call    0 returned 1
        1:   83:    REQUIRE(streamer.apply_frame(frames[0], playback, session));
call    0 returned 1
call    1 returned 1
call    2 returned 1
call    3 returned 1
branch  4 taken 1 (fallthrough)
branch  5 taken 0 (throw)
call    6 returned 1
call    7 returned 1
branch  8 taken 1 (fallthrough)
branch  9 taken 0 (throw)
call   10 returned 1
branch 11 taken 1 (fallthrough)
branch 12 taken 0 (throw)
call   13 returned 1
branch 14 taken 1 (fallthrough)
branch 15 taken 0 (throw)
call   16 returned 1
branch 17 taken 1 (fallthrough)
branch 18 taken 0 (throw)
call   19 returned 1
call   20 never executed
call   21 never executed
branch 22 never executed (fallthrough)
branch 23 never executed (throw)
call   24 never executed
branch 25 never executed (fallthrough)
branch 26 never executed (throw)
call   27 never executed
call   28 never executed
        1:   84:    ecs::Entity replayed = single_replayed_entity(playback);
call    0 returned 1
branch  1 taken 1 (fallthrough)
branch  2 taken 0 (throw)
        1:   85:    REQUIRE(replayed);
call    0 returned 1
call    1 returned 1
call    2 returned 1
call    3 returned 1
branch  4 taken 1 (fallthrough)
branch  5 taken 0 (throw)
call    6 returned 1
branch  7 taken 1 (fallthrough)
branch  8 taken 0 (throw)
call    9 returned 1
branch 10 taken 1 (fallthrough)
branch 11 taken 0 (throw)
call   12 returned 1
branch 13 taken 1 (fallthrough)
branch 14 taken 0 (throw)
call   15 returned 1
call   16 never executed
call   17 never executed
branch 18 never executed (fallthrough)
branch 19 never executed (throw)
call   20 never executed
branch 21 never executed (fallthrough)
branch 22 never executed (throw)
call   23 never executed
call   24 never executed
        -:   86:
        1:   87:    REQUIRE(streamer.apply_frame(frames[1], playback, session));
call    0 returned 1
call    1 returned 1
call    2 returned 1
call    3 returned 1
branch  4 taken 1 (fallthrough)
branch  5 taken 0 (throw)
call    6 returned 1
call    7 returned 1
branch  8 taken 1 (fallthrough)
branch  9 taken 0 (throw)
call   10 returned 1
branch 11 taken 1 (fallthrough)
branch 12 taken 0 (throw)
call   13 returned 1
branch 14 taken 1 (fallthrough)
branch 15 taken 0 (throw)
call   16 returned 1
branch 17 taken 1 (fallthrough)
branch 18 taken 0 (throw)
call   19 returned 1
call   20 never executed
call   21 never executed
branch 22 never executed (fallthrough)
branch 23 never executed (throw)
call   24 never executed
branch 25 never executed (fallthrough)
branch 26 never executed (throw)
call   27 never executed
call   28 never executed
        1:   88:    REQUIRE(playback.get<kage_sync_tests::Position>(replayed).x == 5.0f);
call    0 returned 1
call    1 returned 1
call    2 returned 1
call    3 returned 1
branch  4 taken 1 (fallthrough)
branch  5 taken 0 (throw)
call    6 returned 1
branch  7 taken 1 (fallthrough)
branch  8 taken 0 (throw)
call    9 returned 1
branch 10 taken 1 (fallthrough)
branch 11 taken 0 (throw)
call   12 returned 1
branch 13 taken 1 (fallthrough)
branch 14 taken 0 (throw)
call   15 returned 1
branch 16 taken 1 (fallthrough)
branch 17 taken 0 (throw)
call   18 returned 1
call   19 returned 1
branch 20 taken 1 (fallthrough)
branch 21 taken 0 (throw)
call   22 returned 1
call   23 never executed
call   24 never executed
call   25 never executed
branch 26 never executed (fallthrough)
branch 27 never executed (throw)
call   28 never executed
branch 29 never executed (fallthrough)
branch 30 never executed (throw)
call   31 never executed
call   32 never executed
        -:   89:
        1:   90:    REQUIRE(streamer.apply_frame(frames[2], playback, session));
call    0 returned 1
call    1 returned 1
call    2 returned 1
call    3 returned 1
branch  4 taken 1 (fallthrough)
branch  5 taken 0 (throw)
call    6 returned 1
call    7 returned 1
branch  8 taken 1 (fallthrough)
branch  9 taken 0 (throw)
call   10 returned 1
branch 11 taken 1 (fallthrough)
branch 12 taken 0 (throw)
call   13 returned 1
branch 14 taken 1 (fallthrough)
branch 15 taken 0 (throw)
call   16 returned 1
branch 17 taken 1 (fallthrough)
branch 18 taken 0 (throw)
call   19 returned 1
call   20 never executed
call   21 never executed
branch 22 never executed (fallthrough)
branch 23 never executed (throw)
call   24 never executed
branch 25 never executed (fallthrough)
branch 26 never executed (throw)
call   27 never executed
call   28 never executed
        1:   91:    REQUIRE_FALSE(playback.alive(replayed));
call    0 returned 1
branch  1 taken 1 (fallthrough)
branch  2 taken 0 (throw)
call    3 returned 1
call    4 returned 1
call    5 returned 1
call    6 returned 1
branch  7 taken 1 (fallthrough)
branch  8 taken 0 (throw)
call    9 returned 1
call   10 returned 1
branch 11 taken 1 (fallthrough)
branch 12 taken 0 (throw)
call   13 returned 1
branch 14 taken 1 (fallthrough)
branch 15 taken 0 (throw)
call   16 returned 1
branch 17 taken 1 (fallthrough)
branch 18 taken 0 (throw)
call   19 returned 1
call   20 never executed
call   21 never executed
branch 22 never executed (fallthrough)
branch 23 never executed (throw)
call   24 never executed
branch 25 never executed (fallthrough)
branch 26 never executed (throw)
call   27 never executed
call   28 never executed
        3:   92:}
call    0 returned 1
call    1 returned 1
branch  2 taken 1 (fallthrough)
branch  3 taken 0 (throw)
call    4 returned 1
call    5 returned 1
call    6 returned 1
call    7 returned 1
branch  8 taken 1 (fallthrough)
branch  9 taken 0 (throw)
call   10 returned 1
call   11 returned 1
call   12 returned 1
call   13 returned 1
call   14 returned 1
call   15 returned 1
call   16 returned 1
branch 17 never executed (fallthrough)
branch 18 never executed
call   19 never executed
branch 20 never executed (fallthrough)
branch 21 never executed
call   22 never executed
branch 23 never executed (fallthrough)
branch 24 never executed
call   25 never executed
branch 26 never executed (fallthrough)
branch 27 never executed
call   28 never executed
call   29 never executed
call   30 never executed
call   31 never executed
call   32 never executed
call   33 never executed
call   34 never executed
call   35 never executed
        -:   93:
function _ZL22CATCH2_INTERNAL_TEST_4v called 1 returned 100% blocks executed 47%
        1:   94:TEST_CASE("replication replay streamer restores reference cues") {
        1:   95:    ecs::Registry source;
call    0 returned 1
branch  1 taken 1 (fallthrough)
branch  2 taken 0 (throw)
        1:   96:    kage::sync::configure_server(source);
call    0 returned 1
branch  1 taken 1 (fallthrough)
branch  2 taken 0 (throw)
        -:   97:    const ecs::Entity position_component =
        1:   98:        kage::sync::register_sync_component<kage_sync_tests::Position>(source, "Position");
call    0 returned 1
branch  1 taken 1 (fallthrough)
branch  2 taken 0 (throw)
call    3 returned 1
branch  4 taken 1 (fallthrough)
branch  5 taken 0 (throw)
call    6 returned 1
call    7 never executed
        4:   99:    const kage::sync::SyncArchetypeId archetype = kage::sync::define_archetype(
call    0 returned 1
branch  1 taken 1 (fallthrough)
branch  2 taken 0 (throw)
call    3 returned 1
branch  4 taken 1 (fallthrough)
branch  5 taken 0 (throw)
call    6 returned 1
branch  7 taken 1 (fallthrough)
branch  8 taken 0 (throw)
call    9 returned 1
call   10 returned 1
call   11 never executed
call   12 never executed
        -:  100:        source,
        -:  101:        "PositionActor",
        -:  102:        {{position_component, kage::sync::ReplicationAudience::All}});
        1:  103:    (void)kage::sync::register_sync_cue<kage_sync_tests::ReferenceCue>(source);
call    0 returned 1
call    1 returned 1
branch  2 taken 1 (fallthrough)
branch  3 taken 0 (throw)
call    4 returned 1
call    5 never executed
        -:  104:
        1:  105:    const ecs::Entity owner = source.create();
call    0 returned 1
branch  1 taken 1 (fallthrough)
branch  2 taken 0 (throw)
        1:  106:    source.add<kage_sync_tests::Position>(owner, kage_sync_tests::Position{1.0f, 2.0f});
call    0 returned 1
branch  1 taken 1 (fallthrough)
branch  2 taken 0 (throw)
        1:  107:    REQUIRE(kage_sync_tests::start_sync(source, owner, archetype));
call    0 returned 1
call    1 returned 1
call    2 returned 1
call    3 returned 1
branch  4 taken 1 (fallthrough)
branch  5 taken 0 (throw)
call    6 returned 1
branch  7 taken 1 (fallthrough)
branch  8 taken 0 (throw)
call    9 returned 1
branch 10 taken 1 (fallthrough)
branch 11 taken 0 (throw)
call   12 returned 1
branch 13 taken 1 (fallthrough)
branch 14 taken 0 (throw)
call   15 returned 1
branch 16 taken 1 (fallthrough)
branch 17 taken 0 (throw)
call   18 returned 1
call   19 never executed
call   20 never executed
branch 21 never executed (fallthrough)
branch 22 never executed (throw)
call   23 never executed
branch 24 never executed (fallthrough)
branch 25 never executed (throw)
call   26 never executed
call   27 never executed
        1:  108:    const ecs::Entity target = source.create();
call    0 returned 1
branch  1 taken 1 (fallthrough)
branch  2 taken 0 (throw)
        1:  109:    source.add<kage_sync_tests::Position>(target, kage_sync_tests::Position{3.0f, 4.0f});
call    0 returned 1
branch  1 taken 1 (fallthrough)
branch  2 taken 0 (throw)
        1:  110:    REQUIRE(kage_sync_tests::start_sync(source, target, archetype));
call    0 returned 1
call    1 returned 1
call    2 returned 1
call    3 returned 1
branch  4 taken 1 (fallthrough)
branch  5 taken 0 (throw)
call    6 returned 1
branch  7 taken 1 (fallthrough)
branch  8 taken 0 (throw)
call    9 returned 1
branch 10 taken 1 (fallthrough)
branch 11 taken 0 (throw)
call   12 returned 1
branch 13 taken 1 (fallthrough)
branch 14 taken 0 (throw)
call   15 returned 1
branch 16 taken 1 (fallthrough)
branch 17 taken 0 (throw)
call   18 returned 1
call   19 never executed
call   20 never executed
branch 21 never executed (fallthrough)
branch 22 never executed (throw)
call   23 never executed
branch 24 never executed (fallthrough)
branch 25 never executed (throw)
call   26 never executed
call   27 never executed
        -:  111:
        1:  112:    std::vector<kage::sync::ReplicationReplayFrame> frames;
call    0 returned 1
function _ZZL22CATCH2_INTERNAL_TEST_4vENKUlN4kage4sync22ReplicationReplayFrameEE_clES1_ called 1 returned 100% blocks executed 100%
    #####:  113:    kage::sync::ReplicationReplayWriter writer({60, [&](kage::sync::ReplicationReplayFrame frame) {
        1:  114:        frames.push_back(std::move(frame));
call    0 returned 1
call    1 returned 1
        1:  115:    }});
call    0 returned 1
call    1 never executed
        1:  116:    kage::sync::ReplicationServer source_server;
call    0 returned 1
call    1 never executed
        1:  117:    writer.attach(source_server);
call    0 returned 1
branch  1 taken 1 (fallthrough)
branch  2 taken 0 (throw)
        1:  118:    REQUIRE(kage_sync_tests::emit_test_cue(
call    0 returned 1
call    1 returned 1
call    2 returned 1
call    3 returned 1
branch  4 taken 1 (fallthrough)
branch  5 taken 0 (throw)
call    6 returned 1
branch  7 taken 1 (fallthrough)
branch  8 taken 0 (throw)
call    9 returned 1
branch 10 taken 1 (fallthrough)
branch 11 taken 0 (throw)
call   12 returned 1
branch 13 taken 1 (fallthrough)
branch 14 taken 0 (throw)
call   15 returned 1
branch 16 taken 1 (fallthrough)
branch 17 taken 0 (throw)
call   18 returned 1
call   19 never executed
call   20 never executed
branch 21 never executed (fallthrough)
branch 22 never executed (throw)
call   23 never executed
branch 24 never executed (fallthrough)
branch 25 never executed (throw)
call   26 never executed
call   27 never executed
        -:  119:        source,
        -:  120:        owner,
        -:  121:        kage::sync::SyncFrame{1},
        -:  122:        kage_sync_tests::ReferenceCue{kage::sync::EntityReference{target}},
        -:  123:        0.5f));
        1:  124:    REQUIRE(source_server.tick(source, source_server.options().fixed_dt_seconds));
call    0 returned 1
call    1 returned 1
call    2 returned 1
call    3 returned 1
branch  4 taken 1 (fallthrough)
branch  5 taken 0 (throw)
call    6 returned 1
call    7 returned 1
branch  8 taken 1 (fallthrough)
branch  9 taken 0 (throw)
call   10 returned 1
branch 11 taken 1 (fallthrough)
branch 12 taken 0 (throw)
call   13 returned 1
branch 14 taken 1 (fallthrough)
branch 15 taken 0 (throw)
call   16 returned 1
branch 17 taken 1 (fallthrough)
branch 18 taken 0 (throw)
call   19 returned 1
call   20 never executed
call   21 never executed
branch 22 never executed (fallthrough)
branch 23 never executed (throw)
call   24 never executed
branch 25 never executed (fallthrough)
branch 26 never executed (throw)
call   27 never executed
call   28 never executed
        1:  125:    writer.detach();
call    0 returned 1
branch  1 taken 1 (fallthrough)
branch  2 taken 0 (throw)
        1:  126:    REQUIRE(frames.size() == 1U);
call    0 returned 1
call    1 returned 1
call    2 returned 1
call    3 returned 1
branch  4 taken 1 (fallthrough)
branch  5 taken 0 (throw)
call    6 returned 1
call    7 returned 1
branch  8 taken 1 (fallthrough)
branch  9 taken 0 (throw)
call   10 returned 1
branch 11 taken 1 (fallthrough)
branch 12 taken 0 (throw)
call   13 returned 1
branch 14 taken 1 (fallthrough)
branch 15 taken 0 (throw)
call   16 returned 1
call   17 returned 1
branch 18 taken 1 (fallthrough)
branch 19 taken 0 (throw)
call   20 returned 1
call   21 never executed
call   22 never executed
call   23 never executed
branch 24 never executed (fallthrough)
branch 25 never executed (throw)
call   26 never executed
branch 27 never executed (fallthrough)
branch 28 never executed (throw)
call   29 never executed
call   30 never executed
        -:  127:
        1:  128:    ecs::Registry playback;
call    0 returned 1
branch  1 taken 1 (fallthrough)
branch  2 taken 0 (throw)
        1:  129:    kage::sync::configure_server(playback);
call    0 returned 1
branch  1 taken 1 (fallthrough)
branch  2 taken 0 (throw)
        2:  130:    playback.register_component<kage_sync_tests::CuePlayback>("CuePlayback");
call    0 returned 1
branch  1 taken 1 (fallthrough)
branch  2 taken 0 (throw)
call    3 returned 1
branch  4 taken 1 (fallthrough)
branch  5 taken 0 (throw)
call    6 returned 1
call    7 never executed
        -:  131:    const ecs::Entity playback_position =
        1:  132:        kage::sync::register_sync_component<kage_sync_tests::Position>(playback, "Position");
call    0 returned 1
branch  1 taken 1 (fallthrough)
branch  2 taken 0 (throw)
call    3 returned 1
branch  4 taken 1 (fallthrough)
branch  5 taken 0 (throw)
call    6 returned 1
call    7 never executed
        4:  133:    (void)kage::sync::define_archetype(
call    0 returned 1
branch  1 taken 1 (fallthrough)
branch  2 taken 0 (throw)
call    3 returned 1
branch  4 taken 1 (fallthrough)
branch  5 taken 0 (throw)
call    6 returned 1
branch  7 taken 1 (fallthrough)
branch  8 taken 0 (throw)
call    9 returned 1
call   10 returned 1
call   11 never executed
call   12 never executed
        -:  134:        playback,
        -:  135:        "PositionActor",
        -:  136:        {{playback_position, kage::sync::ReplicationAudience::All}});
        1:  137:    (void)kage::sync::register_sync_cue<kage_sync_tests::ReferenceCue>(playback);
call    0 returned 1
call    1 returned 1
branch  2 taken 1 (fallthrough)
branch  3 taken 0 (throw)
call    4 returned 1
call    5 never executed
        -:  138:
        1:  139:    kage::sync::ReplicationReplayStreamer streamer;
call    0 returned 1
branch  1 taken 1 (fallthrough)
branch  2 taken 0 (throw)
        1:  140:    kage::sync::ReplicationReplayStreamSession session;
call    0 returned 1
        1:  141:    REQUIRE(streamer.apply_frame(frames[0], playback, session));
call    0 returned 1
call    1 returned 1
call    2 returned 1
call    3 returned 1
branch  4 taken 1 (fallthrough)
branch  5 taken 0 (throw)
call    6 returned 1
call    7 returned 1
branch  8 taken 1 (fallthrough)
branch  9 taken 0 (throw)
call   10 returned 1
branch 11 taken 1 (fallthrough)
branch 12 taken 0 (throw)
call   13 returned 1
branch 14 taken 1 (fallthrough)
branch 15 taken 0 (throw)
call   16 returned 1
branch 17 taken 1 (fallthrough)
branch 18 taken 0 (throw)
call   19 returned 1
call   20 never executed
call   21 never executed
branch 22 never executed (fallthrough)
branch 23 never executed (throw)
call   24 never executed
branch 25 never executed (fallthrough)
branch 26 never executed (throw)
call   27 never executed
call   28 never executed
        -:  142:
        1:  143:    kage::sync::ReplicationServer playback_server;
call    0 returned 1
call    1 never executed
        1:  144:    REQUIRE(playback_server.add_local_client() != kage::sync::invalid_client_id);
call    0 returned 1
call    1 returned 1
call    2 returned 1
call    3 returned 1
branch  4 taken 1 (fallthrough)
branch  5 taken 0 (throw)
call    6 returned 1
branch  7 taken 1 (fallthrough)
branch  8 taken 0 (throw)
call    9 returned 1
branch 10 taken 1 (fallthrough)
branch 11 taken 0 (throw)
call   12 returned 1
branch 13 taken 1 (fallthrough)
branch 14 taken 0 (throw)
call   15 returned 1
branch 16 taken 1 (fallthrough)
branch 17 taken 0 (throw)
call   18 returned 1
call   19 returned 1
branch 20 taken 1 (fallthrough)
branch 21 taken 0 (throw)
call   22 returned 1
call   23 never executed
call   24 never executed
call   25 never executed
branch 26 never executed (fallthrough)
branch 27 never executed (throw)
call   28 never executed
branch 29 never executed (fallthrough)
branch 30 never executed (throw)
call   31 never executed
call   32 never executed
        1:  145:    REQUIRE(playback_server.advance_frame_without_simulating(playback, frames[0].frame));
call    0 returned 1
call    1 returned 1
call    2 returned 1
call    3 returned 1
branch  4 taken 1 (fallthrough)
branch  5 taken 0 (throw)
call    6 returned 1
call    7 returned 1
branch  8 taken 1 (fallthrough)
branch  9 taken 0 (throw)
call   10 returned 1
branch 11 taken 1 (fallthrough)
branch 12 taken 0 (throw)
call   13 returned 1
branch 14 taken 1 (fallthrough)
branch 15 taken 0 (throw)
call   16 returned 1
branch 17 taken 1 (fallthrough)
branch 18 taken 0 (throw)
call   19 returned 1
call   20 never executed
call   21 never executed
branch 22 never executed (fallthrough)
branch 23 never executed (throw)
call   24 never executed
branch 25 never executed (fallthrough)
branch 26 never executed (throw)
call   27 never executed
call   28 never executed
        -:  146:
        1:  147:    bool played = false;
        1:  148:    playback.view<const kage_sync_tests::CuePlayback>().each(
call    0 returned 1
branch  1 taken 1 (fallthrough)
branch  2 taken 0 (throw)
function _ZZL22CATCH2_INTERNAL_TEST_4vENKUlN3ecs6EntityERKN15kage_sync_tests11CuePlaybackEE_clES0_S4_ called 1 returned 100% blocks executed 83%
        1:  149:        [&played](ecs::Entity, const kage_sync_tests::CuePlayback& playback_state) {
call    0 returned 1
branch  1 taken 1 (fallthrough)
branch  2 taken 0 (throw)
       1*:  150:            played = playback_state.plays == 1 && playback_state.last_target != ecs::Entity{};
branch  0 taken 1 (fallthrough)
branch  1 taken 0
call    2 returned 1
branch  3 taken 1 (fallthrough)
branch  4 taken 0
        1:  151:        });
        1:  152:    REQUIRE(played);
call    0 returned 1
call    1 returned 1
call    2 returned 1
call    3 returned 1
branch  4 taken 1 (fallthrough)
branch  5 taken 0 (throw)
call    6 returned 1
branch  7 taken 1 (fallthrough)
branch  8 taken 0 (throw)
call    9 returned 1
branch 10 taken 1 (fallthrough)
branch 11 taken 0 (throw)
call   12 returned 1
branch 13 taken 1 (fallthrough)
branch 14 taken 0 (throw)
call   15 returned 1
call   16 never executed
call   17 never executed
branch 18 never executed (fallthrough)
branch 19 never executed (throw)
call   20 never executed
branch 21 never executed (fallthrough)
branch 22 never executed (throw)
call   23 never executed
call   24 never executed
        4:  153:}
call    0 returned 1
call    1 returned 1
branch  2 taken 1 (fallthrough)
branch  3 taken 0 (throw)
call    4 returned 1
call    5 returned 1
call    6 returned 1
call    7 returned 1
branch  8 taken 1 (fallthrough)
branch  9 taken 0 (throw)
call   10 returned 1
call   11 returned 1
call   12 returned 1
call   13 returned 1
branch 14 taken 1 (fallthrough)
branch 15 taken 0 (throw)
call   16 returned 1
call   17 returned 1
call   18 returned 1
call   19 returned 1
call   20 returned 1
call   21 returned 1
call   22 returned 1
call   23 returned 1
branch 24 never executed (fallthrough)
branch 25 never executed
call   26 never executed
branch 27 never executed (fallthrough)
branch 28 never executed
call   29 never executed
branch 30 never executed (fallthrough)
branch 31 never executed
call   32 never executed
branch 33 never executed (fallthrough)
branch 34 never executed
call   35 never executed
branch 36 never executed (fallthrough)
branch 37 never executed
call   38 never executed
branch 39 never executed (fallthrough)
branch 40 never executed
call   41 never executed
branch 42 never executed (fallthrough)
branch 43 never executed
call   44 never executed
call   45 never executed
call   46 never executed
call   47 never executed
call   48 never executed
call   49 never executed
call   50 never executed
call   51 never executed
call   52 never executed
        -:  154:
function _ZL22CATCH2_INTERNAL_TEST_6v called 1 returned 100% blocks executed 48%
        1:  155:TEST_CASE("replication replay streamer preserves cue frames when replay frames are flushed at a lower rate") {
        1:  156:    ecs::Registry source;
call    0 returned 1
branch  1 taken 1 (fallthrough)
branch  2 taken 0 (throw)
        1:  157:    kage::sync::configure_server(source);
call    0 returned 1
branch  1 taken 1 (fallthrough)
branch  2 taken 0 (throw)
        1:  158:    const kage::sync::SyncArchetypeId archetype = kage_sync_tests::define_position_archetype(source);
call    0 returned 1
branch  1 taken 1 (fallthrough)
branch  2 taken 0 (throw)
        1:  159:    (void)kage::sync::register_sync_cue<kage_sync_tests::TestCue>(source);
call    0 returned 1
call    1 returned 1
branch  2 taken 1 (fallthrough)
branch  3 taken 0 (throw)
call    4 returned 1
call    5 never executed
        -:  160:
        1:  161:    const ecs::Entity entity = source.create();
call    0 returned 1
branch  1 taken 1 (fallthrough)
branch  2 taken 0 (throw)
        1:  162:    source.add<kage_sync_tests::Position>(entity, kage_sync_tests::Position{1.0f, 2.0f});
call    0 returned 1
branch  1 taken 1 (fallthrough)
branch  2 taken 0 (throw)
        1:  163:    REQUIRE(kage_sync_tests::start_sync(source, entity, archetype));
call    0 returned 1
call    1 returned 1
call    2 returned 1
call    3 returned 1
branch  4 taken 1 (fallthrough)
branch  5 taken 0 (throw)
call    6 returned 1
branch  7 taken 1 (fallthrough)
branch  8 taken 0 (throw)
call    9 returned 1
branch 10 taken 1 (fallthrough)
branch 11 taken 0 (throw)
call   12 returned 1
branch 13 taken 1 (fallthrough)
branch 14 taken 0 (throw)
call   15 returned 1
branch 16 taken 1 (fallthrough)
branch 17 taken 0 (throw)
call   18 returned 1
call   19 never executed
call   20 never executed
branch 21 never executed (fallthrough)
branch 22 never executed (throw)
call   23 never executed
branch 24 never executed (fallthrough)
branch 25 never executed (throw)
call   26 never executed
call   27 never executed
        -:  164:
        1:  165:    kage::sync::ReplicationReplayStreamer streamer({3, 0, 8});
call    0 returned 1
branch  1 taken 1 (fallthrough)
branch  2 taken 0 (throw)
        1:  166:    std::vector<kage::sync::ReplicationReplayFrame> replay_frames;
call    0 returned 1
function _ZZL22CATCH2_INTERNAL_TEST_6vENKUlN4kage4sync22ReplicationReplayFrameEE_clES1_ called 4 returned 100% blocks executed 100%
    #####:  167:    kage::sync::ReplicationReplayWriter writer({60, [&](kage::sync::ReplicationReplayFrame frame) {
        4:  168:        replay_frames.push_back(std::move(frame));
call    0 returned 4
call    1 returned 4
        1:  169:    }, 3});
call    0 returned 1
call    1 never executed
        -:  170:
        1:  171:    kage::sync::ReplicationServer source_server;
call    0 returned 1
call    1 never executed
        1:  172:    writer.attach(source_server);
call    0 returned 1
branch  1 taken 1 (fallthrough)
branch  2 taken 0 (throw)
        1:  173:    REQUIRE(source_server.tick(source, source_server.options().fixed_dt_seconds));
call    0 returned 1
call    1 returned 1
call    2 returned 1
call    3 returned 1
branch  4 taken 1 (fallthrough)
branch  5 taken 0 (throw)
call    6 returned 1
call    7 returned 1
branch  8 taken 1 (fallthrough)
branch  9 taken 0 (throw)
call   10 returned 1
branch 11 taken 1 (fallthrough)
branch 12 taken 0 (throw)
call   13 returned 1
branch 14 taken 1 (fallthrough)
branch 15 taken 0 (throw)
call   16 returned 1
branch 17 taken 1 (fallthrough)
branch 18 taken 0 (throw)
call   19 returned 1
call   20 never executed
call   21 never executed
branch 22 never executed (fallthrough)
branch 23 never executed (throw)
call   24 never executed
branch 25 never executed (fallthrough)
branch 26 never executed (throw)
call   27 never executed
call   28 never executed
        1:  174:    REQUIRE(replay_frames.size() == 1U);
call    0 returned 1
call    1 returned 1
call    2 returned 1
call    3 returned 1
branch  4 taken 1 (fallthrough)
branch  5 taken 0 (throw)
call    6 returned 1
call    7 returned 1
branch  8 taken 1 (fallthrough)
branch  9 taken 0 (throw)
call   10 returned 1
branch 11 taken 1 (fallthrough)
branch 12 taken 0 (throw)
call   13 returned 1
branch 14 taken 1 (fallthrough)
branch 15 taken 0 (throw)
call   16 returned 1
call   17 returned 1
branch 18 taken 1 (fallthrough)
branch 19 taken 0 (throw)
call   20 returned 1
call   21 never executed
call   22 never executed
call   23 never executed
branch 24 never executed (fallthrough)
branch 25 never executed (throw)
call   26 never executed
branch 27 never executed (fallthrough)
branch 28 never executed (throw)
call   29 never executed
call   30 never executed
        1:  175:    REQUIRE(replay_frames[0].frame == 1U);
call    0 returned 1
call    1 returned 1
call    2 returned 1
call    3 returned 1
branch  4 taken 1 (fallthrough)
branch  5 taken 0 (throw)
call    6 returned 1
call    7 returned 1
branch  8 taken 1 (fallthrough)
branch  9 taken 0 (throw)
call   10 returned 1
branch 11 taken 1 (fallthrough)
branch 12 taken 0 (throw)
call   13 returned 1
branch 14 taken 1 (fallthrough)
branch 15 taken 0 (throw)
call   16 returned 1
call   17 returned 1
branch 18 taken 1 (fallthrough)
branch 19 taken 0 (throw)
call   20 returned 1
call   21 never executed
call   22 never executed
call   23 never executed
branch 24 never executed (fallthrough)
branch 25 never executed (throw)
call   26 never executed
branch 27 never executed (fallthrough)
branch 28 never executed (throw)
call   29 never executed
call   30 never executed
        -:  176:
        1:  177:    REQUIRE(kage_sync_tests::emit_test_cue(
call    0 returned 1
call    1 returned 1
call    2 returned 1
call    3 returned 1
branch  4 taken 1 (fallthrough)
branch  5 taken 0 (throw)
call    6 returned 1
branch  7 taken 1 (fallthrough)
branch  8 taken 0 (throw)
call    9 returned 1
branch 10 taken 1 (fallthrough)
branch 11 taken 0 (throw)
call   12 returned 1
branch 13 taken 1 (fallthrough)
branch 14 taken 0 (throw)
call   15 returned 1
branch 16 taken 1 (fallthrough)
branch 17 taken 0 (throw)
call   18 returned 1
call   19 never executed
call   20 never executed
branch 21 never executed (fallthrough)
branch 22 never executed (throw)
call   23 never executed
branch 24 never executed (fallthrough)
branch 25 never executed (throw)
call   26 never executed
call   27 never executed
        -:  178:        source,
        -:  179:        entity,
        -:  180:        kage::sync::SyncFrame{2},
        -:  181:        kage_sync_tests::TestCue{99},
        -:  182:        0.5f));
        1:  183:    source.write<kage_sync_tests::Position>(entity).x = 3.0f;
call    0 returned 1
branch  1 taken 1 (fallthrough)
branch  2 taken 0 (throw)
        1:  184:    REQUIRE(source_server.tick(source, source_server.options().fixed_dt_seconds));
call    0 returned 1
call    1 returned 1
call    2 returned 1
call    3 returned 1
branch  4 taken 1 (fallthrough)
branch  5 taken 0 (throw)
call    6 returned 1
call    7 returned 1
branch  8 taken 1 (fallthrough)
branch  9 taken 0 (throw)
call   10 returned 1
branch 11 taken 1 (fallthrough)
branch 12 taken 0 (throw)
call   13 returned 1
branch 14 taken 1 (fallthrough)
branch 15 taken 0 (throw)
call   16 returned 1
branch 17 taken 1 (fallthrough)
branch 18 taken 0 (throw)
call   19 returned 1
call   20 never executed
call   21 never executed
branch 22 never executed (fallthrough)
branch 23 never executed (throw)
call   24 never executed
branch 25 never executed (fallthrough)
branch 26 never executed (throw)
call   27 never executed
call   28 never executed
        1:  185:    REQUIRE(replay_frames.size() == 1U);
call    0 returned 1
call    1 returned 1
call    2 returned 1
call    3 returned 1
branch  4 taken 1 (fallthrough)
branch  5 taken 0 (throw)
call    6 returned 1
call    7 returned 1
branch  8 taken 1 (fallthrough)
branch  9 taken 0 (throw)
call   10 returned 1
branch 11 taken 1 (fallthrough)
branch 12 taken 0 (throw)
call   13 returned 1
branch 14 taken 1 (fallthrough)
branch 15 taken 0 (throw)
call   16 returned 1
call   17 returned 1
branch 18 taken 1 (fallthrough)
branch 19 taken 0 (throw)
call   20 returned 1
call   21 never executed
call   22 never executed
call   23 never executed
branch 24 never executed (fallthrough)
branch 25 never executed (throw)
call   26 never executed
branch 27 never executed (fallthrough)
branch 28 never executed (throw)
call   29 never executed
call   30 never executed
        -:  186:
        1:  187:    source.write<kage_sync_tests::Position>(entity).x = 4.0f;
call    0 returned 1
branch  1 taken 1 (fallthrough)
branch  2 taken 0 (throw)
        1:  188:    REQUIRE(source_server.tick(source, source_server.options().fixed_dt_seconds));
call    0 returned 1
call    1 returned 1
call    2 returned 1
call    3 returned 1
branch  4 taken 1 (fallthrough)
branch  5 taken 0 (throw)
call    6 returned 1
call    7 returned 1
branch  8 taken 1 (fallthrough)
branch  9 taken 0 (throw)
call   10 returned 1
branch 11 taken 1 (fallthrough)
branch 12 taken 0 (throw)
call   13 returned 1
branch 14 taken 1 (fallthrough)
branch 15 taken 0 (throw)
call   16 returned 1
branch 17 taken 1 (fallthrough)
branch 18 taken 0 (throw)
call   19 returned 1
call   20 never executed
call   21 never executed
branch 22 never executed (fallthrough)
branch 23 never executed (throw)
call   24 never executed
branch 25 never executed (fallthrough)
branch 26 never executed (throw)
call   27 never executed
call   28 never executed
        -:  189:
        1:  190:    REQUIRE(replay_frames.size() == 2U);
call    0 returned 1
call    1 returned 1
call    2 returned 1
call    3 returned 1
branch  4 taken 1 (fallthrough)
branch  5 taken 0 (throw)
call    6 returned 1
call    7 returned 1
branch  8 taken 1 (fallthrough)
branch  9 taken 0 (throw)
call   10 returned 1
branch 11 taken 1 (fallthrough)
branch 12 taken 0 (throw)
call   13 returned 1
branch 14 taken 1 (fallthrough)
branch 15 taken 0 (throw)
call   16 returned 1
call   17 returned 1
branch 18 taken 1 (fallthrough)
branch 19 taken 0 (throw)
call   20 returned 1
call   21 never executed
call   22 never executed
call   23 never executed
branch 24 never executed (fallthrough)
branch 25 never executed (throw)
call   26 never executed
branch 27 never executed (fallthrough)
branch 28 never executed (throw)
call   29 never executed
call   30 never executed
        1:  191:    REQUIRE(replay_frames[1].frame == 3U);
call    0 returned 1
call    1 returned 1
call    2 returned 1
call    3 returned 1
branch  4 taken 1 (fallthrough)
branch  5 taken 0 (throw)
call    6 returned 1
call    7 returned 1
branch  8 taken 1 (fallthrough)
branch  9 taken 0 (throw)
call   10 returned 1
branch 11 taken 1 (fallthrough)
branch 12 taken 0 (throw)
call   13 returned 1
branch 14 taken 1 (fallthrough)
branch 15 taken 0 (throw)
call   16 returned 1
call   17 returned 1
branch 18 taken 1 (fallthrough)
branch 19 taken 0 (throw)
call   20 returned 1
call   21 never executed
call   22 never executed
call   23 never executed
branch 24 never executed (fallthrough)
branch 25 never executed (throw)
call   26 never executed
branch 27 never executed (fallthrough)
branch 28 never executed (throw)
call   29 never executed
call   30 never executed
        3:  192:    for (kage::sync::ReplicationReplayFrame& frame : replay_frames) {
call    0 returned 1
call    1 returned 1
call    2 returned 2
call    3 returned 2
call    4 returned 3
branch  5 taken 2
branch  6 taken 1 (fallthrough)
        2:  193:        streamer.push_frame(std::move(frame));
call    0 returned 2
call    1 returned 2
branch  2 taken 2 (fallthrough)
branch  3 taken 0 (throw)
        -:  194:    }
        1:  195:    replay_frames.clear();
call    0 returned 1
        -:  196:
        1:  197:    ecs::Registry playback;
call    0 returned 1
branch  1 taken 1 (fallthrough)
branch  2 taken 0 (throw)
        1:  198:    kage::sync::configure_server(playback);
call    0 returned 1
branch  1 taken 1 (fallthrough)
branch  2 taken 0 (throw)
        1:  199:    playback.register_component<kage_sync_tests::CuePlayback>("CuePlayback");
call    0 returned 1
branch  1 taken 1 (fallthrough)
branch  2 taken 0 (throw)
call    3 returned 1
branch  4 taken 1 (fallthrough)
branch  5 taken 0 (throw)
call    6 returned 1
call    7 never executed
        1:  200:    (void)kage_sync_tests::define_position_archetype(playback);
call    0 returned 1
branch  1 taken 1 (fallthrough)
branch  2 taken 0 (throw)
        1:  201:    (void)kage::sync::register_sync_cue<kage_sync_tests::TestCue>(playback);
call    0 returned 1
call    1 returned 1
branch  2 taken 1 (fallthrough)
branch  3 taken 0 (throw)
call    4 returned 1
call    5 never executed
        -:  202:
        1:  203:    kage::sync::ReplicationServer playback_server;
call    0 returned 1
call    1 never executed
        1:  204:    REQUIRE(playback_server.add_local_client() != kage::sync::invalid_client_id);
call    0 returned 1
call    1 returned 1
call    2 returned 1
call    3 returned 1
branch  4 taken 1 (fallthrough)
branch  5 taken 0 (throw)
call    6 returned 1
branch  7 taken 1 (fallthrough)
branch  8 taken 0 (throw)
call    9 returned 1
branch 10 taken 1 (fallthrough)
branch 11 taken 0 (throw)
call   12 returned 1
branch 13 taken 1 (fallthrough)
branch 14 taken 0 (throw)
call   15 returned 1
branch 16 taken 1 (fallthrough)
branch 17 taken 0 (throw)
call   18 returned 1
call   19 returned 1
branch 20 taken 1 (fallthrough)
branch 21 taken 0 (throw)
call   22 returned 1
call   23 never executed
call   24 never executed
call   25 never executed
branch 26 never executed (fallthrough)
branch 27 never executed (throw)
call   28 never executed
branch 29 never executed (fallthrough)
branch 30 never executed (throw)
call   31 never executed
call   32 never executed
        -:  205:
        1:  206:    kage::sync::ReplicationReplayStreamSession session;
call    0 returned 1
        1:  207:    REQUIRE(streamer.begin_session(3U, playback, playback_server, session));
call    0 returned 1
call    1 returned 1
call    2 returned 1
call    3 returned 1
branch  4 taken 1 (fallthrough)
branch  5 taken 0 (throw)
call    6 returned 1
branch  7 taken 1 (fallthrough)
branch  8 taken 0 (throw)
call    9 returned 1
branch 10 taken 1 (fallthrough)
branch 11 taken 0 (throw)
call   12 returned 1
branch 13 taken 1 (fallthrough)
branch 14 taken 0 (throw)
call   15 returned 1
branch 16 taken 1 (fallthrough)
branch 17 taken 0 (throw)
call   18 returned 1
call   19 never executed
call   20 never executed
branch 21 never executed (fallthrough)
branch 22 never executed (throw)
call   23 never executed
branch 24 never executed (fallthrough)
branch 25 never executed (throw)
call   26 never executed
call   27 never executed
        -:  208:
        1:  209:    REQUIRE(streamer.tick_session(session, playback, playback_server));
call    0 returned 1
call    1 returned 1
call    2 returned 1
call    3 returned 1
branch  4 taken 1 (fallthrough)
branch  5 taken 0 (throw)
call    6 returned 1
branch  7 taken 1 (fallthrough)
branch  8 taken 0 (throw)
call    9 returned 1
branch 10 taken 1 (fallthrough)
branch 11 taken 0 (throw)
call   12 returned 1
branch 13 taken 1 (fallthrough)
branch 14 taken 0 (throw)
call   15 returned 1
branch 16 taken 1 (fallthrough)
branch 17 taken 0 (throw)
call   18 returned 1
call   19 never executed
call   20 never executed
branch 21 never executed (fallthrough)
branch 22 never executed (throw)
call   23 never executed
branch 24 never executed (fallthrough)
branch 25 never executed (throw)
call   26 never executed
call   27 never executed
        1:  210:    REQUIRE(playback.get<kage::sync::FrameInfo>().frame == 1U);
call    0 returned 1
call    1 returned 1
call    2 returned 1
call    3 returned 1
branch  4 taken 1 (fallthrough)
branch  5 taken 0 (throw)
call    6 returned 1
branch  7 taken 1 (fallthrough)
branch  8 taken 0 (throw)
call    9 returned 1
branch 10 taken 1 (fallthrough)
branch 11 taken 0 (throw)
call   12 returned 1
branch 13 taken 1 (fallthrough)
branch 14 taken 0 (throw)
call   15 returned 1
branch 16 taken 1 (fallthrough)
branch 17 taken 0 (throw)
call   18 returned 1
call   19 returned 1
branch 20 taken 1 (fallthrough)
branch 21 taken 0 (throw)
call   22 returned 1
call   23 never executed
call   24 never executed
call   25 never executed
branch 26 never executed (fallthrough)
branch 27 never executed (throw)
call   28 never executed
branch 29 never executed (fallthrough)
branch 30 never executed (throw)
call   31 never executed
call   32 never executed
        1:  211:    REQUIRE(streamer.tick_session(session, playback, playback_server));
call    0 returned 1
call    1 returned 1
call    2 returned 1
call    3 returned 1
branch  4 taken 1 (fallthrough)
branch  5 taken 0 (throw)
call    6 returned 1
branch  7 taken 1 (fallthrough)
branch  8 taken 0 (throw)
call    9 returned 1
branch 10 taken 1 (fallthrough)
branch 11 taken 0 (throw)
call   12 returned 1
branch 13 taken 1 (fallthrough)
branch 14 taken 0 (throw)
call   15 returned 1
branch 16 taken 1 (fallthrough)
branch 17 taken 0 (throw)
call   18 returned 1
call   19 never executed
call   20 never executed
branch 21 never executed (fallthrough)
branch 22 never executed (throw)
call   23 never executed
branch 24 never executed (fallthrough)
branch 25 never executed (throw)
call   26 never executed
call   27 never executed
        1:  212:    REQUIRE(playback.get<kage::sync::FrameInfo>().frame == 2U);
call    0 returned 1
call    1 returned 1
call    2 returned 1
call    3 returned 1
branch  4 taken 1 (fallthrough)
branch  5 taken 0 (throw)
call    6 returned 1
branch  7 taken 1 (fallthrough)
branch  8 taken 0 (throw)
call    9 returned 1
branch 10 taken 1 (fallthrough)
branch 11 taken 0 (throw)
call   12 returned 1
branch 13 taken 1 (fallthrough)
branch 14 taken 0 (throw)
call   15 returned 1
branch 16 taken 1 (fallthrough)
branch 17 taken 0 (throw)
call   18 returned 1
call   19 returned 1
branch 20 taken 1 (fallthrough)
branch 21 taken 0 (throw)
call   22 returned 1
call   23 never executed
call   24 never executed
call   25 never executed
branch 26 never executed (fallthrough)
branch 27 never executed (throw)
call   28 never executed
branch 29 never executed (fallthrough)
branch 30 never executed (throw)
call   31 never executed
call   32 never executed
        1:  213:    REQUIRE(streamer.tick_session(session, playback, playback_server));
call    0 returned 1
call    1 returned 1
call    2 returned 1
call    3 returned 1
branch  4 taken 1 (fallthrough)
branch  5 taken 0 (throw)
call    6 returned 1
branch  7 taken 1 (fallthrough)
branch  8 taken 0 (throw)
call    9 returned 1
branch 10 taken 1 (fallthrough)
branch 11 taken 0 (throw)
call   12 returned 1
branch 13 taken 1 (fallthrough)
branch 14 taken 0 (throw)
call   15 returned 1
branch 16 taken 1 (fallthrough)
branch 17 taken 0 (throw)
call   18 returned 1
call   19 never executed
call   20 never executed
branch 21 never executed (fallthrough)
branch 22 never executed (throw)
call   23 never executed
branch 24 never executed (fallthrough)
branch 25 never executed (throw)
call   26 never executed
call   27 never executed
        1:  214:    REQUIRE(playback.get<kage::sync::FrameInfo>().frame == 3U);
call    0 returned 1
call    1 returned 1
call    2 returned 1
call    3 returned 1
branch  4 taken 1 (fallthrough)
branch  5 taken 0 (throw)
call    6 returned 1
branch  7 taken 1 (fallthrough)
branch  8 taken 0 (throw)
call    9 returned 1
branch 10 taken 1 (fallthrough)
branch 11 taken 0 (throw)
call   12 returned 1
branch 13 taken 1 (fallthrough)
branch 14 taken 0 (throw)
call   15 returned 1
branch 16 taken 1 (fallthrough)
branch 17 taken 0 (throw)
call   18 returned 1
call   19 returned 1
branch 20 taken 1 (fallthrough)
branch 21 taken 0 (throw)
call   22 returned 1
call   23 never executed
call   24 never executed
call   25 never executed
branch 26 never executed (fallthrough)
branch 27 never executed (throw)
call   28 never executed
branch 29 never executed (fallthrough)
branch 30 never executed (throw)
call   31 never executed
call   32 never executed
        -:  215:
        1:  216:    const ecs::Entity replayed = single_replayed_entity(playback);
call    0 returned 1
branch  1 taken 1 (fallthrough)
branch  2 taken 0 (throw)
        1:  217:    REQUIRE(replayed);
call    0 returned 1
call    1 returned 1
call    2 returned 1
call    3 returned 1
branch  4 taken 1 (fallthrough)
branch  5 taken 0 (throw)
call    6 returned 1
branch  7 taken 1 (fallthrough)
branch  8 taken 0 (throw)
call    9 returned 1
branch 10 taken 1 (fallthrough)
branch 11 taken 0 (throw)
call   12 returned 1
branch 13 taken 1 (fallthrough)
branch 14 taken 0 (throw)
call   15 returned 1
call   16 never executed
call   17 never executed
branch 18 never executed (fallthrough)
branch 19 never executed (throw)
call   20 never executed
branch 21 never executed (fallthrough)
branch 22 never executed (throw)
call   23 never executed
call   24 never executed
        1:  218:    REQUIRE(playback.contains<kage_sync_tests::CuePlayback>(replayed));
call    0 returned 1
call    1 returned 1
call    2 returned 1
call    3 returned 1
branch  4 taken 1 (fallthrough)
branch  5 taken 0 (throw)
call    6 returned 1
branch  7 taken 1 (fallthrough)
branch  8 taken 0 (throw)
call    9 returned 1
branch 10 taken 1 (fallthrough)
branch 11 taken 0 (throw)
call   12 returned 1
branch 13 taken 1 (fallthrough)
branch 14 taken 0 (throw)
call   15 returned 1
branch 16 taken 1 (fallthrough)
branch 17 taken 0 (throw)
call   18 returned 1
call   19 never executed
call   20 never executed
branch 21 never executed (fallthrough)
branch 22 never executed (throw)
call   23 never executed
branch 24 never executed (fallthrough)
branch 25 never executed (throw)
call   26 never executed
call   27 never executed
        1:  219:    const kage_sync_tests::CuePlayback& cue_playback = playback.get<kage_sync_tests::CuePlayback>(replayed);
call    0 returned 1
branch  1 taken 1 (fallthrough)
branch  2 taken 0 (throw)
        1:  220:    REQUIRE(cue_playback.plays == 1);
call    0 returned 1
call    1 returned 1
call    2 returned 1
call    3 returned 1
branch  4 taken 1 (fallthrough)
branch  5 taken 0 (throw)
call    6 returned 1
branch  7 taken 1 (fallthrough)
branch  8 taken 0 (throw)
call    9 returned 1
branch 10 taken 1 (fallthrough)
branch 11 taken 0 (throw)
call   12 returned 1
branch 13 taken 1 (fallthrough)
branch 14 taken 0 (throw)
call   15 returned 1
call   16 returned 1
branch 17 taken 1 (fallthrough)
branch 18 taken 0 (throw)
call   19 returned 1
call   20 never executed
call   21 never executed
call   22 never executed
branch 23 never executed (fallthrough)
branch 24 never executed (throw)
call   25 never executed
branch 26 never executed (fallthrough)
branch 27 never executed (throw)
call   28 never executed
call   29 never executed
        1:  221:    REQUIRE(cue_playback.last_id == 99);
call    0 returned 1
call    1 returned 1
call    2 returned 1
call    3 returned 1
branch  4 taken 1 (fallthrough)
branch  5 taken 0 (throw)
call    6 returned 1
branch  7 taken 1 (fallthrough)
branch  8 taken 0 (throw)
call    9 returned 1
branch 10 taken 1 (fallthrough)
branch 11 taken 0 (throw)
call   12 returned 1
branch 13 taken 1 (fallthrough)
branch 14 taken 0 (throw)
call   15 returned 1
call   16 returned 1
branch 17 taken 1 (fallthrough)
branch 18 taken 0 (throw)
call   19 returned 1
call   20 never executed
call   21 never executed
call   22 never executed
branch 23 never executed (fallthrough)
branch 24 never executed (throw)
call   25 never executed
branch 26 never executed (fallthrough)
branch 27 never executed (throw)
call   28 never executed
call   29 never executed
        1:  222:    REQUIRE(cue_playback.last_frame == 2U);
call    0 returned 1
call    1 returned 1
call    2 returned 1
call    3 returned 1
branch  4 taken 1 (fallthrough)
branch  5 taken 0 (throw)
call    6 returned 1
branch  7 taken 1 (fallthrough)
branch  8 taken 0 (throw)
call    9 returned 1
branch 10 taken 1 (fallthrough)
branch 11 taken 0 (throw)
call   12 returned 1
branch 13 taken 1 (fallthrough)
branch 14 taken 0 (throw)
call   15 returned 1
call   16 returned 1
branch 17 taken 1 (fallthrough)
branch 18 taken 0 (throw)
call   19 returned 1
call   20 never executed
call   21 never executed
call   22 never executed
branch 23 never executed (fallthrough)
branch 24 never executed (throw)
call   25 never executed
branch 26 never executed (fallthrough)
branch 27 never executed (throw)
call   28 never executed
call   29 never executed
        -:  223:
        1:  224:    source.write<kage_sync_tests::Position>(entity).x = 6.0f;
call    0 returned 1
branch  1 taken 1 (fallthrough)
branch  2 taken 0 (throw)
        1:  225:    REQUIRE(source_server.tick(source, source_server.options().fixed_dt_seconds));
call    0 returned 1
call    1 returned 1
call    2 returned 1
call    3 returned 1
branch  4 taken 1 (fallthrough)
branch  5 taken 0 (throw)
call    6 returned 1
call    7 returned 1
branch  8 taken 1 (fallthrough)
branch  9 taken 0 (throw)
call   10 returned 1
branch 11 taken 1 (fallthrough)
branch 12 taken 0 (throw)
call   13 returned 1
branch 14 taken 1 (fallthrough)
branch 15 taken 0 (throw)
call   16 returned 1
branch 17 taken 1 (fallthrough)
branch 18 taken 0 (throw)
call   19 returned 1
call   20 never executed
call   21 never executed
branch 22 never executed (fallthrough)
branch 23 never executed (throw)
call   24 never executed
branch 25 never executed (fallthrough)
branch 26 never executed (throw)
call   27 never executed
call   28 never executed
        1:  226:    REQUIRE(source_server.tick(source, source_server.options().fixed_dt_seconds));
call    0 returned 1
call    1 returned 1
call    2 returned 1
call    3 returned 1
branch  4 taken 1 (fallthrough)
branch  5 taken 0 (throw)
call    6 returned 1
call    7 returned 1
branch  8 taken 1 (fallthrough)
branch  9 taken 0 (throw)
call   10 returned 1
branch 11 taken 1 (fallthrough)
branch 12 taken 0 (throw)
call   13 returned 1
branch 14 taken 1 (fallthrough)
branch 15 taken 0 (throw)
call   16 returned 1
branch 17 taken 1 (fallthrough)
branch 18 taken 0 (throw)
call   19 returned 1
call   20 never executed
call   21 never executed
branch 22 never executed (fallthrough)
branch 23 never executed (throw)
call   24 never executed
branch 25 never executed (fallthrough)
branch 26 never executed (throw)
call   27 never executed
call   28 never executed
        1:  227:    REQUIRE(source_server.tick(source, source_server.options().fixed_dt_seconds));
call    0 returned 1
call    1 returned 1
call    2 returned 1
call    3 returned 1
branch  4 taken 1 (fallthrough)
branch  5 taken 0 (throw)
call    6 returned 1
call    7 returned 1
branch  8 taken 1 (fallthrough)
branch  9 taken 0 (throw)
call   10 returned 1
branch 11 taken 1 (fallthrough)
branch 12 taken 0 (throw)
call   13 returned 1
branch 14 taken 1 (fallthrough)
branch 15 taken 0 (throw)
call   16 returned 1
branch 17 taken 1 (fallthrough)
branch 18 taken 0 (throw)
call   19 returned 1
call   20 never executed
call   21 never executed
branch 22 never executed (fallthrough)
branch 23 never executed (throw)
call   24 never executed
branch 25 never executed (fallthrough)
branch 26 never executed (throw)
call   27 never executed
call   28 never executed
        1:  228:    REQUIRE(replay_frames.size() == 1U);
call    0 returned 1
call    1 returned 1
call    2 returned 1
call    3 returned 1
branch  4 taken 1 (fallthrough)
branch  5 taken 0 (throw)
call    6 returned 1
call    7 returned 1
branch  8 taken 1 (fallthrough)
branch  9 taken 0 (throw)
call   10 returned 1
branch 11 taken 1 (fallthrough)
branch 12 taken 0 (throw)
call   13 returned 1
branch 14 taken 1 (fallthrough)
branch 15 taken 0 (throw)
call   16 returned 1
call   17 returned 1
branch 18 taken 1 (fallthrough)
branch 19 taken 0 (throw)
call   20 returned 1
call   21 never executed
call   22 never executed
call   23 never executed
branch 24 never executed (fallthrough)
branch 25 never executed (throw)
call   26 never executed
branch 27 never executed (fallthrough)
branch 28 never executed (throw)
call   29 never executed
call   30 never executed
        1:  229:    REQUIRE(replay_frames[0].frame == 6U);
call    0 returned 1
call    1 returned 1
call    2 returned 1
call    3 returned 1
branch  4 taken 1 (fallthrough)
branch  5 taken 0 (throw)
call    6 returned 1
call    7 returned 1
branch  8 taken 1 (fallthrough)
branch  9 taken 0 (throw)
call   10 returned 1
branch 11 taken 1 (fallthrough)
branch 12 taken 0 (throw)
call   13 returned 1
branch 14 taken 1 (fallthrough)
branch 15 taken 0 (throw)
call   16 returned 1
call   17 returned 1
branch 18 taken 1 (fallthrough)
branch 19 taken 0 (throw)
call   20 returned 1
call   21 never executed
call   22 never executed
call   23 never executed
branch 24 never executed (fallthrough)
branch 25 never executed (throw)
call   26 never executed
branch 27 never executed (fallthrough)
branch 28 never executed (throw)
call   29 never executed
call   30 never executed
        1:  230:    streamer.push_frame(std::move(replay_frames[0]));
call    0 returned 1
call    1 returned 1
call    2 returned 1
branch  3 taken 1 (fallthrough)
branch  4 taken 0 (throw)
        1:  231:    replay_frames.clear();
call    0 returned 1
        -:  232:
        1:  233:    REQUIRE(streamer.tick_session(session, playback, playback_server));
call    0 returned 1
call    1 returned 1
call    2 returned 1
call    3 returned 1
branch  4 taken 1 (fallthrough)
branch  5 taken 0 (throw)
call    6 returned 1
branch  7 taken 1 (fallthrough)
branch  8 taken 0 (throw)
call    9 returned 1
branch 10 taken 1 (fallthrough)
branch 11 taken 0 (throw)
call   12 returned 1
branch 13 taken 1 (fallthrough)
branch 14 taken 0 (throw)
call   15 returned 1
branch 16 taken 1 (fallthrough)
branch 17 taken 0 (throw)
call   18 returned 1
call   19 never executed
call   20 never executed
branch 21 never executed (fallthrough)
branch 22 never executed (throw)
call   23 never executed
branch 24 never executed (fallthrough)
branch 25 never executed (throw)
call   26 never executed
call   27 never executed
        1:  234:    REQUIRE(playback.get<kage::sync::FrameInfo>().frame == 4U);
call    0 returned 1
call    1 returned 1
call    2 returned 1
call    3 returned 1
branch  4 taken 1 (fallthrough)
branch  5 taken 0 (throw)
call    6 returned 1
branch  7 taken 1 (fallthrough)
branch  8 taken 0 (throw)
call    9 returned 1
branch 10 taken 1 (fallthrough)
branch 11 taken 0 (throw)
call   12 returned 1
branch 13 taken 1 (fallthrough)
branch 14 taken 0 (throw)
call   15 returned 1
branch 16 taken 1 (fallthrough)
branch 17 taken 0 (throw)
call   18 returned 1
call   19 returned 1
branch 20 taken 1 (fallthrough)
branch 21 taken 0 (throw)
call   22 returned 1
call   23 never executed
call   24 never executed
call   25 never executed
branch 26 never executed (fallthrough)
branch 27 never executed (throw)
call   28 never executed
branch 29 never executed (fallthrough)
branch 30 never executed (throw)
call   31 never executed
call   32 never executed
        1:  235:    REQUIRE(streamer.tick_session(session, playback, playback_server));
call    0 returned 1
call    1 returned 1
call    2 returned 1
call    3 returned 1
branch  4 taken 1 (fallthrough)
branch  5 taken 0 (throw)
call    6 returned 1
branch  7 taken 1 (fallthrough)
branch  8 taken 0 (throw)
call    9 returned 1
branch 10 taken 1 (fallthrough)
branch 11 taken 0 (throw)
call   12 returned 1
branch 13 taken 1 (fallthrough)
branch 14 taken 0 (throw)
call   15 returned 1
branch 16 taken 1 (fallthrough)
branch 17 taken 0 (throw)
call   18 returned 1
call   19 never executed
call   20 never executed
branch 21 never executed (fallthrough)
branch 22 never executed (throw)
call   23 never executed
branch 24 never executed (fallthrough)
branch 25 never executed (throw)
call   26 never executed
call   27 never executed
        1:  236:    REQUIRE(playback.get<kage::sync::FrameInfo>().frame == 5U);
call    0 returned 1
call    1 returned 1
call    2 returned 1
call    3 returned 1
branch  4 taken 1 (fallthrough)
branch  5 taken 0 (throw)
call    6 returned 1
branch  7 taken 1 (fallthrough)
branch  8 taken 0 (throw)
call    9 returned 1
branch 10 taken 1 (fallthrough)
branch 11 taken 0 (throw)
call   12 returned 1
branch 13 taken 1 (fallthrough)
branch 14 taken 0 (throw)
call   15 returned 1
branch 16 taken 1 (fallthrough)
branch 17 taken 0 (throw)
call   18 returned 1
call   19 returned 1
branch 20 taken 1 (fallthrough)
branch 21 taken 0 (throw)
call   22 returned 1
call   23 never executed
call   24 never executed
call   25 never executed
branch 26 never executed (fallthrough)
branch 27 never executed (throw)
call   28 never executed
branch 29 never executed (fallthrough)
branch 30 never executed (throw)
call   31 never executed
call   32 never executed
        1:  237:    REQUIRE(streamer.tick_session(session, playback, playback_server));
call    0 returned 1
call    1 returned 1
call    2 returned 1
call    3 returned 1
branch  4 taken 1 (fallthrough)
branch  5 taken 0 (throw)
call    6 returned 1
branch  7 taken 1 (fallthrough)
branch  8 taken 0 (throw)
call    9 returned 1
branch 10 taken 1 (fallthrough)
branch 11 taken 0 (throw)
call   12 returned 1
branch 13 taken 1 (fallthrough)
branch 14 taken 0 (throw)
call   15 returned 1
branch 16 taken 1 (fallthrough)
branch 17 taken 0 (throw)
call   18 returned 1
call   19 never executed
call   20 never executed
branch 21 never executed (fallthrough)
branch 22 never executed (throw)
call   23 never executed
branch 24 never executed (fallthrough)
branch 25 never executed (throw)
call   26 never executed
call   27 never executed
        1:  238:    REQUIRE(playback.get<kage::sync::FrameInfo>().frame == 6U);
call    0 returned 1
call    1 returned 1
call    2 returned 1
call    3 returned 1
branch  4 taken 1 (fallthrough)
branch  5 taken 0 (throw)
call    6 returned 1
branch  7 taken 1 (fallthrough)
branch  8 taken 0 (throw)
call    9 returned 1
branch 10 taken 1 (fallthrough)
branch 11 taken 0 (throw)
call   12 returned 1
branch 13 taken 1 (fallthrough)
branch 14 taken 0 (throw)
call   15 returned 1
branch 16 taken 1 (fallthrough)
branch 17 taken 0 (throw)
call   18 returned 1
call   19 returned 1
branch 20 taken 1 (fallthrough)
branch 21 taken 0 (throw)
call   22 returned 1
call   23 never executed
call   24 never executed
call   25 never executed
branch 26 never executed (fallthrough)
branch 27 never executed (throw)
call   28 never executed
branch 29 never executed (fallthrough)
branch 30 never executed (throw)
call   31 never executed
call   32 never executed
        -:  239:
        1:  240:    source.write<kage_sync_tests::Position>(entity).x = 9.0f;
call    0 returned 1
branch  1 taken 1 (fallthrough)
branch  2 taken 0 (throw)
        1:  241:    REQUIRE(source_server.tick(source, source_server.options().fixed_dt_seconds));
call    0 returned 1
call    1 returned 1
call    2 returned 1
call    3 returned 1
branch  4 taken 1 (fallthrough)
branch  5 taken 0 (throw)
call    6 returned 1
call    7 returned 1
branch  8 taken 1 (fallthrough)
branch  9 taken 0 (throw)
call   10 returned 1
branch 11 taken 1 (fallthrough)
branch 12 taken 0 (throw)
call   13 returned 1
branch 14 taken 1 (fallthrough)
branch 15 taken 0 (throw)
call   16 returned 1
branch 17 taken 1 (fallthrough)
branch 18 taken 0 (throw)
call   19 returned 1
call   20 never executed
call   21 never executed
branch 22 never executed (fallthrough)
branch 23 never executed (throw)
call   24 never executed
branch 25 never executed (fallthrough)
branch 26 never executed (throw)
call   27 never executed
call   28 never executed
        1:  242:    REQUIRE(source_server.tick(source, source_server.options().fixed_dt_seconds));
call    0 returned 1
call    1 returned 1
call    2 returned 1
call    3 returned 1
branch  4 taken 1 (fallthrough)
branch  5 taken 0 (throw)
call    6 returned 1
call    7 returned 1
branch  8 taken 1 (fallthrough)
branch  9 taken 0 (throw)
call   10 returned 1
branch 11 taken 1 (fallthrough)
branch 12 taken 0 (throw)
call   13 returned 1
branch 14 taken 1 (fallthrough)
branch 15 taken 0 (throw)
call   16 returned 1
branch 17 taken 1 (fallthrough)
branch 18 taken 0 (throw)
call   19 returned 1
call   20 never executed
call   21 never executed
branch 22 never executed (fallthrough)
branch 23 never executed (throw)
call   24 never executed
branch 25 never executed (fallthrough)
branch 26 never executed (throw)
call   27 never executed
call   28 never executed
        1:  243:    REQUIRE(source_server.tick(source, source_server.options().fixed_dt_seconds));
call    0 returned 1
call    1 returned 1
call    2 returned 1
call    3 returned 1
branch  4 taken 1 (fallthrough)
branch  5 taken 0 (throw)
call    6 returned 1
call    7 returned 1
branch  8 taken 1 (fallthrough)
branch  9 taken 0 (throw)
call   10 returned 1
branch 11 taken 1 (fallthrough)
branch 12 taken 0 (throw)
call   13 returned 1
branch 14 taken 1 (fallthrough)
branch 15 taken 0 (throw)
call   16 returned 1
branch 17 taken 1 (fallthrough)
branch 18 taken 0 (throw)
call   19 returned 1
call   20 never executed
call   21 never executed
branch 22 never executed (fallthrough)
branch 23 never executed (throw)
call   24 never executed
branch 25 never executed (fallthrough)
branch 26 never executed (throw)
call   27 never executed
call   28 never executed
        1:  244:    writer.detach();
call    0 returned 1
branch  1 taken 1 (fallthrough)
branch  2 taken 0 (throw)
        1:  245:    REQUIRE(replay_frames.size() == 1U);
call    0 returned 1
call    1 returned 1
call    2 returned 1
call    3 returned 1
branch  4 taken 1 (fallthrough)
branch  5 taken 0 (throw)
call    6 returned 1
call    7 returned 1
branch  8 taken 1 (fallthrough)
branch  9 taken 0 (throw)
call   10 returned 1
branch 11 taken 1 (fallthrough)
branch 12 taken 0 (throw)
call   13 returned 1
branch 14 taken 1 (fallthrough)
branch 15 taken 0 (throw)
call   16 returned 1
call   17 returned 1
branch 18 taken 1 (fallthrough)
branch 19 taken 0 (throw)
call   20 returned 1
call   21 never executed
call   22 never executed
call   23 never executed
branch 24 never executed (fallthrough)
branch 25 never executed (throw)
call   26 never executed
branch 27 never executed (fallthrough)
branch 28 never executed (throw)
call   29 never executed
call   30 never executed
        1:  246:    REQUIRE(replay_frames[0].frame == 9U);
call    0 returned 1
call    1 returned 1
call    2 returned 1
call    3 returned 1
branch  4 taken 1 (fallthrough)
branch  5 taken 0 (throw)
call    6 returned 1
call    7 returned 1
branch  8 taken 1 (fallthrough)
branch  9 taken 0 (throw)
call   10 returned 1
branch 11 taken 1 (fallthrough)
branch 12 taken 0 (throw)
call   13 returned 1
branch 14 taken 1 (fallthrough)
branch 15 taken 0 (throw)
call   16 returned 1
call   17 returned 1
branch 18 taken 1 (fallthrough)
branch 19 taken 0 (throw)
call   20 returned 1
call   21 never executed
call   22 never executed
call   23 never executed
branch 24 never executed (fallthrough)
branch 25 never executed (throw)
call   26 never executed
branch 27 never executed (fallthrough)
branch 28 never executed (throw)
call   29 never executed
call   30 never executed
        1:  247:    streamer.push_frame(std::move(replay_frames[0]));
call    0 returned 1
call    1 returned 1
call    2 returned 1
branch  3 taken 1 (fallthrough)
branch  4 taken 0 (throw)
        1:  248:    replay_frames.clear();
call    0 returned 1
        -:  249:
        1:  250:    REQUIRE(streamer.tick_session(session, playback, playback_server));
call    0 returned 1
call    1 returned 1
call    2 returned 1
call    3 returned 1
branch  4 taken 1 (fallthrough)
branch  5 taken 0 (throw)
call    6 returned 1
branch  7 taken 1 (fallthrough)
branch  8 taken 0 (throw)
call    9 returned 1
branch 10 taken 1 (fallthrough)
branch 11 taken 0 (throw)
call   12 returned 1
branch 13 taken 1 (fallthrough)
branch 14 taken 0 (throw)
call   15 returned 1
branch 16 taken 1 (fallthrough)
branch 17 taken 0 (throw)
call   18 returned 1
call   19 never executed
call   20 never executed
branch 21 never executed (fallthrough)
branch 22 never executed (throw)
call   23 never executed
branch 24 never executed (fallthrough)
branch 25 never executed (throw)
call   26 never executed
call   27 never executed
        1:  251:    REQUIRE(playback.get<kage::sync::FrameInfo>().frame == 7U);
call    0 returned 1
call    1 returned 1
call    2 returned 1
call    3 returned 1
branch  4 taken 1 (fallthrough)
branch  5 taken 0 (throw)
call    6 returned 1
branch  7 taken 1 (fallthrough)
branch  8 taken 0 (throw)
call    9 returned 1
branch 10 taken 1 (fallthrough)
branch 11 taken 0 (throw)
call   12 returned 1
branch 13 taken 1 (fallthrough)
branch 14 taken 0 (throw)
call   15 returned 1
branch 16 taken 1 (fallthrough)
branch 17 taken 0 (throw)
call   18 returned 1
call   19 returned 1
branch 20 taken 1 (fallthrough)
branch 21 taken 0 (throw)
call   22 returned 1
call   23 never executed
call   24 never executed
call   25 never executed
branch 26 never executed (fallthrough)
branch 27 never executed (throw)
call   28 never executed
branch 29 never executed (fallthrough)
branch 30 never executed (throw)
call   31 never executed
call   32 never executed
        1:  252:    REQUIRE(streamer.tick_session(session, playback, playback_server));
call    0 returned 1
call    1 returned 1
call    2 returned 1
call    3 returned 1
branch  4 taken 1 (fallthrough)
branch  5 taken 0 (throw)
call    6 returned 1
branch  7 taken 1 (fallthrough)
branch  8 taken 0 (throw)
call    9 returned 1
branch 10 taken 1 (fallthrough)
branch 11 taken 0 (throw)
call   12 returned 1
branch 13 taken 1 (fallthrough)
branch 14 taken 0 (throw)
call   15 returned 1
branch 16 taken 1 (fallthrough)
branch 17 taken 0 (throw)
call   18 returned 1
call   19 never executed
call   20 never executed
branch 21 never executed (fallthrough)
branch 22 never executed (throw)
call   23 never executed
branch 24 never executed (fallthrough)
branch 25 never executed (throw)
call   26 never executed
call   27 never executed
        1:  253:    REQUIRE(playback.get<kage::sync::FrameInfo>().frame == 8U);
call    0 returned 1
call    1 returned 1
call    2 returned 1
call    3 returned 1
branch  4 taken 1 (fallthrough)
branch  5 taken 0 (throw)
call    6 returned 1
branch  7 taken 1 (fallthrough)
branch  8 taken 0 (throw)
call    9 returned 1
branch 10 taken 1 (fallthrough)
branch 11 taken 0 (throw)
call   12 returned 1
branch 13 taken 1 (fallthrough)
branch 14 taken 0 (throw)
call   15 returned 1
branch 16 taken 1 (fallthrough)
branch 17 taken 0 (throw)
call   18 returned 1
call   19 returned 1
branch 20 taken 1 (fallthrough)
branch 21 taken 0 (throw)
call   22 returned 1
call   23 never executed
call   24 never executed
call   25 never executed
branch 26 never executed (fallthrough)
branch 27 never executed (throw)
call   28 never executed
branch 29 never executed (fallthrough)
branch 30 never executed (throw)
call   31 never executed
call   32 never executed
        1:  254:    REQUIRE(streamer.tick_session(session, playback, playback_server));
call    0 returned 1
call    1 returned 1
call    2 returned 1
call    3 returned 1
branch  4 taken 1 (fallthrough)
branch  5 taken 0 (throw)
call    6 returned 1
branch  7 taken 1 (fallthrough)
branch  8 taken 0 (throw)
call    9 returned 1
branch 10 taken 1 (fallthrough)
branch 11 taken 0 (throw)
call   12 returned 1
branch 13 taken 1 (fallthrough)
branch 14 taken 0 (throw)
call   15 returned 1
branch 16 taken 1 (fallthrough)
branch 17 taken 0 (throw)
call   18 returned 1
call   19 never executed
call   20 never executed
branch 21 never executed (fallthrough)
branch 22 never executed (throw)
call   23 never executed
branch 24 never executed (fallthrough)
branch 25 never executed (throw)
call   26 never executed
call   27 never executed
        1:  255:    REQUIRE(playback.get<kage::sync::FrameInfo>().frame == 9U);
call    0 returned 1
call    1 returned 1
call    2 returned 1
call    3 returned 1
branch  4 taken 1 (fallthrough)
branch  5 taken 0 (throw)
call    6 returned 1
branch  7 taken 1 (fallthrough)
branch  8 taken 0 (throw)
call    9 returned 1
branch 10 taken 1 (fallthrough)
branch 11 taken 0 (throw)
call   12 returned 1
branch 13 taken 1 (fallthrough)
branch 14 taken 0 (throw)
call   15 returned 1
branch 16 taken 1 (fallthrough)
branch 17 taken 0 (throw)
call   18 returned 1
call   19 returned 1
branch 20 taken 1 (fallthrough)
branch 21 taken 0 (throw)
call   22 returned 1
call   23 never executed
call   24 never executed
call   25 never executed
branch 26 never executed (fallthrough)
branch 27 never executed (throw)
call   28 never executed
branch 29 never executed (fallthrough)
branch 30 never executed (throw)
call   31 never executed
call   32 never executed
        1:  256:    REQUIRE(streamer.tick_session(session, playback, playback_server));
call    0 returned 1
call    1 returned 1
call    2 returned 1
call    3 returned 1
branch  4 taken 1 (fallthrough)
branch  5 taken 0 (throw)
call    6 returned 1
branch  7 taken 1 (fallthrough)
branch  8 taken 0 (throw)
call    9 returned 1
branch 10 taken 1 (fallthrough)
branch 11 taken 0 (throw)
call   12 returned 1
branch 13 taken 1 (fallthrough)
branch 14 taken 0 (throw)
call   15 returned 1
branch 16 taken 1 (fallthrough)
branch 17 taken 0 (throw)
call   18 returned 1
call   19 never executed
call   20 never executed
branch 21 never executed (fallthrough)
branch 22 never executed (throw)
call   23 never executed
branch 24 never executed (fallthrough)
branch 25 never executed (throw)
call   26 never executed
call   27 never executed
        1:  257:    REQUIRE(playback.get<kage::sync::FrameInfo>().frame == 10U);
call    0 returned 1
call    1 returned 1
call    2 returned 1
call    3 returned 1
branch  4 taken 1 (fallthrough)
branch  5 taken 0 (throw)
call    6 returned 1
branch  7 taken 1 (fallthrough)
branch  8 taken 0 (throw)
call    9 returned 1
branch 10 taken 1 (fallthrough)
branch 11 taken 0 (throw)
call   12 returned 1
branch 13 taken 1 (fallthrough)
branch 14 taken 0 (throw)
call   15 returned 1
branch 16 taken 1 (fallthrough)
branch 17 taken 0 (throw)
call   18 returned 1
call   19 returned 1
branch 20 taken 1 (fallthrough)
branch 21 taken 0 (throw)
call   22 returned 1
call   23 never executed
call   24 never executed
call   25 never executed
branch 26 never executed (fallthrough)
branch 27 never executed (throw)
call   28 never executed
branch 29 never executed (fallthrough)
branch 30 never executed (throw)
call   31 never executed
call   32 never executed
        1:  258:    REQUIRE(streamer.tick_session(session, playback, playback_server));
call    0 returned 1
call    1 returned 1
call    2 returned 1
call    3 returned 1
branch  4 taken 1 (fallthrough)
branch  5 taken 0 (throw)
call    6 returned 1
branch  7 taken 1 (fallthrough)
branch  8 taken 0 (throw)
call    9 returned 1
branch 10 taken 1 (fallthrough)
branch 11 taken 0 (throw)
call   12 returned 1
branch 13 taken 1 (fallthrough)
branch 14 taken 0 (throw)
call   15 returned 1
branch 16 taken 1 (fallthrough)
branch 17 taken 0 (throw)
call   18 returned 1
call   19 never executed
call   20 never executed
branch 21 never executed (fallthrough)
branch 22 never executed (throw)
call   23 never executed
branch 24 never executed (fallthrough)
branch 25 never executed (throw)
call   26 never executed
call   27 never executed
        1:  259:    REQUIRE(playback.get<kage::sync::FrameInfo>().frame == 11U);
call    0 returned 1
call    1 returned 1
call    2 returned 1
call    3 returned 1
branch  4 taken 1 (fallthrough)
branch  5 taken 0 (throw)
call    6 returned 1
branch  7 taken 1 (fallthrough)
branch  8 taken 0 (throw)
call    9 returned 1
branch 10 taken 1 (fallthrough)
branch 11 taken 0 (throw)
call   12 returned 1
branch 13 taken 1 (fallthrough)
branch 14 taken 0 (throw)
call   15 returned 1
branch 16 taken 1 (fallthrough)
branch 17 taken 0 (throw)
call   18 returned 1
call   19 returned 1
branch 20 taken 1 (fallthrough)
branch 21 taken 0 (throw)
call   22 returned 1
call   23 never executed
call   24 never executed
call   25 never executed
branch 26 never executed (fallthrough)
branch 27 never executed (throw)
call   28 never executed
branch 29 never executed (fallthrough)
branch 30 never executed (throw)
call   31 never executed
call   32 never executed
        1:  260:    REQUIRE_FALSE(streamer.tick_session(session, playback, playback_server));
call    0 returned 1
branch  1 taken 1 (fallthrough)
branch  2 taken 0 (throw)
call    3 returned 1
call    4 returned 1
call    5 returned 1
call    6 returned 1
branch  7 taken 1 (fallthrough)
branch  8 taken 0 (throw)
call    9 returned 1
branch 10 taken 1 (fallthrough)
branch 11 taken 0 (throw)
call   12 returned 1
branch 13 taken 1 (fallthrough)
branch 14 taken 0 (throw)
call   15 returned 1
branch 16 taken 1 (fallthrough)
branch 17 taken 0 (throw)
call   18 returned 1
branch 19 taken 1 (fallthrough)
branch 20 taken 0 (throw)
call   21 returned 1
call   22 never executed
call   23 never executed
branch 24 never executed (fallthrough)
branch 25 never executed (throw)
call   26 never executed
branch 27 never executed (fallthrough)
branch 28 never executed (throw)
call   29 never executed
call   30 never executed
        1:  261:    REQUIRE(playback.get<kage_sync_tests::CuePlayback>(replayed).plays == 1);
call    0 returned 1
call    1 returned 1
call    2 returned 1
call    3 returned 1
branch  4 taken 1 (fallthrough)
branch  5 taken 0 (throw)
call    6 returned 1
branch  7 taken 1 (fallthrough)
branch  8 taken 0 (throw)
call    9 returned 1
branch 10 taken 1 (fallthrough)
branch 11 taken 0 (throw)
call   12 returned 1
branch 13 taken 1 (fallthrough)
branch 14 taken 0 (throw)
call   15 returned 1
branch 16 taken 1 (fallthrough)
branch 17 taken 0 (throw)
call   18 returned 1
call   19 returned 1
branch 20 taken 1 (fallthrough)
branch 21 taken 0 (throw)
call   22 returned 1
call   23 never executed
call   24 never executed
call   25 never executed
branch 26 never executed (fallthrough)
branch 27 never executed (throw)
call   28 never executed
branch 29 never executed (fallthrough)
branch 30 never executed (throw)
call   31 never executed
call   32 never executed
        1:  262:    REQUIRE(playback.get<kage_sync_tests::Position>(replayed).x == 9.0f);
call    0 returned 1
call    1 returned 1
call    2 returned 1
call    3 returned 1
branch  4 taken 1 (fallthrough)
branch  5 taken 0 (throw)
call    6 returned 1
branch  7 taken 1 (fallthrough)
branch  8 taken 0 (throw)
call    9 returned 1
branch 10 taken 1 (fallthrough)
branch 11 taken 0 (throw)
call   12 returned 1
branch 13 taken 1 (fallthrough)
branch 14 taken 0 (throw)
call   15 returned 1
branch 16 taken 1 (fallthrough)
branch 17 taken 0 (throw)
call   18 returned 1
call   19 returned 1
branch 20 taken 1 (fallthrough)
branch 21 taken 0 (throw)
call   22 returned 1
call   23 never executed
call   24 never executed
call   25 never executed
branch 26 never executed (fallthrough)
branch 27 never executed (throw)
call   28 never executed
branch 29 never executed (fallthrough)
branch 30 never executed (throw)
call   31 never executed
call   32 never executed
        4:  263:}
call    0 returned 1
call    1 returned 1
branch  2 taken 1 (fallthrough)
branch  3 taken 0 (throw)
call    4 returned 1
call    5 returned 1
call    6 returned 1
call    7 returned 1
branch  8 taken 1 (fallthrough)
branch  9 taken 0 (throw)
call   10 returned 1
call   11 returned 1
call   12 returned 1
call   13 returned 1
branch 14 taken 1 (fallthrough)
branch 15 taken 0 (throw)
call   16 returned 1
call   17 returned 1
call   18 returned 1
call   19 returned 1
call   20 returned 1
call   21 returned 1
call   22 returned 1
call   23 returned 1
branch 24 never executed (fallthrough)
branch 25 never executed
call   26 never executed
branch 27 never executed (fallthrough)
branch 28 never executed
call   29 never executed
branch 30 never executed (fallthrough)
branch 31 never executed
call   32 never executed
branch 33 never executed (fallthrough)
branch 34 never executed
call   35 never executed
branch 36 never executed (fallthrough)
branch 37 never executed
call   38 never executed
branch 39 never executed (fallthrough)
branch 40 never executed
call   41 never executed
branch 42 never executed (fallthrough)
branch 43 never executed
call   44 never executed
call   45 never executed
call   46 never executed
call   47 never executed
call   48 never executed
call   49 never executed
call   50 never executed
call   51 never executed
call   52 never executed
