        -:    0:Source:/home/runner/work/kage-sync/kage-sync/kage-sync/src/client.cpp
        -:    0:Graph:/home/runner/work/kage-sync/kage-sync/kage-sync/build-coverage/src/CMakeFiles/kage_sync.dir/client.cpp.gcno
        -:    0:Data:/home/runner/work/kage-sync/kage-sync/kage-sync/build-coverage/src/CMakeFiles/kage_sync.dir/client.cpp.gcda
        -:    0:Runs:310
        -:    1:#include "kage/sync/client.hpp"
        -:    2:
        -:    3:#include "client/ack_queue.hpp"
        -:    4:#include "client/frame_data.hpp"
        -:    5:#include "client/input_buffer.hpp"
        -:    6:#include "client/packet_window.hpp"
        -:    7:#include "client/state.hpp"
        -:    8:#include "detail/options_validation.hpp"
        -:    9:
        -:   10:#include "kage/sync/protocol.hpp"
        -:   11:#include "kage/sync/tracing.hpp"
        -:   12:
        -:   13:#include <algorithm>
        -:   14:#include <cmath>
        -:   15:#include <cstddef>
        -:   16:#include <cstdint>
        -:   17:#include <cstring>
        -:   18:#include <iostream>
        -:   19:#include <limits>
        -:   20:#include <mutex>
        -:   21:#include <sstream>
        -:   22:#include <stdexcept>
        -:   23:#include <utility>
        -:   24:
        -:   25:namespace kage::sync {
        -:   26:namespace {
        -:   27:
        -:   28:constexpr std::size_t max_baseline_history_per_entity = 64;
        -:   29:constexpr std::size_t max_destroy_tombstones = 65536;
        -:   30:
        -:   31:using client_detail::apply_archetype_tags;
        -:   32:using client_detail::frame_component_data;
        -:   33:using client_detail::frame_has_component;
        -:   34:using client_detail::has_tag_slot;
        -:   35:using client_detail::init_frame_data;
        -:   36:using client_detail::mutable_frame_component_data;
        -:   37:using client_detail::remove_archetype_tags;
        -:   38:using client_detail::sync_slot_bit;
        -:   39:using client_detail::sync_slot_count;
        -:   40:using client_detail::tag_bit_set;
        -:   41:using client_detail::unchecked_frame_component_data;
        -:   42:using client_detail::unchecked_mutable_frame_component_data;
        -:   43:
function _ZN4kage4sync12_GLOBAL__N_125configured_packet_id_bitsERKNS0_24ReplicationClientOptionsE called 5840 returned 100% blocks executed 100%
     5840:   44:std::size_t configured_packet_id_bits(const ReplicationClientOptions& options) noexcept {
     5840:   45:    return protocol::packet_id_bits(options.protocol);
call    0 returned 5840
        -:   46:}
        -:   47:
function _ZN4kage4sync12_GLOBAL__N_117make_clock_configERKNS0_24ReplicationClientOptionsE called 164 returned 100% blocks executed 100%
      164:   48:ReplicationClientClockConfig make_clock_config(const ReplicationClientOptions& options) noexcept {
      164:   49:    ReplicationClientClockConfig config;
      164:   50:    config.fixed_dt_seconds = options.fixed_dt_seconds;
      164:   51:    config.interpolation_buffer_frames = options.interpolation_buffer_frames;
      164:   52:    config.interpolation_buffer_capacity_frames = options.interpolation_buffer_capacity_frames;
      164:   53:    config.auto_interpolation_buffer_frames = options.auto_interpolation_buffer_frames;
      164:   54:    config.auto_interpolation_min_frames = options.auto_interpolation_min_frames;
      164:   55:    config.auto_interpolation_jitter_multiplier = options.auto_interpolation_jitter_multiplier;
      164:   56:    config.auto_interpolation_smoothing = options.auto_interpolation_smoothing;
      164:   57:    config.auto_interpolation_time_dilation_min = options.auto_interpolation_time_dilation_min;
      164:   58:    config.auto_interpolation_time_dilation_max = options.auto_interpolation_time_dilation_max;
      164:   59:    config.auto_interpolation_time_dilation_gain = options.auto_interpolation_time_dilation_gain;
      164:   60:    config.auto_prediction_lead_frames = options.auto_prediction_lead_frames;
      164:   61:    config.prediction_lead_frames = options.prediction_lead_frames;
      164:   62:    config.input_buffer_capacity_frames = options.input_buffer_capacity_frames;
      164:   63:    config.auto_prediction_min_frames = options.auto_prediction_min_frames;
      164:   64:    config.auto_prediction_safety_frames = options.auto_prediction_safety_frames;
      164:   65:    config.auto_prediction_jitter_multiplier = options.auto_prediction_jitter_multiplier;
      164:   66:    config.auto_prediction_time_dilation_min = options.auto_prediction_time_dilation_min;
      164:   67:    config.auto_prediction_time_dilation_max = options.auto_prediction_time_dilation_max;
      164:   68:    config.auto_prediction_time_dilation_gain = options.auto_prediction_time_dilation_gain;
      164:   69:    config.auto_timing_warmup_samples = options.auto_timing_warmup_samples;
      164:   70:    config.auto_timing_fast_recovery = options.auto_timing_fast_recovery;
      164:   71:    config.auto_timing_fast_recovery_min_frame_gap = options.auto_timing_fast_recovery_min_frame_gap;
      164:   72:    return config;
        -:   73:}
        -:   74:
function _ZN4kage4sync12_GLOBAL__N_18all_zeroERKNS0_14QuantizedBytesE called 18659 returned 100% blocks executed 100%
    18659:   75:bool all_zero(const SyncComponentOps::QuantizedBytes& bytes) {
function _ZZN4kage4sync12_GLOBAL__N_18all_zeroERKNS0_14QuantizedBytesEENKUlhE_clEh called 105915 returned 100% blocks executed 100%
    18659:   76:    return std::all_of(bytes.begin(), bytes.end(), [](std::uint8_t byte) {
call    0 returned 18659
call    1 returned 18659
call    2 returned 18659
   105915:   77:        return byte == 0U;
    18659:   78:    });
        -:   79:}
        -:   80:
function _ZN4kage4sync12_GLOBAL__N_115encode_subframeEd called 80 returned 100% blocks executed 89%
       80:   81:std::uint16_t encode_subframe(double subframe) noexcept {
       80:   82:    if (!std::isfinite(subframe)) {
call    0 returned 80
branch  1 taken 0 (fallthrough)
branch  2 taken 80
    #####:   83:        return 0;
        -:   84:    }
       80:   85:    const auto scaled = static_cast<std::uint32_t>(std::floor(
       80:   86:        std::clamp(subframe, 0.0, 1.0) * static_cast<double>(protocol::frame_subframe_scale)));
call    0 returned 80
       80:   87:    return static_cast<std::uint16_t>(std::min(scaled, protocol::frame_subframe_scale - 1U));
call    0 returned 80
        -:   88:}
        -:   89:
function _ZN4kage4sync12_GLOBAL__N_123decode_continuous_frameEjt called 60 returned 100% blocks executed 100%
       60:   90:double decode_continuous_frame(SyncFrame frame, std::uint16_t subframe) noexcept {
       60:   91:    return static_cast<double>(frame) +
       60:   92:        static_cast<double>(subframe) / static_cast<double>(protocol::frame_subframe_scale);
        -:   93:}
        -:   94:
        -:   95:#ifdef KAGE_SYNC_ENABLE_TRACING
        -:   96:SyncTraceEvent make_client_trace_event(SyncTraceEventType type, ClientId client, SyncFrame frame) {
        -:   97:    SyncTraceEvent event;
        -:   98:    event.type = type;
        -:   99:    event.role = SyncTraceRole::Client;
        -:  100:    event.client = client;
        -:  101:    event.frame = frame;
        -:  102:    return event;
        -:  103:}
        -:  104:
        -:  105:struct RollbackReasonTraceContext {
        -:  106:    const SyncTracer* tracer = nullptr;
        -:  107:    ClientId client = invalid_client_id;
        -:  108:    SyncFrame frame = 0;
        -:  109:    ecs::Entity server_entity{};
        -:  110:    ecs::Entity local_entity{};
        -:  111:    ClientEntityNetworkId client_network_id = invalid_client_entity_network_id;
        -:  112:    std::uint32_t wire_network_id = 0;
        -:  113:    std::uint32_t network_version = 0;
        -:  114:    SyncArchetypeId archetype = invalid_sync_archetype_id;
        -:  115:    ecs::Entity component{};
        -:  116:    std::string component_name;
        -:  117:};
        -:  118:
        -:  119:thread_local const RollbackReasonTraceContext* rollback_reason_trace_context = nullptr;
        -:  120:
        -:  121:class ScopedRollbackReasonTraceContext {
        -:  122:public:
        -:  123:    explicit ScopedRollbackReasonTraceContext(const RollbackReasonTraceContext& context)
        -:  124:        : previous_(rollback_reason_trace_context) {
        -:  125:        rollback_reason_trace_context = &context;
        -:  126:    }
        -:  127:
        -:  128:    ~ScopedRollbackReasonTraceContext() {
        -:  129:        rollback_reason_trace_context = previous_;
        -:  130:    }
        -:  131:
        -:  132:    ScopedRollbackReasonTraceContext(const ScopedRollbackReasonTraceContext&) = delete;
        -:  133:    ScopedRollbackReasonTraceContext& operator=(const ScopedRollbackReasonTraceContext&) = delete;
        -:  134:
        -:  135:private:
        -:  136:    const RollbackReasonTraceContext* previous_ = nullptr;
        -:  137:};
        -:  138:
        -:  139:void emit_rollback_reason(const std::string& reason) {
        -:  140:    const RollbackReasonTraceContext* context = rollback_reason_trace_context;
        -:  141:    if (context == nullptr || context->tracer == nullptr || !context->tracer->enabled() || reason.empty()) {
        -:  142:        return;
        -:  143:    }
        -:  144:    SyncTraceEvent event = make_client_trace_event(SyncTraceEventType::RollbackReason, context->client, context->frame);
        -:  145:    event.server_entity = context->server_entity;
        -:  146:    event.local_entity = context->local_entity;
        -:  147:    event.client_network_id = context->client_network_id;
        -:  148:    event.wire_network_id = context->wire_network_id;
        -:  149:    event.network_version = context->network_version;
        -:  150:    event.archetype = context->archetype;
        -:  151:    event.component = context->component;
        -:  152:    event.component_name = context->component_name;
        -:  153:    event.data = reason;
        -:  154:    context->tracer->trace(event);
        -:  155:}
        -:  156:
        -:  157:}  // namespace
        -:  158:
        -:  159:void trace_rollback_reason(const char* reason) {
        -:  160:    emit_rollback_reason(reason != nullptr ? std::string(reason) : std::string{});
        -:  161:}
        -:  162:
        -:  163:void trace_rollback_reason(const std::string& reason) {
        -:  164:    emit_rollback_reason(reason);
        -:  165:}
        -:  166:
        -:  167:namespace {
        -:  168:
        -:  169:void append_trace_component_data(
        -:  170:    const SyncTracer* tracer,
        -:  171:    const SyncArchetype& archetype,
        -:  172:    std::size_t component_index,
        -:  173:    const std::uint8_t* bytes,
        -:  174:    SyncTraceEvent& event) {
        -:  175:    if (component_index < archetype.component_ops.size()) {
        -:  176:        event.component_name = archetype.component_ops[component_index].name;
        -:  177:    }
        -:  178:#ifdef KAGE_SYNC_TRACE_COMPONENT_DATA
        -:  179:    if (tracer == nullptr || !tracer->frame_data_enabled() || bytes == nullptr ||
        -:  180:        component_index >= archetype.component_ops.size()) {
        -:  181:        return;
        -:  182:    }
        -:  183:    const SyncComponentOps& ops = archetype.component_ops[component_index];
        -:  184:    if (ops.trace == nullptr) {
        -:  185:        return;
        -:  186:    }
        -:  187:    SyncTraceStringBuilder builder;
        -:  188:    ops.trace(bytes, builder);
        -:  189:    event.data = std::move(builder.value);
        -:  190:#else
        -:  191:    (void)tracer;
        -:  192:    (void)archetype;
        -:  193:    (void)component_index;
        -:  194:    (void)bytes;
        -:  195:    (void)event;
        -:  196:#endif
        -:  197:}
        -:  198:
        -:  199:void append_trace_input_component_data(
        -:  200:    const SyncTracer* tracer,
        -:  201:    const SyncComponentOps& ops,
        -:  202:    const std::uint8_t* bytes,
        -:  203:    SyncTraceEvent& event) {
        -:  204:    event.component_name = ops.name;
        -:  205:#ifdef KAGE_SYNC_TRACE_COMPONENT_DATA
        -:  206:    if (tracer == nullptr || !tracer->frame_data_enabled() || bytes == nullptr || ops.trace == nullptr) {
        -:  207:        return;
        -:  208:    }
        -:  209:    SyncTraceStringBuilder builder;
        -:  210:    ops.trace(bytes, builder);
        -:  211:    event.data = std::move(builder.value);
        -:  212:#else
        -:  213:    (void)tracer;
        -:  214:    (void)ops;
        -:  215:    (void)bytes;
        -:  216:    (void)event;
        -:  217:#endif
        -:  218:}
        -:  219:
        -:  220:void append_trace_component_name(
        -:  221:    const SyncArchetype& archetype,
        -:  222:    std::size_t component_index,
        -:  223:    SyncTraceEvent& event) {
        -:  224:    if (component_index < archetype.component_ops.size()) {
        -:  225:        event.component_name = archetype.component_ops[component_index].name;
        -:  226:    }
        -:  227:}
        -:  228:
        -:  229:void append_trace_cue_data(
        -:  230:    const SyncTracer* tracer,
        -:  231:    const SyncSettings& settings,
        -:  232:    SyncCueTypeId cue_type,
        -:  233:    const ecs::BitBuffer& payload,
        -:  234:    SyncTraceEvent& event) {
        -:  235:#ifdef KAGE_SYNC_TRACE_COMPONENT_DATA
        -:  236:    if (tracer == nullptr || !tracer->frame_data_enabled() ||
        -:  237:        cue_type >= settings.cue_ops.size() || settings.cue_ops[cue_type].trace == nullptr) {
        -:  238:        return;
        -:  239:    }
        -:  240:    SyncTraceStringBuilder builder;
        -:  241:    if (settings.cue_ops[cue_type].trace(payload, builder)) {
        -:  242:        event.data = std::move(builder.value);
        -:  243:    }
        -:  244:#else
        -:  245:    (void)tracer;
        -:  246:    (void)settings;
        -:  247:    (void)cue_type;
        -:  248:    (void)payload;
        -:  249:    (void)event;
        -:  250:#endif
        -:  251:}
        -:  252:
        -:  253:void append_trace_data_field(SyncTraceEvent& event, const char* key, const char* value) {
        -:  254:    if (key == nullptr || value == nullptr || value[0] == '\0') {
        -:  255:        return;
        -:  256:    }
        -:  257:    if (!event.data.empty()) {
        -:  258:        event.data += ",";
        -:  259:    }
        -:  260:    event.data += key;
        -:  261:    event.data += "=";
        -:  262:    event.data += value;
        -:  263:}
        -:  264:
        -:  265:void append_trace_cue_name(const SyncSettings& settings, SyncCueTypeId cue_type, SyncTraceEvent& event) {
        -:  266:    if (cue_type < settings.cue_ops.size()) {
        -:  267:        event.component_name = settings.cue_ops[cue_type].name;
        -:  268:    }
        -:  269:}
        -:  270:
        -:  271:#ifdef KAGE_SYNC_TRACE_PACKET_LOGS
        -:  272:std::string packet_ack_list(const std::vector<std::uint32_t>& acks) {
        -:  273:    std::ostringstream out;
        -:  274:    out << "[";
        -:  275:    for (std::size_t index = 0; index < acks.size(); ++index) {
        -:  276:        if (index != 0U) {
        -:  277:            out << ",";
        -:  278:        }
        -:  279:        out << acks[index];
        -:  280:    }
        -:  281:    out << "]";
        -:  282:    return out.str();
        -:  283:}
        -:  284:#endif
        -:  285:#endif
        -:  286:
        -:  287:}  // namespace
        -:  288:
function _ZNK4kage4sync26ReplicatedEntityUpdateView7try_getERKN3ecs8RegistryENS2_6EntityEPv called 5 returned 100% blocks executed 85%
        5:  289:bool ReplicatedEntityUpdateView::try_get(
        -:  290:    const ecs::Registry& registry,
        -:  291:    ecs::Entity component,
        -:  292:    void* out) const {
        5:  293:    if (components == nullptr || out == nullptr) {
branch  0 taken 5 (fallthrough)
branch  1 taken 0
branch  2 taken 0 (fallthrough)
branch  3 taken 5
    #####:  294:        return false;
        -:  295:    }
        -:  296:
        5:  297:    const auto found = std::find_if(
call    0 returned 5
branch  1 taken 5 (fallthrough)
branch  2 taken 0 (throw)
        5:  298:        components->begin(),
call    0 returned 5
        5:  299:        components->end(),
call    0 returned 5
function _ZZNK4kage4sync26ReplicatedEntityUpdateView7try_getERKN3ecs8RegistryENS2_6EntityEPvENKUlRKNS0_25ReplicatedComponentUpdateEE_clESA_ called 5 returned 100% blocks executed 100%
        5:  300:        [component](const ReplicatedComponentUpdate& update) {
        5:  301:            return update.component == component;
call    0 returned 5
        -:  302:        });
        5:  303:    if (found == components->end()) {
call    0 returned 5
call    1 returned 5
branch  2 taken 0 (fallthrough)
branch  3 taken 5
    #####:  304:        return false;
        -:  305:    }
        -:  306:
        5:  307:    const SyncSettings& settings = registry.get<SyncSettings>();
call    0 returned 5
branch  1 taken 5 (fallthrough)
branch  2 taken 0 (throw)
        5:  308:    const auto found_ops = settings.component_ops.find(component.value);
call    0 returned 5
branch  1 taken 5 (fallthrough)
branch  2 taken 0 (throw)
       5*:  309:    if (found_ops == settings.component_ops.end() || found_ops->second.dequantize == nullptr) {
call    0 returned 5
call    1 returned 5
branch  2 taken 5 (fallthrough)
branch  3 taken 0
call    4 returned 5
branch  5 taken 0 (fallthrough)
branch  6 taken 5
branch  7 taken 0 (fallthrough)
branch  8 taken 5
    #####:  310:        return false;
        -:  311:    }
        -:  312:
        5:  313:    if (found->bytes.size() != found_ops->second.quantized_size) {
call    0 returned 5
call    1 returned 5
call    2 returned 5
branch  3 taken 0 (fallthrough)
branch  4 taken 5
    #####:  314:        return false;
        -:  315:    }
        5:  316:    found_ops->second.dequantize(found->bytes.data(), out);
call    0 returned 5
call    1 returned 5
call    2 returned 5
call    3 returned 5
branch  4 taken 5 (fallthrough)
branch  5 taken 0 (throw)
        5:  317:    return true;
        -:  318:}
        -:  319:
function _ZNK4kage4sync26ReplicatedEntityUpdateView7has_tagERKN3ecs8RegistryENS2_6EntityE called 3 returned 100% blocks executed 93%
        3:  320:bool ReplicatedEntityUpdateView::has_tag(const ecs::Registry& registry, ecs::Entity tag) const {
        3:  321:    const SyncSettings& settings = registry.get<SyncSettings>();
call    0 returned 3
        3:  322:    if (archetype.value >= settings.archetypes.size()) {
call    0 returned 3
branch  1 taken 0 (fallthrough)
branch  2 taken 3
    #####:  323:        return false;
        -:  324:    }
        3:  325:    const SyncArchetype& definition = settings.archetypes[archetype.value];
call    0 returned 3
        6:  326:    for (std::size_t tag_index = 0; tag_index < definition.tags.size(); ++tag_index) {
call    0 returned 6
branch  1 taken 5
branch  2 taken 1 (fallthrough)
        5:  327:        if (definition.tags[tag_index].tag == tag) {
call    0 returned 5
call    1 returned 5
branch  2 taken 2 (fallthrough)
branch  3 taken 3
        2:  328:            return tag_bit_set(tag_mask, tag_index);
call    0 returned 2
        -:  329:        }
        -:  330:    }
        1:  331:    return false;
        -:  332:}
        -:  333:
function _ZNK4kage4sync20FractionalTickSample21try_get_sampled_valueERKN3ecs8RegistryENS2_6EntityEPv called 95725 returned 100% blocks executed 82%
    95725:  334:bool FractionalTickSample::try_get_sampled_value(
        -:  335:    const ecs::Registry& registry,
        -:  336:    ecs::Entity component,
        -:  337:    void* out) const {
    95725:  338:    if (out == nullptr) {
branch  0 taken 0 (fallthrough)
branch  1 taken 95725
    #####:  339:        return false;
        -:  340:    }
    95725:  341:    if (!registry.has<FractionalTickSampled>(component)) {
call    0 returned 95725
branch  1 taken 95725 (fallthrough)
branch  2 taken 0 (throw)
branch  3 taken 3 (fallthrough)
branch  4 taken 95722
        3:  342:        throw std::logic_error("fractional tick sample component is not marked fractional-tick-sampled");
call    0 returned 3
call    1 returned 3
branch  2 taken 3 (fallthrough)
branch  3 taken 0 (throw)
call    4 returned 3
call    5 never executed
        -:  343:    }
        -:  344:
    95722:  345:    const auto found = std::find_if(
call    0 returned 95722
call    1 returned 95722
call    2 returned 95722
branch  3 taken 95722 (fallthrough)
branch  4 taken 0 (throw)
        -:  346:        components_.begin(),
        -:  347:        components_.end(),
function _ZZNK4kage4sync20FractionalTickSample21try_get_sampled_valueERKN3ecs8RegistryENS2_6EntityEPvENKUlRKNS0_25ReplicatedComponentUpdateEE_clESA_ called 95722 returned 100% blocks executed 100%
    95722:  348:        [component](const ReplicatedComponentUpdate& update) {
    95722:  349:            return update.component == component;
call    0 returned 95722
        -:  350:        });
    95722:  351:    if (found == components_.end()) {
call    0 returned 95722
call    1 returned 95722
branch  2 taken 0 (fallthrough)
branch  3 taken 95722
    #####:  352:        return false;
        -:  353:    }
        -:  354:
    95722:  355:    const SyncSettings& settings = registry.get<SyncSettings>();
call    0 returned 95722
branch  1 taken 95722 (fallthrough)
branch  2 taken 0 (throw)
    95722:  356:    const auto found_ops = settings.component_ops.find(component.value);
call    0 returned 95722
branch  1 taken 95722 (fallthrough)
branch  2 taken 0 (throw)
   95722*:  357:    if (found_ops == settings.component_ops.end() || found_ops->second.dequantize == nullptr) {
call    0 returned 95722
call    1 returned 95722
branch  2 taken 95722 (fallthrough)
branch  3 taken 0
call    4 returned 95722
branch  5 taken 0 (fallthrough)
branch  6 taken 95722
branch  7 taken 0 (fallthrough)
branch  8 taken 95722
    #####:  358:        return false;
        -:  359:    }
        -:  360:
    95722:  361:    if (found->bytes.size() != found_ops->second.quantized_size) {
call    0 returned 95722
call    1 returned 95722
call    2 returned 95722
branch  3 taken 0 (fallthrough)
branch  4 taken 95722
    #####:  362:        return false;
        -:  363:    }
    95722:  364:    found_ops->second.dequantize(found->bytes.data(), out);
call    0 returned 95722
call    1 returned 95722
call    2 returned 95722
call    3 returned 95722
branch  4 taken 95722 (fallthrough)
branch  5 taken 0 (throw)
    95722:  365:    return true;
        -:  366:}
        -:  367:
function _ZN4kage4sync17ReplicationClientC2ENS0_24ReplicationClientOptionsE called 187 returned 88% blocks executed 55%
      187:  368:ReplicationClient::ReplicationClient(ReplicationClientOptions options)
      210:  369:    : options_(detail::validate_client_options(std::move(options))),
call    0 returned 187
call    1 returned 187
call    2 returned 187
branch  3 taken 164 (fallthrough)
branch  4 taken 23 (throw)
call    5 returned 164
call    6 returned 23
call    7 returned 0
      164:  370:      clock_(make_clock_config(options_)),
call    0 returned 164
call    1 returned 164
branch  2 taken 164 (fallthrough)
branch  3 taken 0 (throw)
      164:  371:      ack_queue_(std::make_unique<client_detail::ClientAckQueue>()),
call    0 returned 164
branch  1 taken 164 (fallthrough)
branch  2 taken 0 (throw)
      328:  372:      input_(std::make_unique<client_detail::ClientInputBuffer>()) {
call    0 returned 164
call    1 returned 164
call    2 returned 164
call    3 returned 164
call    4 returned 164
call    5 returned 164
call    6 returned 164
call    7 returned 164
call    8 returned 164
call    9 returned 164
call   10 returned 164
call   11 returned 164
call   12 returned 164
call   13 returned 164
call   14 returned 164
branch 15 taken 164 (fallthrough)
branch 16 taken 0 (throw)
call   17 returned 164
call   18 returned 164
call   19 returned 164
call   20 returned 164
call   21 returned 164
call   22 returned 164
call   23 returned 164
call   24 returned 164
        -:  373:#ifdef KAGE_SYNC_ENABLE_TRACING
        -:  374:    set_trace_options(options_.trace);
        -:  375:#endif
      164:  376:    adaptive_ping_active_ = options_.adaptive_ping_interval;
      164:  377:    if (options_.connect_token.empty()) {
call    0 returned 164
branch  1 taken 153 (fallthrough)
branch  2 taken 11
      153:  378:        connection_state_ = ReplicationClientConnectionState::Ready;
      153:  379:        (void)clock_.bootstrap_from_server_update(0, false, true);
call    0 returned 153
        -:  380:    }
      164:  381:}
call    0 never executed
call    1 never executed
call    2 never executed
call    3 never executed
call    4 never executed
call    5 never executed
call    6 never executed
call    7 never executed
call    8 never executed
call    9 never executed
call   10 never executed
call   11 never executed
call   12 never executed
call   13 never executed
call   14 never executed
call   15 never executed
        -:  382:
function _ZN4kage4sync17ReplicationClientD2Ev called 164 returned 100% blocks executed 100%
      164:  383:ReplicationClient::~ReplicationClient() = default;
call    0 returned 164
call    1 returned 164
call    2 returned 164
call    3 returned 164
call    4 returned 164
call    5 returned 164
call    6 returned 164
call    7 returned 164
call    8 returned 164
call    9 returned 164
call   10 returned 164
call   11 returned 164
call   12 returned 164
call   13 returned 164
call   14 returned 164
call   15 returned 164
call   16 returned 164
call   17 returned 164
call   18 returned 164
call   19 returned 164
call   20 returned 164
call   21 returned 164
call   22 returned 164
call   23 returned 164
call   24 returned 164
        -:  384:
function _ZN4kage4sync17ReplicationClientC2EOS1_ called 0 returned 0% blocks executed 0%
    #####:  385:ReplicationClient::ReplicationClient(ReplicationClient&& other) noexcept = default;
call    0 never executed
call    1 never executed
call    2 never executed
call    3 never executed
call    4 never executed
call    5 never executed
call    6 never executed
call    7 never executed
call    8 never executed
call    9 never executed
call   10 never executed
call   11 never executed
call   12 never executed
call   13 never executed
call   14 never executed
call   15 never executed
call   16 never executed
call   17 never executed
call   18 never executed
call   19 never executed
call   20 never executed
call   21 never executed
call   22 never executed
call   23 never executed
call   24 never executed
        -:  386:
function _ZN4kage4sync17ReplicationClientaSEOS1_ called 3 returned 100% blocks executed 100%
        3:  387:ReplicationClient& ReplicationClient::operator=(ReplicationClient&& other) noexcept = default;
call    0 returned 3
call    1 returned 3
call    2 returned 3
call    3 returned 3
call    4 returned 3
call    5 returned 3
call    6 returned 3
call    7 returned 3
call    8 returned 3
call    9 returned 3
call   10 returned 3
call   11 returned 3
call   12 returned 3
call   13 returned 3
call   14 returned 3
call   15 returned 3
call   16 returned 3
call   17 returned 3
call   18 returned 3
call   19 returned 3
call   20 returned 3
call   21 returned 3
call   22 returned 3
call   23 returned 3
call   24 returned 3
        -:  388:
function _ZN4kage4sync17ReplicationClient17find_entity_stateEm called 199807 returned 100% blocks executed 95%
   199807:  389:ReplicationClient::EntityState* ReplicationClient::find_entity_state(ClientEntityNetworkId network_id) noexcept {
   199807:  390:    const auto found = network_entity_indices_.find(network_id);
call    0 returned 199807
   199807:  391:    if (found == network_entity_indices_.end() || found->second >= entities_.size()) {
call    0 returned 199807
call    1 returned 199807
branch  2 taken 197250 (fallthrough)
branch  3 taken 2557
call    4 returned 197250
call    5 returned 197250
branch  6 taken 0 (fallthrough)
branch  7 taken 197250
branch  8 taken 2557 (fallthrough)
branch  9 taken 197250
     2557:  392:        return nullptr;
        -:  393:    }
   197250:  394:    EntityState& state = entities_[found->second];
call    0 returned 197250
call    1 returned 197250
  197250*:  395:    return state.client_entity_network_id == network_id ? &state : nullptr;
branch  0 taken 197250 (fallthrough)
branch  1 taken 0
        -:  396:}
        -:  397:
function _ZNK4kage4sync17ReplicationClient17find_entity_stateEm called 1129 returned 100% blocks executed 95%
     1129:  398:const ReplicationClient::EntityState* ReplicationClient::find_entity_state(
        -:  399:    ClientEntityNetworkId network_id) const noexcept {
     1129:  400:    const auto found = network_entity_indices_.find(network_id);
call    0 returned 1129
     1129:  401:    if (found == network_entity_indices_.end() || found->second >= entities_.size()) {
call    0 returned 1129
call    1 returned 1129
branch  2 taken 693 (fallthrough)
branch  3 taken 436
call    4 returned 693
call    5 returned 693
branch  6 taken 0 (fallthrough)
branch  7 taken 693
branch  8 taken 436 (fallthrough)
branch  9 taken 693
      436:  402:        return nullptr;
        -:  403:    }
      693:  404:    const EntityState& state = entities_[found->second];
call    0 returned 693
call    1 returned 693
     693*:  405:    return state.client_entity_network_id == network_id ? &state : nullptr;
branch  0 taken 693 (fallthrough)
branch  1 taken 0
        -:  406:}
        -:  407:
function _ZN4kage4sync17ReplicationClient17find_entity_stateEj called 159607 returned 100% blocks executed 94%
   159607:  408:ReplicationClient::EntityState* ReplicationClient::find_entity_state(std::uint32_t network_id) noexcept {
   159607:  409:    if (network_id == 0U || network_id >= wire_network_ids_.size()) {
branch  0 taken 159607 (fallthrough)
branch  1 taken 0
call    2 returned 159607
branch  3 taken 65537 (fallthrough)
branch  4 taken 94070
branch  5 taken 65537 (fallthrough)
branch  6 taken 94070
    65537:  410:        return nullptr;
        -:  411:    }
    94070:  412:    const std::uint32_t entity_index = wire_network_ids_[network_id].entity_index;
call    0 returned 94070
    94070:  413:    if (entity_index >= entities_.size()) {
call    0 returned 94070
branch  1 taken 4953 (fallthrough)
branch  2 taken 89117
     4953:  414:        return nullptr;
        -:  415:    }
    89117:  416:    EntityState& state = entities_[entity_index];
call    0 returned 89117
   89117*:  417:    return state.wire_network_id == network_id ? &state : nullptr;
branch  0 taken 89117 (fallthrough)
branch  1 taken 0
        -:  418:}
        -:  419:
function _ZNK4kage4sync17ReplicationClient17find_entity_stateEj called 0 returned 0% blocks executed 0%
    #####:  420:const ReplicationClient::EntityState* ReplicationClient::find_entity_state(std::uint32_t network_id) const noexcept {
    #####:  421:    if (network_id == 0U || network_id >= wire_network_ids_.size()) {
branch  0 never executed (fallthrough)
branch  1 never executed
call    2 never executed
branch  3 never executed (fallthrough)
branch  4 never executed
branch  5 never executed (fallthrough)
branch  6 never executed
    #####:  422:        return nullptr;
        -:  423:    }
    #####:  424:    const std::uint32_t entity_index = wire_network_ids_[network_id].entity_index;
call    0 never executed
    #####:  425:    if (entity_index >= entities_.size()) {
call    0 never executed
branch  1 never executed (fallthrough)
branch  2 never executed
    #####:  426:        return nullptr;
        -:  427:    }
    #####:  428:    const EntityState& state = entities_[entity_index];
call    0 never executed
    #####:  429:    return state.wire_network_id == network_id ? &state : nullptr;
branch  0 never executed (fallthrough)
branch  1 never executed
        -:  430:}
        -:  431:
function _ZN4kage4sync17ReplicationClient27find_entity_state_for_localEN3ecs6EntityE called 3 returned 100% blocks executed 79%
        3:  432:ReplicationClient::EntityState* ReplicationClient::find_entity_state_for_local(ecs::Entity local) noexcept {
        3:  433:    if (!local) {
call    0 returned 3
branch  1 taken 0 (fallthrough)
branch  2 taken 3
    #####:  434:        return nullptr;
        -:  435:    }
       3*:  436:    for (EntityState& state : entities_) {
call    0 returned 3
call    1 returned 3
call    2 returned 3
call    3 never executed
call    4 returned 3
branch  5 taken 3
branch  6 taken 0 (fallthrough)
        3:  437:        if (state.local == local) {
call    0 returned 3
branch  1 taken 3 (fallthrough)
branch  2 taken 0
        3:  438:            return &state;
        -:  439:        }
        -:  440:    }
    #####:  441:    return nullptr;
        -:  442:}
        -:  443:
function _ZN4kage4sync17ReplicationClient19ensure_entity_stateERN3ecs8RegistryEmj called 95747 returned 100% blocks executed 85%
    95747:  444:ReplicationClient::EntityState* ReplicationClient::ensure_entity_state(
        -:  445:    ecs::Registry& registry,
        -:  446:    ClientEntityNetworkId network_id,
        -:  447:    std::uint32_t wire_network_id) {
        -:  448:    (void)registry;
    95747:  449:    if (network_id == invalid_client_entity_network_id || wire_network_id == 0U) {
branch  0 taken 95747 (fallthrough)
branch  1 taken 0
branch  2 taken 0 (fallthrough)
branch  3 taken 95747
    #####:  450:        return nullptr;
        -:  451:    }
        -:  452:
    95747:  453:    if (EntityState* existing = find_entity_state(network_id)) {
call    0 returned 95747
branch  1 taken 94683 (fallthrough)
branch  2 taken 1064
    94683:  454:        return existing;
        -:  455:    }
        -:  456:
     1064:  457:    std::uint32_t entity_index = invalid_entity_index;
     1064:  458:    if (!free_entity_indices_.empty()) {
call    0 returned 1064
branch  1 taken 530 (fallthrough)
branch  2 taken 534
      530:  459:        entity_index = free_entity_indices_.back();
call    0 returned 530
      530:  460:        free_entity_indices_.pop_back();
call    0 returned 530
        -:  461:    } else {
      534:  462:        if (entities_.size() > static_cast<std::size_t>(std::numeric_limits<std::uint32_t>::max())) {
call    0 returned 534
call    1 returned 534
branch  2 taken 0 (fallthrough)
branch  3 taken 534
    #####:  463:            throw std::length_error("kage sync client entity state space exhausted");
call    0 never executed
call    1 never executed
branch  2 never executed (fallthrough)
branch  3 never executed (throw)
call    4 never executed
call    5 never executed
        -:  464:        }
      534:  465:        entity_index = static_cast<std::uint32_t>(entities_.size());
call    0 returned 534
      534:  466:        entities_.emplace_back();
call    0 returned 534
branch  1 taken 534 (fallthrough)
branch  2 taken 0 (throw)
        -:  467:    }
     1064:  468:    EntityState& fresh = entities_[entity_index];
call    0 returned 1064
     1064:  469:    fresh = EntityState{};
call    0 returned 1064
call    1 returned 1064
call    2 returned 1064
call    3 returned 1064
call    4 returned 1064
call    5 returned 1064
call    6 returned 1064
call    7 returned 1064
call    8 returned 1064
call    9 returned 1064
call   10 returned 1064
call   11 returned 1064
call   12 returned 1064
call   13 returned 1064
call   14 returned 1064
     1064:  470:    fresh.client_entity_network_id = network_id;
     1064:  471:    fresh.wire_network_id = wire_network_id;
     1064:  472:    fresh.active_index = active_entities_.size();
call    0 returned 1064
     1064:  473:    active_entities_.push_back(entity_index);
call    0 returned 1064
branch  1 taken 1064 (fallthrough)
branch  2 taken 0 (throw)
     1064:  474:    network_entity_indices_[network_id] = entity_index;
call    0 returned 1064
branch  1 taken 1064 (fallthrough)
branch  2 taken 0 (throw)
     1064:  475:    if (wire_network_id >= wire_network_ids_.size()) {
call    0 returned 1064
branch  1 taken 0 (fallthrough)
branch  2 taken 1064
    #####:  476:        wire_network_ids_.resize(static_cast<std::size_t>(wire_network_id) + 1U);
call    0 never executed
branch  1 never executed (fallthrough)
branch  2 never executed (throw)
        -:  477:    }
     1064:  478:    wire_network_ids_[wire_network_id].entity_index = entity_index;
call    0 returned 1064
     1064:  479:    wire_network_ids_[wire_network_id].alive = true;
call    0 returned 1064
     1064:  480:    return &fresh;
        -:  481:}
        -:  482:
function _ZN4kage4sync17ReplicationClient18erase_entity_stateERN3ecs8RegistryEjb called 638 returned 100% blocks executed 93%
      638:  483:void ReplicationClient::erase_entity_state(
        -:  484:    ecs::Registry& registry,
        -:  485:    std::uint32_t entity_index,
        -:  486:    bool destroy_local) {
      638:  487:    if (entity_index >= entities_.size()) {
call    0 returned 638
branch  1 taken 0 (fallthrough)
branch  2 taken 638
    #####:  488:        return;
        -:  489:    }
        -:  490:
      638:  491:    EntityState& state = entities_[entity_index];
call    0 returned 638
      638:  492:    if (state.client_entity_network_id == invalid_client_entity_network_id) {
branch  0 taken 0 (fallthrough)
branch  1 taken 638
    #####:  493:        return;
        -:  494:    }
      638:  495:    const auto found = network_entity_indices_.find(state.client_entity_network_id);
call    0 returned 638
branch  1 taken 638 (fallthrough)
branch  2 taken 0 (throw)
     638*:  496:    if (found != network_entity_indices_.end() && found->second == entity_index) {
call    0 returned 638
call    1 returned 638
branch  2 taken 638 (fallthrough)
branch  3 taken 0
call    4 returned 638
branch  5 taken 638 (fallthrough)
branch  6 taken 0
branch  7 taken 638 (fallthrough)
branch  8 taken 0
      638:  497:        network_entity_indices_.erase(found);
call    0 returned 638
branch  1 taken 638 (fallthrough)
branch  2 taken 0 (throw)
        -:  498:    }
     1276:  499:    if (state.wire_network_id < wire_network_ids_.size() &&
call    0 returned 638
branch  1 taken 638 (fallthrough)
branch  2 taken 0
branch  3 taken 219 (fallthrough)
branch  4 taken 419
      638:  500:        wire_network_ids_[state.wire_network_id].entity_index == entity_index) {
call    0 returned 638
branch  1 taken 219 (fallthrough)
branch  2 taken 419
      219:  501:        wire_network_ids_[state.wire_network_id].entity_index = invalid_entity_index;
call    0 returned 219
      219:  502:        wire_network_ids_[state.wire_network_id].alive = false;
call    0 returned 219
        -:  503:    }
        -:  504:
      638:  505:    if (destroy_local && state.local && registry.alive(state.local)) {
branch  0 taken 218 (fallthrough)
branch  1 taken 420
call    2 returned 218
branch  3 taken 218 (fallthrough)
branch  4 taken 0
call    5 returned 218
branch  6 taken 218 (fallthrough)
branch  7 taken 0
branch  8 taken 218 (fallthrough)
branch  9 taken 420
      218:  506:        registry.destroy(state.local);
call    0 returned 218
branch  1 taken 218 (fallthrough)
branch  2 taken 0 (throw)
        -:  507:    }
        -:  508:
      638:  509:    set_buffered_membership(entity_index, false);
call    0 returned 638
branch  1 taken 638 (fallthrough)
branch  2 taken 0 (throw)
      638:  510:    set_snap_error_membership(entity_index, false);
call    0 returned 638
branch  1 taken 638 (fallthrough)
branch  2 taken 0 (throw)
      638:  511:    set_prediction_rollback_membership(entity_index, false);
call    0 returned 638
branch  1 taken 638 (fallthrough)
branch  2 taken 0 (throw)
     638*:  512:    if (state.active_index != invalid_ack_index && state.active_index < active_entities_.size()) {
branch  0 taken 638 (fallthrough)
branch  1 taken 0
call    2 returned 638
branch  3 taken 638 (fallthrough)
branch  4 taken 0
branch  5 taken 638 (fallthrough)
branch  6 taken 0
      638:  513:        const std::uint32_t moved = active_entities_.back();
call    0 returned 638
      638:  514:        active_entities_[state.active_index] = moved;
call    0 returned 638
      638:  515:        entities_[moved].active_index = state.active_index;
call    0 returned 638
      638:  516:        active_entities_.pop_back();
call    0 returned 638
        -:  517:    }
        -:  518:
      638:  519:    state = EntityState{};
call    0 returned 638
call    1 returned 638
call    2 returned 638
call    3 returned 638
call    4 returned 638
call    5 returned 638
call    6 returned 638
call    7 returned 638
call    8 returned 638
call    9 returned 638
call   10 returned 638
call   11 returned 638
call   12 returned 638
call   13 returned 638
call   14 returned 638
      638:  520:    free_entity_indices_.push_back(entity_index);
call    0 returned 638
branch  1 taken 638 (fallthrough)
branch  2 taken 0 (throw)
        -:  521:}
        -:  522:
function _ZN4kage4sync17ReplicationClient23set_buffered_membershipEjb called 109469 returned 100% blocks executed 100%
   109469:  523:void ReplicationClient::set_buffered_membership(std::uint32_t entity_index, bool active) {
   109469:  524:    EntityState& state = entities_[entity_index];
call    0 returned 109469
   109469:  525:    if (active) {
branch  0 taken 64668 (fallthrough)
branch  1 taken 44801
    64668:  526:        if (state.buffered_index == invalid_ack_index) {
branch  0 taken 927 (fallthrough)
branch  1 taken 63741
      927:  527:            state.buffered_index = buffered_entities_.size();
call    0 returned 927
      927:  528:            buffered_entities_.push_back(entity_index);
call    0 returned 927
        -:  529:        }
    64668:  530:        return;
        -:  531:    }
        -:  532:
    44801:  533:    if (state.buffered_index == invalid_ack_index || state.buffered_index >= buffered_entities_.size()) {
branch  0 taken 625 (fallthrough)
branch  1 taken 44176
call    2 returned 625
branch  3 taken 0 (fallthrough)
branch  4 taken 625
branch  5 taken 44176 (fallthrough)
branch  6 taken 625
    44176:  534:        state.buffered_index = invalid_ack_index;
    44176:  535:        return;
        -:  536:    }
        -:  537:
      625:  538:    const std::uint32_t moved = buffered_entities_.back();
call    0 returned 625
      625:  539:    buffered_entities_[state.buffered_index] = moved;
call    0 returned 625
      625:  540:    entities_[moved].buffered_index = state.buffered_index;
call    0 returned 625
      625:  541:    buffered_entities_.pop_back();
call    0 returned 625
      625:  542:    state.buffered_index = invalid_ack_index;
        -:  543:}
        -:  544:
function _ZN4kage4sync17ReplicationClient25set_snap_error_membershipEjb called 115715 returned 100% blocks executed 100%
   115715:  545:void ReplicationClient::set_snap_error_membership(std::uint32_t entity_index, bool active) {
   115715:  546:    EntityState& state = entities_[entity_index];
call    0 returned 115715
   115715:  547:    if (active) {
branch  0 taken 7090 (fallthrough)
branch  1 taken 108625
     7090:  548:        if (state.snap_error_index == invalid_ack_index) {
branch  0 taken 6286 (fallthrough)
branch  1 taken 804
     6286:  549:            state.snap_error_index = snap_error_entities_.size();
call    0 returned 6286
     6286:  550:            snap_error_entities_.push_back(entity_index);
call    0 returned 6286
        -:  551:        }
     7090:  552:        return;
        -:  553:    }
        -:  554:
   108625:  555:    if (state.snap_error_index == invalid_ack_index || state.snap_error_index >= snap_error_entities_.size()) {
branch  0 taken 6283 (fallthrough)
branch  1 taken 102342
call    2 returned 6283
branch  3 taken 0 (fallthrough)
branch  4 taken 6283
branch  5 taken 102342 (fallthrough)
branch  6 taken 6283
   102342:  556:        state.snap_error_index = invalid_ack_index;
   102342:  557:        return;
        -:  558:    }
        -:  559:
     6283:  560:    const std::uint32_t moved = snap_error_entities_.back();
call    0 returned 6283
     6283:  561:    snap_error_entities_[state.snap_error_index] = moved;
call    0 returned 6283
     6283:  562:    entities_[moved].snap_error_index = state.snap_error_index;
call    0 returned 6283
     6283:  563:    snap_error_entities_.pop_back();
call    0 returned 6283
     6283:  564:    state.snap_error_index = invalid_ack_index;
        -:  565:}
        -:  566:
function _ZN4kage4sync17ReplicationClient34set_prediction_rollback_membershipEjb called 12492 returned 100% blocks executed 100%
    12492:  567:void ReplicationClient::set_prediction_rollback_membership(std::uint32_t entity_index, bool active) {
    12492:  568:    EntityState& state = entities_[entity_index];
call    0 returned 12492
    12492:  569:    if (active) {
branch  0 taken 11854 (fallthrough)
branch  1 taken 638
    11854:  570:        if (state.prediction_rollback_index == invalid_ack_index) {
branch  0 taken 11854 (fallthrough)
branch  1 taken 0
    11854:  571:            state.prediction_rollback_index = prediction_rollback_entities_.size();
call    0 returned 11854
    11854:  572:            prediction_rollback_entities_.push_back(entity_index);
call    0 returned 11854
        -:  573:        }
    11854:  574:        return;
        -:  575:    }
        -:  576:
      646:  577:    if (state.prediction_rollback_index == invalid_ack_index ||
branch  0 taken 8 (fallthrough)
branch  1 taken 630
branch  2 taken 0 (fallthrough)
branch  3 taken 8
branch  4 taken 630 (fallthrough)
branch  5 taken 8
        8:  578:        state.prediction_rollback_index >= prediction_rollback_entities_.size()) {
call    0 returned 8
      630:  579:        state.prediction_rollback_index = invalid_ack_index;
      630:  580:        return;
        -:  581:    }
        -:  582:
        8:  583:    const std::uint32_t moved = prediction_rollback_entities_.back();
call    0 returned 8
        8:  584:    prediction_rollback_entities_[state.prediction_rollback_index] = moved;
call    0 returned 8
        8:  585:    entities_[moved].prediction_rollback_index = state.prediction_rollback_index;
call    0 returned 8
        8:  586:    prediction_rollback_entities_.pop_back();
call    0 returned 8
        8:  587:    state.prediction_rollback_index = invalid_ack_index;
        -:  588:}
        -:  589:
function _ZN4kage4sync17ReplicationClient23sync_entity_membershipsERNS0_13client_detail11EntityStateE called 108831 returned 100% blocks executed 85%
   108831:  590:void ReplicationClient::sync_entity_memberships(EntityState& state) {
   108831:  591:    if (state.client_entity_network_id == invalid_client_entity_network_id) {
branch  0 taken 0 (fallthrough)
branch  1 taken 108831
    #####:  592:        return;
        -:  593:    }
   108831:  594:    const auto found = network_entity_indices_.find(state.client_entity_network_id);
call    0 returned 108831
branch  1 taken 108831 (fallthrough)
branch  2 taken 0 (throw)
   108831:  595:    if (found == network_entity_indices_.end()) {
call    0 returned 108831
call    1 returned 108831
branch  2 taken 0 (fallthrough)
branch  3 taken 108831
    #####:  596:        return;
        -:  597:    }
   108831:  598:    const std::uint32_t entity_index = found->second;
call    0 returned 108831
   108831:  599:    set_buffered_membership(entity_index, state.mode == ReplicationClientMode::BufferedInterpolation);
call    0 returned 108831
branch  1 taken 108831 (fallthrough)
branch  2 taken 0 (throw)
   108831:  600:    set_snap_error_membership(
call    0 returned 108831
branch  1 taken 108831 (fallthrough)
branch  2 taken 0 (throw)
        -:  601:        entity_index,
   152994:  602:        (state.mode == ReplicationClientMode::Snap || state.mode == ReplicationClientMode::Predict) &&
branch  0 taken 108323 (fallthrough)
branch  1 taken 508
branch  2 taken 43655 (fallthrough)
branch  3 taken 64668
    44163:  603:            !state.snap_errors.empty());
call    0 returned 44163
branch  1 taken 7090 (fallthrough)
branch  2 taken 37073
        -:  604:}
        -:  605:
function _ZNK4kage4sync17ReplicationClient24destroy_tombstone_blocksEjj called 7323 returned 100% blocks executed 100%
     7323:  606:bool ReplicationClient::destroy_tombstone_blocks(std::uint32_t wire_network_id, SyncFrame frame) const {
     7323:  607:    const auto found = destroy_tombstones_.find(wire_network_id);
call    0 returned 7323
branch  1 taken 7323 (fallthrough)
branch  2 taken 0 (throw)
     7323:  608:    return found != destroy_tombstones_.end() && frame <= found->second.frame;
call    0 returned 7323
call    1 returned 7323
branch  2 taken 494 (fallthrough)
branch  3 taken 6829
call    4 returned 494
branch  5 taken 2 (fallthrough)
branch  6 taken 492
        -:  609:}
        -:  610:
function _ZN4kage4sync17ReplicationClient24record_destroy_tombstoneEjj called 66179 returned 100% blocks executed 78%
    66179:  611:void ReplicationClient::record_destroy_tombstone(std::uint32_t wire_network_id, SyncFrame frame) {
    66179:  612:    if (wire_network_id == 0U) {
branch  0 taken 0 (fallthrough)
branch  1 taken 66179
   66178*:  613:        return;
        -:  614:    }
        -:  615:
    66179:  616:    auto [found, inserted] = destroy_tombstones_.try_emplace(wire_network_id);
call    0 returned 66179
branch  1 taken 66179 (fallthrough)
branch  2 taken 0 (throw)
call    3 returned 66179
call    4 returned 66179
   66179*:  617:    if (!inserted && frame <= found->second.frame) {
branch  0 taken 0 (fallthrough)
branch  1 taken 66179
call    2 never executed
branch  3 never executed (fallthrough)
branch  4 never executed
branch  5 taken 0 (fallthrough)
branch  6 taken 66179
    #####:  618:        return;
        -:  619:    }
    66179:  620:    if (inserted) {
branch  0 taken 66179 (fallthrough)
branch  1 taken 0
    66179:  621:        found->second.frame = frame;
call    0 returned 66179
    66179:  622:        found->second.age_order = destroy_tombstone_next_age_order_++;
call    0 returned 66179
        -:  623:    } else {
    #####:  624:        found->second.frame = frame;
call    0 never executed
    #####:  625:        ++found->second.generation;
call    0 never executed
    #####:  626:        found->second.age_order = destroy_tombstone_next_age_order_++;
call    0 never executed
        -:  627:    }
   132358:  628:    destroy_tombstone_ages_.push_back(
    66179:  629:        DestroyTombstoneAgeEntry{wire_network_id, found->second.generation, found->second.age_order});
call    0 returned 66179
call    1 returned 66179
call    2 returned 66179
branch  3 taken 66179 (fallthrough)
branch  4 taken 0 (throw)
    66179:  630:    compact_destroy_tombstone_ages();
call    0 returned 66179
branch  1 taken 66179 (fallthrough)
branch  2 taken 0 (throw)
    66179:  631:    if (destroy_tombstones_.size() <= max_destroy_tombstones) {
call    0 returned 66179
branch  1 taken 66178 (fallthrough)
branch  2 taken 1
    66178:  632:        return;
        -:  633:    }
        -:  634:
        3:  635:    while (destroy_tombstones_.size() > max_destroy_tombstones &&
call    0 returned 2
branch  1 taken 1 (fallthrough)
branch  2 taken 1
branch  3 taken 1 (fallthrough)
branch  4 taken 0
branch  5 taken 1
branch  6 taken 1 (fallthrough)
        1:  636:           destroy_tombstone_age_begin_ < destroy_tombstone_ages_.size()) {
call    0 returned 1
        1:  637:        const DestroyTombstoneAgeEntry age = destroy_tombstone_ages_[destroy_tombstone_age_begin_++];
call    0 returned 1
        1:  638:        const auto erase = destroy_tombstones_.find(age.wire_network_id);
call    0 returned 1
branch  1 taken 1 (fallthrough)
branch  2 taken 0 (throw)
       1*:  639:        if (erase == destroy_tombstones_.end() ||
call    0 returned 1
call    1 returned 1
       2*:  640:            erase->second.generation != age.generation ||
branch  0 taken 1 (fallthrough)
branch  1 taken 0
call    2 returned 1
branch  3 taken 1 (fallthrough)
branch  4 taken 0
branch  5 taken 0 (fallthrough)
branch  6 taken 1
        1:  641:            erase->second.age_order != age.age_order) {
call    0 returned 1
branch  1 taken 0 (fallthrough)
branch  2 taken 1
    #####:  642:            continue;
        -:  643:        }
        1:  644:        destroy_tombstones_.erase(erase);
call    0 returned 1
branch  1 taken 1 (fallthrough)
branch  2 taken 0 (throw)
        -:  645:    }
        1:  646:    compact_destroy_tombstone_ages();
call    0 returned 1
branch  1 taken 1 (fallthrough)
branch  2 taken 0 (throw)
        -:  647:}
        -:  648:
function _ZN4kage4sync17ReplicationClient30compact_destroy_tombstone_agesEv called 71112 returned 100% blocks executed 26%
    71112:  649:void ReplicationClient::compact_destroy_tombstone_ages() {
    71112:  650:    if (destroy_tombstone_age_begin_ == destroy_tombstone_ages_.size()) {
call    0 returned 71112
branch  1 taken 0 (fallthrough)
branch  2 taken 71112
    #####:  651:        destroy_tombstone_ages_.clear();
call    0 never executed
    #####:  652:        destroy_tombstone_age_begin_ = 0;
    #####:  653:        return;
        -:  654:    }
   142225:  655:    if (destroy_tombstone_age_begin_ != 0U &&
   71112*:  656:        destroy_tombstone_age_begin_ >= 4096U &&
branch  0 taken 1 (fallthrough)
branch  1 taken 71111
branch  2 taken 0 (fallthrough)
branch  3 taken 1
branch  4 never executed (fallthrough)
branch  5 never executed
branch  6 taken 0 (fallthrough)
branch  7 taken 71112
    #####:  657:        destroy_tombstone_age_begin_ * 2U >= destroy_tombstone_ages_.size()) {
call    0 never executed
    #####:  658:        destroy_tombstone_ages_.erase(
call    0 never executed
call    1 never executed
call    2 never executed
branch  3 never executed (fallthrough)
branch  4 never executed (throw)
call    5 never executed
    #####:  659:            destroy_tombstone_ages_.begin(),
call    0 never executed
    #####:  660:            destroy_tombstone_ages_.begin() + static_cast<std::ptrdiff_t>(destroy_tombstone_age_begin_));
call    0 never executed
call    1 never executed
    #####:  661:        destroy_tombstone_age_begin_ = 0;
        -:  662:    }
    71112:  663:    if (destroy_tombstone_ages_.size() <= max_destroy_tombstones * 2U) {
call    0 returned 71112
branch  1 taken 71112 (fallthrough)
branch  2 taken 0
    71112:  664:        return;
        -:  665:    }
    #####:  666:    destroy_tombstone_ages_.clear();
call    0 never executed
    #####:  667:    destroy_tombstone_ages_.reserve(destroy_tombstones_.size());
call    0 never executed
call    1 never executed
    #####:  668:    for (const auto& tombstone : destroy_tombstones_) {
call    0 never executed
call    1 never executed
call    2 never executed
call    3 never executed
branch  4 never executed
branch  5 never executed (fallthrough)
    #####:  669:        destroy_tombstone_ages_.push_back(DestroyTombstoneAgeEntry{
call    0 never executed
    #####:  670:            tombstone.first,
    #####:  671:            tombstone.second.generation,
    #####:  672:            tombstone.second.age_order});
call    0 never executed
branch  1 never executed (fallthrough)
branch  2 never executed (throw)
        -:  673:    }
    #####:  674:    std::sort(
call    0 never executed
call    1 never executed
call    2 never executed
        -:  675:        destroy_tombstone_ages_.begin(),
        -:  676:        destroy_tombstone_ages_.end(),
function _ZZN4kage4sync17ReplicationClient30compact_destroy_tombstone_agesEvENKUlRKNS1_24DestroyTombstoneAgeEntryES4_E_clES4_S4_ called 0 returned 0% blocks executed 0%
    #####:  677:        [](const DestroyTombstoneAgeEntry& lhs, const DestroyTombstoneAgeEntry& rhs) {
    #####:  678:            return lhs.age_order < rhs.age_order;
        -:  679:        });
    #####:  680:    destroy_tombstone_age_begin_ = 0;
        -:  681:}
        -:  682:
function _ZNK4kage4sync17ReplicationClient13find_baselineERKNS0_13client_detail11EntityStateEj called 100285 returned 100% blocks executed 50%
   100285:  683:const QuantizedFrameData* ReplicationClient::find_baseline(
        -:  684:    const EntityState& state,
        -:  685:    SyncFrame frame) const noexcept {
   100285:  686:    if (state.history.empty()) {
call    0 returned 100285
branch  1 taken 0 (fallthrough)
branch  2 taken 100285
    #####:  687:        return nullptr;
        -:  688:    }
        -:  689:
   100285:  690:    const std::size_t count = state.history.size();
call    0 returned 100285
   100285:  691:    if (count == max_baseline_history_per_entity) {
branch  0 taken 100285 (fallthrough)
branch  1 taken 0
        -:  692:        const client_detail::EntityFrameBaseline& baseline =
   100285:  693:            state.history[frame & (max_baseline_history_per_entity - 1U)];
call    0 returned 100285
  100285*:  694:        return baseline.valid && baseline.frame == frame ? &baseline.baseline : nullptr;
branch  0 taken 100285 (fallthrough)
branch  1 taken 0
branch  2 taken 100285 (fallthrough)
branch  3 taken 0
        -:  695:    }
        -:  696:
    #####:  697:    for (std::size_t offset = 0; offset < count; ++offset) {
branch  0 never executed
branch  1 never executed (fallthrough)
    #####:  698:        const std::size_t index = (state.history_next + count - 1U - offset) % count;
    #####:  699:        const client_detail::EntityFrameBaseline& baseline = state.history[index];
call    0 never executed
    #####:  700:        if (baseline.valid && baseline.frame == frame) {
branch  0 never executed (fallthrough)
branch  1 never executed
branch  2 never executed (fallthrough)
branch  3 never executed
    #####:  701:            return &baseline.baseline;
        -:  702:        }
        -:  703:    }
    #####:  704:    return nullptr;
        -:  705:}
        -:  706:
function _ZN4kage4sync17ReplicationClient7receiveERN3ecs8RegistryENS2_9BitBufferE called 1373 returned 100% blocks executed 97%
     1373:  707:bool ReplicationClient::receive(ecs::Registry& registry, ecs::BitBuffer packet) {
        -:  708:    try {
     1373:  709:        if (packet.remaining_bits() < 8U) {
call    0 returned 1373
branch  1 taken 1 (fallthrough)
branch  2 taken 1372
        1:  710:            return false;
        -:  711:        }
     1372:  712:        const auto message = static_cast<std::uint8_t>(packet.read_bits(8U));
call    0 returned 1372
branch  1 taken 1372 (fallthrough)
branch  2 taken 0 (throw)
     1372:  713:        if (message == protocol::server_connect_response_message) {
branch  0 taken 16 (fallthrough)
branch  1 taken 1356
       16:  714:            return receive_connect_response(registry, packet);
call    0 returned 16
branch  1 taken 16 (fallthrough)
branch  2 taken 0 (throw)
        -:  715:        }
     1356:  716:        if (message == protocol::server_pong_message) {
branch  0 taken 31 (fallthrough)
branch  1 taken 1325
       31:  717:            return receive_pong(registry, packet, clock_.receive_frame());
call    0 returned 31
call    1 returned 31
branch  2 taken 31 (fallthrough)
branch  3 taken 0 (throw)
        -:  718:        }
     1325:  719:        if (message != protocol::server_update_message) {
branch  0 taken 1 (fallthrough)
branch  1 taken 1324
        1:  720:            return false;
        -:  721:        }
     1324:  722:        const auto frame = static_cast<SyncFrame>(packet.read_bits(32U));
call    0 returned 1324
branch  1 taken 1324 (fallthrough)
branch  2 taken 0 (throw)
     1324:  723:        const auto packet_id = static_cast<std::uint32_t>(packet.read_bits(configured_packet_id_bits(options_)));
call    0 returned 1324
call    1 returned 1324
branch  2 taken 1323 (fallthrough)
branch  3 taken 1 (throw)
     1323:  724:        const auto input_ack_frame = static_cast<SyncFrame>(packet.read_bits(32U));
call    0 returned 1323
branch  1 taken 1323 (fallthrough)
branch  2 taken 0 (throw)
     1323:  725:        const auto record_count = static_cast<std::uint16_t>(packet.read_bits(16U));
call    0 returned 1323
branch  1 taken 1323 (fallthrough)
branch  2 taken 0 (throw)
        -:  726:#if defined(KAGE_SYNC_ENABLE_TRACING) && defined(KAGE_SYNC_TRACE_PACKET_LOGS)
        -:  727:        if (client_id_ == invalid_client_id) {
        -:  728:            const SyncSettings& settings = registry.get<SyncSettings>();
        -:  729:            if (settings.local_client != invalid_client_id) {
        -:  730:                client_id_ = settings.local_client;
        -:  731:            }
        -:  732:        }
        -:  733:        current_packet_cue_summaries_.clear();
        -:  734:#endif
     1323:  735:        acknowledge_input_frame(input_ack_frame);
call    0 returned 1323
branch  1 taken 1323 (fallthrough)
branch  2 taken 0 (throw)
     1323:  736:        const bool applied = apply_update(registry, packet, packet_id, frame, record_count);
call    0 returned 1320
branch  1 taken 1319 (fallthrough)
branch  2 taken 1 (throw)
        -:  737:#if defined(KAGE_SYNC_ENABLE_TRACING) && defined(KAGE_SYNC_TRACE_PACKET_LOGS)
        -:  738:        trace_incoming_update_packet(clock_.receive_frame(), frame, packet_id, input_ack_frame, record_count);
        -:  739:#endif
     1319:  740:        if (applied) {
branch  0 taken 1259 (fallthrough)
branch  1 taken 60
     1259:  741:            connection_state_ = ReplicationClientConnectionState::Ready;
     1259:  742:            last_server_update_frame_ = frame;
     1259:  743:            last_server_update_receive_frame_ = clock_.continuous_receive_frame();
call    0 returned 1259
     1259:  744:            has_received_server_update_ = true;
     1259:  745:            if (clock_.bootstrap_from_server_update(frame)) {
call    0 returned 1259
branch  1 taken 6 (fallthrough)
branch  2 taken 1253
        6:  746:                const SyncSettings& settings = registry.get<SyncSettings>();
call    0 returned 6
branch  1 taken 6 (fallthrough)
branch  2 taken 0 (throw)
        6:  747:                (void)fill_input_frames_through(registry, settings, clock_.input_frame());
call    0 returned 6
call    1 returned 6
branch  2 taken 6 (fallthrough)
branch  3 taken 0 (throw)
        -:  748:            }
     1259:  749:            record_server_packet_sequence(packet_id);
call    0 returned 1259
     1259:  750:            const SyncFrame decision_last_recorded_input_frame = input_->last_recorded_frame();
call    0 returned 1259
call    1 returned 1259
        -:  751:            SyncFrame prefill_input_frame =
     1259:  752:                clock_.record_server_update(
call    0 returned 1259
call    1 returned 1259
call    2 returned 1259
call    3 returned 1259
        -:  753:                    frame,
        -:  754:                    clock_.continuous_receive_frame(),
        -:  755:                    clock_.continuous_playback_frame(),
        -:  756:                    clock_.continuous_input_frame(),
     1259:  757:                    has_buffered_entities(),
call    0 returned 1259
        -:  758:                    decision_last_recorded_input_frame);
        -:  759:#ifdef KAGE_SYNC_ENABLE_TRACING
        -:  760:            const bool clock_requested_prefill = prefill_input_frame != 0U;
        -:  761:#endif
     1259:  762:            if (prefill_input_frame != 0U) {
branch  0 taken 3 (fallthrough)
branch  1 taken 1256
        3:  763:                active_prediction_snap_lead_frames_ = clock_.stats().target_prediction_lead_frames;
call    0 returned 3
     1256:  764:            } else if (active_prediction_snap_lead_frames_ != 0U) {
branch  0 taken 17 (fallthrough)
branch  1 taken 1239
       17:  765:                if (clock_.stats().target_prediction_lead_frames < active_prediction_snap_lead_frames_) {
call    0 returned 17
branch  1 taken 2 (fallthrough)
branch  2 taken 15
        2:  766:                    active_prediction_snap_lead_frames_ = 0;
       15:  767:                } else if (clock_.stats().current_prediction_lead_frames < active_prediction_snap_lead_frames_) {
call    0 returned 15
branch  1 taken 3 (fallthrough)
branch  2 taken 12
        3:  768:                    prefill_input_frame = frame + active_prediction_snap_lead_frames_;
        -:  769:                }
        -:  770:            }
        -:  771:#ifdef KAGE_SYNC_ENABLE_TRACING
        -:  772:            trace_clock_skew(
        -:  773:                clock_requested_prefill ? "clock_requested_prefill" :
        -:  774:                    (prefill_input_frame != 0U ? "active_snap_topup" : "no_prefill"),
        -:  775:                clock_.receive_frame(),
        -:  776:                frame,
        -:  777:                clock_.receive_frame(),
        -:  778:                clock_.playback_frame(),
        -:  779:                decision_last_recorded_input_frame,
        -:  780:                prefill_input_frame);
        -:  781:#endif
     1259:  782:            if (prefill_input_frame > input_->last_recorded_frame()) {
call    0 returned 1259
call    1 returned 1259
branch  2 taken 6 (fallthrough)
branch  3 taken 1253
        6:  783:                const SyncSettings& settings = registry.get<SyncSettings>();
call    0 returned 6
branch  1 taken 6 (fallthrough)
branch  2 taken 0 (throw)
        6:  784:                (void)fill_input_frames_through(registry, settings, prefill_input_frame);
call    0 returned 6
branch  1 taken 6 (fallthrough)
branch  2 taken 0 (throw)
        6:  785:                if (prefill_input_frame > pending_prediction_catchup_frame_) {
branch  0 taken 6 (fallthrough)
branch  1 taken 0
        6:  786:                    pending_prediction_catchup_frame_ = prefill_input_frame;
        6:  787:                    pending_prediction_catchup_server_frame_ = frame;
        -:  788:                }
        6:  789:                if (!has_predicted_entities()) {
call    0 returned 6
branch  1 taken 6 (fallthrough)
branch  2 taken 0
        6:  790:                    clock_.advance_input_frame_to(prefill_input_frame);
call    0 returned 6
        6:  791:                    clock_.record_prediction_lead(frame, prefill_input_frame);
call    0 returned 6
        -:  792:                } else {
    #####:  793:                    clock_.record_prediction_lead(frame, prefill_input_frame);
call    0 never executed
        -:  794:                }
        -:  795:#ifdef KAGE_SYNC_ENABLE_TRACING
        -:  796:                trace_clock_skew(
        -:  797:                    "prefill_applied",
        -:  798:                    clock_.receive_frame(),
        -:  799:                    frame,
        -:  800:                    clock_.receive_frame(),
        -:  801:                    clock_.playback_frame(),
        -:  802:                    decision_last_recorded_input_frame,
        -:  803:                    prefill_input_frame);
        -:  804:#endif
        -:  805:            }
        -:  806:        }
     1319:  807:        return applied;
        2:  808:    } catch (const std::out_of_range&) {
branch  0 taken 0 (fallthrough)
branch  1 taken 2
call    2 returned 2
        2:  809:        return false;
        2:  810:    }
        -:  811:}
        -:  812:
function _ZN4kage4sync17ReplicationClient7receiveERN3ecs8RegistryENS2_9BitBufferEj called 605 returned 100% blocks executed 80%
      605:  813:bool ReplicationClient::receive(ecs::Registry& registry, ecs::BitBuffer packet, SyncFrame client_frame) {
      605:  814:    return receive(registry, std::move(packet), client_frame, client_frame);
call    0 returned 605
call    1 returned 605
call    2 returned 605
branch  3 taken 605 (fallthrough)
branch  4 taken 0 (throw)
call    5 returned 605
call    6 never executed
        -:  815:}
        -:  816:
function _ZN4kage4sync17ReplicationClient7receiveERN3ecs8RegistryENS2_9BitBufferEjj called 760 returned 100% blocks executed 88%
      760:  817:bool ReplicationClient::receive(
        -:  818:    ecs::Registry& registry,
        -:  819:    ecs::BitBuffer packet,
        -:  820:    SyncFrame receive_frame,
        -:  821:    SyncFrame playback_frame) {
        -:  822:    try {
      760:  823:        clock_.advance_receive_frame_to(receive_frame);
call    0 returned 760
      760:  824:        if (packet.remaining_bits() < 8U) {
call    0 returned 760
branch  1 taken 0 (fallthrough)
branch  2 taken 760
    #####:  825:            return false;
        -:  826:        }
      760:  827:        const auto message = static_cast<std::uint8_t>(packet.read_bits(8U));
call    0 returned 760
branch  1 taken 760 (fallthrough)
branch  2 taken 0 (throw)
      760:  828:        if (message == protocol::server_connect_response_message) {
branch  0 taken 0 (fallthrough)
branch  1 taken 760
    #####:  829:            return receive_connect_response(registry, packet);
call    0 never executed
branch  1 never executed (fallthrough)
branch  2 never executed (throw)
        -:  830:        }
      760:  831:        if (message == protocol::server_pong_message) {
branch  0 taken 29 (fallthrough)
branch  1 taken 731
       29:  832:            return receive_pong(registry, packet, receive_frame);
call    0 returned 29
branch  1 taken 29 (fallthrough)
branch  2 taken 0 (throw)
        -:  833:        }
      731:  834:        if (message != protocol::server_update_message) {
branch  0 taken 0 (fallthrough)
branch  1 taken 731
    #####:  835:            return false;
        -:  836:        }
      731:  837:        const auto frame = static_cast<SyncFrame>(packet.read_bits(32U));
call    0 returned 731
branch  1 taken 731 (fallthrough)
branch  2 taken 0 (throw)
      731:  838:        const auto packet_id = static_cast<std::uint32_t>(packet.read_bits(configured_packet_id_bits(options_)));
call    0 returned 731
call    1 returned 731
branch  2 taken 730 (fallthrough)
branch  3 taken 1 (throw)
      730:  839:        const auto input_ack_frame = static_cast<SyncFrame>(packet.read_bits(32U));
call    0 returned 730
branch  1 taken 730 (fallthrough)
branch  2 taken 0 (throw)
      730:  840:        const auto record_count = static_cast<std::uint16_t>(packet.read_bits(16U));
call    0 returned 730
branch  1 taken 730 (fallthrough)
branch  2 taken 0 (throw)
        -:  841:#if defined(KAGE_SYNC_ENABLE_TRACING) && defined(KAGE_SYNC_TRACE_PACKET_LOGS)
        -:  842:        if (client_id_ == invalid_client_id) {
        -:  843:            const SyncSettings& settings = registry.get<SyncSettings>();
        -:  844:            if (settings.local_client != invalid_client_id) {
        -:  845:                client_id_ = settings.local_client;
        -:  846:            }
        -:  847:        }
        -:  848:        current_packet_cue_summaries_.clear();
        -:  849:#endif
      730:  850:        acknowledge_input_frame(input_ack_frame);
call    0 returned 730
branch  1 taken 730 (fallthrough)
branch  2 taken 0 (throw)
      730:  851:        const bool applied = apply_update(registry, packet, packet_id, frame, record_count);
call    0 returned 730
branch  1 taken 730 (fallthrough)
branch  2 taken 0 (throw)
        -:  852:#if defined(KAGE_SYNC_ENABLE_TRACING) && defined(KAGE_SYNC_TRACE_PACKET_LOGS)
        -:  853:        trace_incoming_update_packet(receive_frame, frame, packet_id, input_ack_frame, record_count);
        -:  854:#endif
      730:  855:        if (applied) {
branch  0 taken 719 (fallthrough)
branch  1 taken 11
      719:  856:            connection_state_ = ReplicationClientConnectionState::Ready;
      719:  857:            last_server_update_frame_ = frame;
      719:  858:            last_server_update_receive_frame_ = static_cast<double>(receive_frame);
      719:  859:            has_received_server_update_ = true;
      719:  860:            if (clock_.bootstrap_from_server_update(frame)) {
call    0 returned 719
branch  1 taken 3 (fallthrough)
branch  2 taken 716
        3:  861:                const SyncSettings& settings = registry.get<SyncSettings>();
call    0 returned 3
branch  1 taken 3 (fallthrough)
branch  2 taken 0 (throw)
        3:  862:                (void)fill_input_frames_through(registry, settings, clock_.input_frame());
call    0 returned 3
call    1 returned 3
branch  2 taken 3 (fallthrough)
branch  3 taken 0 (throw)
        -:  863:            }
      719:  864:            record_server_packet_sequence(packet_id);
call    0 returned 719
      719:  865:            const SyncFrame decision_last_recorded_input_frame = input_->last_recorded_frame();
call    0 returned 719
call    1 returned 719
      719:  866:            SyncFrame prefill_input_frame = clock_.record_server_update(
call    0 returned 719
        -:  867:                frame,
        -:  868:                static_cast<double>(receive_frame),
        -:  869:                static_cast<double>(playback_frame),
        -:  870:                static_cast<double>(decision_last_recorded_input_frame),
      719:  871:                has_buffered_entities());
call    0 returned 719
        -:  872:#ifdef KAGE_SYNC_ENABLE_TRACING
        -:  873:            const bool clock_requested_prefill = prefill_input_frame != 0U;
        -:  874:#endif
      719:  875:            if (prefill_input_frame != 0U) {
branch  0 taken 12 (fallthrough)
branch  1 taken 707
       12:  876:                active_prediction_snap_lead_frames_ = clock_.stats().target_prediction_lead_frames;
call    0 returned 12
      707:  877:            } else if (active_prediction_snap_lead_frames_ != 0U) {
branch  0 taken 107 (fallthrough)
branch  1 taken 600
      107:  878:                if (clock_.stats().target_prediction_lead_frames < active_prediction_snap_lead_frames_) {
call    0 returned 107
branch  1 taken 0 (fallthrough)
branch  2 taken 107
    #####:  879:                    active_prediction_snap_lead_frames_ = 0;
      107:  880:                } else if (clock_.stats().current_prediction_lead_frames < active_prediction_snap_lead_frames_) {
call    0 returned 107
branch  1 taken 107 (fallthrough)
branch  2 taken 0
      107:  881:                    prefill_input_frame = frame + active_prediction_snap_lead_frames_;
        -:  882:                }
        -:  883:            }
        -:  884:#ifdef KAGE_SYNC_ENABLE_TRACING
        -:  885:            trace_clock_skew(
        -:  886:                clock_requested_prefill ? "clock_requested_prefill" :
        -:  887:                    (prefill_input_frame != 0U ? "active_snap_topup" : "no_prefill"),
        -:  888:                receive_frame,
        -:  889:                frame,
        -:  890:                receive_frame,
        -:  891:                playback_frame,
        -:  892:                decision_last_recorded_input_frame,
        -:  893:                prefill_input_frame);
        -:  894:#endif
      719:  895:            if (prefill_input_frame > input_->last_recorded_frame()) {
call    0 returned 719
call    1 returned 719
branch  2 taken 119 (fallthrough)
branch  3 taken 600
      119:  896:                const SyncSettings& settings = registry.get<SyncSettings>();
call    0 returned 119
branch  1 taken 119 (fallthrough)
branch  2 taken 0 (throw)
      119:  897:                (void)fill_input_frames_through(registry, settings, prefill_input_frame);
call    0 returned 119
branch  1 taken 119 (fallthrough)
branch  2 taken 0 (throw)
      119:  898:                if (prefill_input_frame > pending_prediction_catchup_frame_) {
branch  0 taken 70 (fallthrough)
branch  1 taken 49
       70:  899:                    pending_prediction_catchup_frame_ = prefill_input_frame;
       70:  900:                    pending_prediction_catchup_server_frame_ = frame;
        -:  901:                }
      119:  902:                if (!has_predicted_entities()) {
call    0 returned 119
branch  1 taken 119 (fallthrough)
branch  2 taken 0
      119:  903:                    clock_.advance_input_frame_to(prefill_input_frame);
call    0 returned 119
      119:  904:                    clock_.record_prediction_lead(frame, prefill_input_frame);
call    0 returned 119
        -:  905:                } else {
    #####:  906:                    clock_.record_prediction_lead(frame, prefill_input_frame);
call    0 never executed
        -:  907:                }
        -:  908:#ifdef KAGE_SYNC_ENABLE_TRACING
        -:  909:                trace_clock_skew(
        -:  910:                    "prefill_applied",
        -:  911:                    receive_frame,
        -:  912:                    frame,
        -:  913:                    receive_frame,
        -:  914:                    playback_frame,
        -:  915:                    decision_last_recorded_input_frame,
        -:  916:                    prefill_input_frame);
        -:  917:#endif
        -:  918:            }
        -:  919:        }
      730:  920:        return applied;
        1:  921:    } catch (const std::out_of_range&) {
branch  0 taken 0 (fallthrough)
branch  1 taken 1
call    2 returned 1
        1:  922:        return false;
        1:  923:    }
        -:  924:}
        -:  925:
        -:  926:#ifdef KAGE_SYNC_ENABLE_TRACING
        -:  927:void ReplicationClient::set_tracer(SyncTracer* tracer) noexcept {
        -:  928:    trace_writer_.reset();
        -:  929:    tracer_ = tracer;
        -:  930:}
        -:  931:
        -:  932:void ReplicationClient::set_trace_options(TraceOptions options) {
        -:  933:    options_.trace = std::move(options);
        -:  934:    trace_writer_ = make_trace_writer(options_.trace);
        -:  935:    tracer_ = trace_writer_ != nullptr ? &trace_writer_->tracer() : nullptr;
        -:  936:}
        -:  937:
        -:  938:void ReplicationClient::flush_trace() {
        -:  939:    if (trace_writer_ != nullptr) {
        -:  940:        trace_writer_->flush();
        -:  941:    }
        -:  942:}
        -:  943:
        -:  944:void ReplicationClient::close_trace() {
        -:  945:    if (trace_writer_ != nullptr) {
        -:  946:        trace_writer_->close();
        -:  947:    }
        -:  948:}
        -:  949:#endif
        -:  950:
function _ZN4kage4sync17ReplicationClient23set_default_entity_modeENS0_21ReplicationClientModeE called 6 returned 100% blocks executed 100%
        6:  951:bool ReplicationClient::set_default_entity_mode(ReplicationClientMode mode) noexcept {
        6:  952:    options_.default_entity_mode = mode;
        6:  953:    return true;
        -:  954:}
        -:  955:
function _ZN4kage4sync17ReplicationClient15set_entity_modeERN3ecs8RegistryEmNS0_21ReplicationClientModeE called 832 returned 49% blocks executed 81%
      832:  956:void ReplicationClient::set_entity_mode(
        -:  957:    ecs::Registry& registry,
        -:  958:    ClientEntityNetworkId network_id,
        -:  959:    ReplicationClientMode mode) {
      832:  960:    EntityState* state = find_entity_state(network_id);
call    0 returned 832
      832:  961:    if (state == nullptr) {
branch  0 taken 423 (fallthrough)
branch  1 taken 409
[...]
    96169: 4255:void ReplicationClient::remember_baseline(EntityState& state) {
    96169: 4256:    if (state.history.size() != max_baseline_history_per_entity) {
call    0 returned 96169
branch  1 taken 1062 (fallthrough)
branch  2 taken 95107
     1062: 4257:        state.history.clear();
call    0 returned 1062
     1062: 4258:        state.history.resize(max_baseline_history_per_entity);
call    0 returned 1062
     1062: 4259:        state.history_next = 0;
        -: 4260:    }
        -: 4261:
    96169: 4262:    client_detail::EntityFrameBaseline& baseline = state.history[state.frame & (max_baseline_history_per_entity - 1U)];
call    0 returned 96169
    96169: 4263:    baseline.frame = state.frame;
    96169: 4264:    baseline.valid = true;
    96169: 4265:    baseline.baseline = state.baseline;
call    0 returned 96169
    96169: 4266:}
        -: 4267:
function _ZN4kage4sync17ReplicationClient9queue_ackEj called 1978 returned 100% blocks executed 100%
     1978: 4268:void ReplicationClient::queue_ack(std::uint32_t packet_id) {
     1978: 4269:    ack_queue_->push(packet_id);
call    0 returned 1978
call    1 returned 1978
     1978: 4270:}
        -: 4271:
function _ZN4kage4sync17ReplicationClient29record_server_packet_sequenceEj called 1978 returned 100% blocks executed 100%
     1978: 4272:void ReplicationClient::record_server_packet_sequence(std::uint32_t packet_id) noexcept {
     1978: 4273:    client_detail::record_packet_window(
call    0 returned 1978
        -: 4274:        packet_id,
        -: 4275:        options_.protocol.max_pending_packet_acks_per_client,
        -: 4276:        clock_.mutable_stats(),
     1978: 4277:        highest_server_update_packet_id_,
     1978: 4278:        server_update_packet_window_mask_,
     1978: 4279:        server_update_packet_window_span_,
     1978: 4280:        has_server_update_packet_window_);
call    0 returned 1978
     1978: 4281:}
        -: 4282:
function _ZN4kage4sync17ReplicationClient24receive_connect_responseERN3ecs8RegistryERNS2_9BitBufferE called 16 returned 100% blocks executed 89%
       16: 4283:bool ReplicationClient::receive_connect_response(ecs::Registry& registry, ecs::BitBuffer& packet) {
       16: 4284:    if (packet.remaining_bits() < 1U) {
call    0 returned 16
branch  1 taken 0 (fallthrough)
branch  2 taken 16
    #####: 4285:        return false;
        -: 4286:    }
       16: 4287:    const bool accepted = packet.read_bool();
call    0 returned 16
branch  1 taken 16 (fallthrough)
branch  2 taken 0 (throw)
       16: 4288:    if (accepted) {
branch  0 taken 14 (fallthrough)
branch  1 taken 2
       14: 4289:        if (packet.remaining_bits() < 64U) {
call    0 returned 14
branch  1 taken 1 (fallthrough)
branch  2 taken 13
        1: 4290:            return false;
        -: 4291:        }
       13: 4292:        client_id_ = static_cast<ClientId>(packet.read_unsigned_bits(64U));
call    0 returned 13
branch  1 taken 13 (fallthrough)
branch  2 taken 0 (throw)
       13: 4293:        if (client_id_ == invalid_client_id || client_id_ > max_client_entity_network_id_client) {
branch  0 taken 13 (fallthrough)
branch  1 taken 0
branch  2 taken 2 (fallthrough)
branch  3 taken 11
        2: 4294:            client_id_ = invalid_client_id;
        2: 4295:            return false;
        -: 4296:        }
       11: 4297:        connect_error_.clear();
call    0 returned 11
       11: 4298:        connection_state_ = ReplicationClientConnectionState::Accepted;
       11: 4299:        connect_resend_accumulator_seconds_ = options_.connect_resend_interval_seconds;
       11: 4300:        configure_client(registry, client_id_);
call    0 returned 11
branch  1 taken 11 (fallthrough)
branch  2 taken 0 (throw)
        -: 4301:#ifdef KAGE_SYNC_ENABLE_TRACING
        -: 4302:        if (tracer_ != nullptr && tracer_->enabled()) {
        -: 4303:            SyncTraceEvent event = make_client_trace_event(SyncTraceEventType::ClientConnected, client_id_, clock_.receive_frame());
        -: 4304:            tracer_->trace(event);
        -: 4305:        }
        -: 4306:#endif
       11: 4307:        return true;
        -: 4308:    }
        -: 4309:
        2: 4310:    std::string error;
call    0 returned 2
        2: 4311:    if (!protocol::read_string(packet, error)) {
call    0 returned 2
branch  1 taken 2 (fallthrough)
branch  2 taken 0 (throw)
branch  3 taken 1 (fallthrough)
branch  4 taken 1
        1: 4312:        return false;
        -: 4313:    }
        1: 4314:    client_id_ = invalid_client_id;
        1: 4315:    connect_error_ = std::move(error);
call    0 returned 1
call    1 returned 1
        1: 4316:    connection_state_ = ReplicationClientConnectionState::Rejected;
        -: 4317:#ifdef KAGE_SYNC_ENABLE_TRACING
        -: 4318:    if (tracer_ != nullptr && tracer_->enabled()) {
        -: 4319:        SyncTraceEvent event = make_client_trace_event(SyncTraceEventType::ClientDisconnected, invalid_client_id, clock_.receive_frame());
        -: 4320:        event.data = connect_error_;
        -: 4321:        tracer_->trace(event);
        -: 4322:    }
        -: 4323:#endif
        1: 4324:    return true;
        2: 4325:}
call    0 returned 2
call    1 never executed
        -: 4326:
function _ZN4kage4sync17ReplicationClient12receive_pongERN3ecs8RegistryERNS2_9BitBufferEj called 60 returned 100% blocks executed 94%
       60: 4327:bool ReplicationClient::receive_pong(ecs::Registry& registry, ecs::BitBuffer& packet, SyncFrame receive_frame) {
       60: 4328:    if (packet.remaining_bits() < 64U) {
call    0 returned 60
branch  1 taken 0 (fallthrough)
branch  2 taken 60
    #####: 4329:        return false;
        -: 4330:    }
       60: 4331:    const auto sequence = static_cast<std::uint32_t>(packet.read_bits(32U));
call    0 returned 60
branch  1 taken 60 (fallthrough)
branch  2 taken 0 (throw)
       60: 4332:    const auto send_frame = static_cast<SyncFrame>(packet.read_bits(32U));
call    0 returned 60
branch  1 taken 60 (fallthrough)
branch  2 taken 0 (throw)
       60: 4333:    std::uint16_t send_subframe = 0;
       60: 4334:    if (packet.remaining_bits() >= protocol::frame_subframe_bits) {
call    0 returned 60
branch  1 taken 40 (fallthrough)
branch  2 taken 20
       40: 4335:        send_subframe = static_cast<std::uint16_t>(packet.read_bits(protocol::frame_subframe_bits));
call    0 returned 40
branch  1 taken 40 (fallthrough)
branch  2 taken 0 (throw)
        -: 4336:    }
       60: 4337:    SyncFrame server_frame = 0;
       60: 4338:    std::uint16_t server_subframe = 0;
       60: 4339:    if (packet.remaining_bits() >= 32U + protocol::frame_subframe_bits) {
call    0 returned 60
branch  1 taken 40 (fallthrough)
branch  2 taken 20
       40: 4340:        server_frame = static_cast<SyncFrame>(packet.read_bits(32U));
call    0 returned 40
branch  1 taken 40 (fallthrough)
branch  2 taken 0 (throw)
       40: 4341:        server_subframe = static_cast<std::uint16_t>(packet.read_bits(protocol::frame_subframe_bits));
call    0 returned 40
branch  1 taken 40 (fallthrough)
branch  2 taken 0 (throw)
        -: 4342:    }
       60: 4343:    const auto found = pending_pings_.find(sequence);
call    0 returned 60
branch  1 taken 60 (fallthrough)
branch  2 taken 0 (throw)
       60: 4344:    if (found == pending_pings_.end() ||
call    0 returned 60
call    1 returned 60
       60: 4345:        found->second.frame != send_frame ||
call    0 returned 60
branch  1 taken 60 (fallthrough)
branch  2 taken 0
     120*: 4346:        found->second.subframe != send_subframe ||
branch  0 taken 60 (fallthrough)
branch  1 taken 0
call    2 returned 60
branch  3 taken 60 (fallthrough)
branch  4 taken 0
branch  5 taken 0 (fallthrough)
branch  6 taken 60
branch  7 taken 0 (fallthrough)
branch  8 taken 60
        -: 4347:        receive_frame < send_frame) {
    #####: 4348:        return false;
        -: 4349:    }
       60: 4350:    pending_pings_.erase(found);
call    0 returned 60
branch  1 taken 60 (fallthrough)
branch  2 taken 0 (throw)
        -: 4351:    (void)server_frame;
        -: 4352:    (void)server_subframe;
       60: 4353:    const double sent_continuous_frame = decode_continuous_frame(send_frame, send_subframe);
call    0 returned 60
       60: 4354:    const double received_continuous_frame = receive_frame == clock_.receive_frame()
call    0 returned 60
       60: 4355:        ? clock_.continuous_receive_frame()
branch  0 taken 59 (fallthrough)
branch  1 taken 1
call    2 returned 59
       60: 4356:        : static_cast<double>(receive_frame);
       60: 4357:    const float sample = static_cast<float>((received_continuous_frame - sent_continuous_frame) * 0.5);
       60: 4358:    if (options_.adaptive_ping_interval) {
branch  0 taken 60 (fallthrough)
branch  1 taken 0
       60: 4359:        if (clock_.stats().sample_count == 0U) {
call    0 returned 60
branch  1 taken 35 (fallthrough)
branch  2 taken 25
       35: 4360:            stable_ping_samples_ = 1U;
        -: 4361:        } else {
       25: 4362:            const float delta = std::fabs(sample - clock_.stats().latency_frames);
call    0 returned 25
call    1 returned 25
       25: 4363:            if (delta >= options_.adaptive_ping_jump_threshold_frames) {
branch  0 taken 2 (fallthrough)
branch  1 taken 23
        2: 4364:                adaptive_ping_active_ = true;
        2: 4365:                stable_ping_samples_ = 0U;
       23: 4366:            } else if (delta <= options_.adaptive_ping_stable_threshold_frames) {
branch  0 taken 23 (fallthrough)
branch  1 taken 0
       23: 4367:                ++stable_ping_samples_;
       23: 4368:                if (stable_ping_samples_ >= options_.adaptive_ping_stable_samples) {
branch  0 taken 12 (fallthrough)
branch  1 taken 11
       12: 4369:                    adaptive_ping_active_ = false;
        -: 4370:                }
        -: 4371:            } else {
    #####: 4372:                stable_ping_samples_ = 0U;
        -: 4373:            }
        -: 4374:        }
        -: 4375:    }
       60: 4376:    const ReplicationClientTimingStats before = clock_.stats();
call    0 returned 60
       60: 4377:    clock_.record_continuous_pong(sent_continuous_frame, received_continuous_frame);
call    0 returned 60
       60: 4378:    const ReplicationClientTimingStats& after = clock_.stats();
call    0 returned 60
       60: 4379:    if (options_.auto_timing_fast_recovery &&
branch  0 taken 59 (fallthrough)
branch  1 taken 1
       59: 4380:        options_.auto_prediction_lead_frames &&
branch  0 taken 38 (fallthrough)
branch  1 taken 21
       38: 4381:        has_received_server_update_ &&
branch  0 taken 8 (fallthrough)
branch  1 taken 30
        8: 4382:        after.target_prediction_lead_frames > before.current_prediction_lead_frames &&
branch  0 taken 4 (fallthrough)
branch  1 taken 4
        4: 4383:        after.target_prediction_lead_frames - before.current_prediction_lead_frames >=
        4: 4384:            options_.auto_timing_fast_recovery_min_frame_gap) {
branch  0 taken 2 (fallthrough)
branch  1 taken 2
        2: 4385:        const SyncFrame prefill_input_frame = last_server_update_frame_ + after.target_prediction_lead_frames;
        -: 4386:#ifdef KAGE_SYNC_ENABLE_TRACING
        -: 4387:        trace_clock_skew(
        -: 4388:            "pong_requested_prefill",
        -: 4389:            receive_frame,
        -: 4390:            last_server_update_frame_,
        -: 4391:            receive_frame,
        -: 4392:            clock_.playback_frame(),
        -: 4393:            input_->last_recorded_frame(),
        -: 4394:            prefill_input_frame);
        -: 4395:#endif
        2: 4396:        if (prefill_input_frame > input_->last_recorded_frame()) {
call    0 returned 2
call    1 returned 2
branch  2 taken 2 (fallthrough)
branch  3 taken 0
        2: 4397:            const SyncSettings& settings = registry.get<SyncSettings>();
call    0 returned 2
branch  1 taken 2 (fallthrough)
branch  2 taken 0 (throw)
        2: 4398:            (void)fill_input_frames_through(registry, settings, prefill_input_frame);
call    0 returned 2
branch  1 taken 2 (fallthrough)
branch  2 taken 0 (throw)
        2: 4399:            active_prediction_snap_lead_frames_ = after.target_prediction_lead_frames;
        2: 4400:            if (prefill_input_frame > pending_prediction_catchup_frame_) {
branch  0 taken 2 (fallthrough)
branch  1 taken 0
        2: 4401:                pending_prediction_catchup_frame_ = prefill_input_frame;
        2: 4402:                pending_prediction_catchup_server_frame_ = last_server_update_frame_;
        -: 4403:            }
        2: 4404:            if (!has_predicted_entities()) {
call    0 returned 2
branch  1 taken 2 (fallthrough)
branch  2 taken 0
        2: 4405:                clock_.advance_input_frame_to(prefill_input_frame);
call    0 returned 2
        -: 4406:            }
        2: 4407:            clock_.record_prediction_lead(last_server_update_frame_, prefill_input_frame);
call    0 returned 2
        -: 4408:#ifdef KAGE_SYNC_ENABLE_TRACING
        -: 4409:            trace_clock_skew(
        -: 4410:                "pong_prefill_applied",
        -: 4411:                receive_frame,
        -: 4412:                last_server_update_frame_,
        -: 4413:                receive_frame,
        -: 4414:                clock_.playback_frame(),
        -: 4415:                input_->last_recorded_frame(),
        -: 4416:                prefill_input_frame);
        -: 4417:#endif
        -: 4418:        }
        -: 4419:    }
       60: 4420:    return true;
        -: 4421:}
        -: 4422:
function _ZN4kage4sync17ReplicationClient21drain_connect_packetsERSt6vectorIN3ecs9BitBufferESaIS4_EE called 1892 returned 100% blocks executed 85%
     1892: 4423:void ReplicationClient::drain_connect_packets(std::vector<ecs::BitBuffer>& packets) {
     1892: 4424:    if (connection_state_ == ReplicationClientConnectionState::Connecting) {
branch  0 taken 39 (fallthrough)
branch  1 taken 1853
       39: 4425:        if (sent_initial_connect_request_ &&
branch  0 taken 31 (fallthrough)
branch  1 taken 8
       31: 4426:            connect_resend_accumulator_seconds_ < options_.connect_resend_interval_seconds) {
branch  0 taken 30 (fallthrough)
branch  1 taken 1
       30: 4427:            return;
        -: 4428:        }
        -: 4429:
        9: 4430:        ecs::BitBuffer packet;
call    0 returned 9
        9: 4431:        packet.reserve_bytes(options_.mtu_bytes);
call    0 returned 9
branch  1 taken 9 (fallthrough)
branch  2 taken 0 (throw)
        9: 4432:        packet.push_bits(protocol::client_connect_request_message, 8U);
call    0 returned 9
branch  1 taken 9 (fallthrough)
branch  2 taken 0 (throw)
        9: 4433:        protocol::write_string(packet, options_.connect_token);
call    0 returned 9
branch  1 taken 9 (fallthrough)
branch  2 taken 0 (throw)
        9: 4434:        if (packet.byte_size() <= options_.mtu_bytes) {
call    0 returned 9
branch  1 taken 9 (fallthrough)
branch  2 taken 0
        9: 4435:            packets.push_back(std::move(packet));
call    0 returned 9
call    1 returned 9
branch  2 taken 9 (fallthrough)
branch  3 taken 0 (throw)
        9: 4436:            sent_initial_connect_request_ = true;
        9: 4437:            connect_resend_accumulator_seconds_ = 0.0;
        -: 4438:        }
        9: 4439:        return;
        9: 4440:    }
call    0 returned 9
call    1 never executed
        -: 4441:
     1853: 4442:    if (connection_state_ == ReplicationClientConnectionState::Accepted && client_id_ != invalid_client_id) {
branch  0 taken 26 (fallthrough)
branch  1 taken 1827
branch  2 taken 26 (fallthrough)
branch  3 taken 0
       26: 4443:        if (connect_resend_accumulator_seconds_ < options_.connect_resend_interval_seconds) {
branch  0 taken 16 (fallthrough)
branch  1 taken 10
       16: 4444:            return;
        -: 4445:        }
        -: 4446:
       10: 4447:        ecs::BitBuffer packet;
call    0 returned 10
       10: 4448:        packet.reserve_bytes(options_.mtu_bytes);
call    0 returned 10
branch  1 taken 10 (fallthrough)
branch  2 taken 0 (throw)
       10: 4449:        packet.push_bits(protocol::client_connect_ack_message, 8U);
call    0 returned 10
branch  1 taken 10 (fallthrough)
branch  2 taken 0 (throw)
       10: 4450:        packet.push_unsigned_bits(client_id_, 64U);
call    0 returned 10
branch  1 taken 10 (fallthrough)
branch  2 taken 0 (throw)
       10: 4451:        packets.push_back(std::move(packet));
call    0 returned 10
call    1 returned 10
branch  2 taken 10 (fallthrough)
branch  3 taken 0 (throw)
       10: 4452:        connect_resend_accumulator_seconds_ = 0.0;
       10: 4453:    }
call    0 returned 10
call    1 never executed
        -: 4454:}
        -: 4455:
function _ZN4kage4sync17ReplicationClient18drain_ping_packetsERSt6vectorIN3ecs9BitBufferESaIS4_EE called 1892 returned 100% blocks executed 90%
     1892: 4456:void ReplicationClient::drain_ping_packets(std::vector<ecs::BitBuffer>& packets) {
     1892: 4457:    if (connection_state_ != ReplicationClientConnectionState::Accepted &&
branch  0 taken 1866 (fallthrough)
branch  1 taken 26
     1866: 4458:        connection_state_ != ReplicationClientConnectionState::Ready) {
branch  0 taken 39 (fallthrough)
branch  1 taken 1827
     1812: 4459:        return;
        -: 4460:    }
     1853: 4461:    const double interval_seconds =
     1850: 4462:        options_.adaptive_ping_interval && adaptive_ping_active_
branch  0 taken 468 (fallthrough)
branch  1 taken 1382
     3703: 4463:            ? options_.adaptive_ping_interval_seconds
branch  0 taken 1850 (fallthrough)
branch  1 taken 3
        -: 4464:            : options_.ping_interval_seconds;
     1853: 4465:    if (sent_initial_ping_ && ping_accumulator_seconds_ < interval_seconds) {
branch  0 taken 1804 (fallthrough)
branch  1 taken 49
branch  2 taken 1773 (fallthrough)
branch  3 taken 31
     1773: 4466:        return;
        -: 4467:    }
        -: 4468:
       80: 4469:    const std::uint32_t sequence = next_ping_sequence_++;
       80: 4470:    const SyncFrame send_frame = clock_.receive_frame();
call    0 returned 80
       80: 4471:    const std::uint16_t send_subframe = encode_subframe(clock_.receive_subframe());
call    0 returned 80
call    1 returned 80
       80: 4472:    pending_pings_[sequence] = PendingPing{send_frame, send_subframe};
call    0 returned 80
branch  1 taken 80 (fallthrough)
branch  2 taken 0 (throw)
        -: 4473:
       80: 4474:    ecs::BitBuffer packet;
call    0 returned 80
       80: 4475:    packet.reserve_bytes(options_.mtu_bytes);
call    0 returned 80
branch  1 taken 80 (fallthrough)
branch  2 taken 0 (throw)
       80: 4476:    packet.push_bits(protocol::client_ping_message, 8U);
call    0 returned 80
branch  1 taken 80 (fallthrough)
branch  2 taken 0 (throw)
       80: 4477:    packet.push_bits(sequence, 32U);
call    0 returned 80
branch  1 taken 80 (fallthrough)
branch  2 taken 0 (throw)
       80: 4478:    packet.push_bits(send_frame, 32U);
call    0 returned 80
branch  1 taken 80 (fallthrough)
branch  2 taken 0 (throw)
       80: 4479:    packet.push_bits(send_subframe, protocol::frame_subframe_bits);
call    0 returned 80
branch  1 taken 80 (fallthrough)
branch  2 taken 0 (throw)
       80: 4480:    packets.push_back(std::move(packet));
call    0 returned 80
call    1 returned 80
branch  2 taken 80 (fallthrough)
branch  3 taken 0 (throw)
       80: 4481:    sent_initial_ping_ = true;
       80: 4482:    ping_accumulator_seconds_ = 0.0;
       80: 4483:}
call    0 returned 80
call    1 never executed
        -: 4484:
        -: 4485:}  // namespace kage::sync
